{"C:/Users/2Chaos/test/md-editor/src/MarkdownEditor/index.tsx": {"path":"C:/Users/2Chaos/test/md-editor/src/MarkdownEditor/index.tsx","statementMap":{"0":{"start":{"line":238,"column":61},"end":{"line":411,"column":null}},"1":{"start":{"line":250,"column":6},"end":{"line":250,"column":null}},"2":{"start":{"line":252,"column":19},"end":{"line":259,"column":null}},"3":{"start":{"line":254,"column":6},"end":{"line":257,"column":null}},"4":{"start":{"line":262,"column":19},"end":{"line":290,"column":null}},"5":{"start":{"line":263,"column":16},"end":{"line":263,"column":null}},"6":{"start":{"line":264,"column":17},"end":{"line":264,"column":null}},"7":{"start":{"line":265,"column":4},"end":{"line":267,"column":null}},"8":{"start":{"line":266,"column":6},"end":{"line":266,"column":null}},"9":{"start":{"line":269,"column":6},"end":{"line":270,"column":null}},"10":{"start":{"line":272,"column":17},"end":{"line":277,"column":null}},"11":{"start":{"line":278,"column":4},"end":{"line":289,"column":null}},"12":{"start":{"line":281,"column":10},"end":{"line":281,"column":null}},"13":{"start":{"line":292,"column":2},"end":{"line":301,"column":null}},"14":{"start":{"line":293,"column":4},"end":{"line":295,"column":null}},"15":{"start":{"line":294,"column":6},"end":{"line":294,"column":null}},"16":{"start":{"line":296,"column":4},"end":{"line":300,"column":null}},"17":{"start":{"line":297,"column":6},"end":{"line":299,"column":null}},"18":{"start":{"line":298,"column":8},"end":{"line":298,"column":null}},"19":{"start":{"line":303,"column":2},"end":{"line":309,"column":null}},"20":{"start":{"line":304,"column":4},"end":{"line":304,"column":null}},"21":{"start":{"line":305,"column":4},"end":{"line":305,"column":null}},"22":{"start":{"line":306,"column":4},"end":{"line":308,"column":null}},"23":{"start":{"line":307,"column":6},"end":{"line":307,"column":null}},"24":{"start":{"line":311,"column":28},"end":{"line":311,"column":null}},"25":{"start":{"line":313,"column":2},"end":{"line":313,"column":null}},"26":{"start":{"line":316,"column":2},"end":{"line":316,"column":null}},"27":{"start":{"line":316,"column":39},"end":{"line":316,"column":49}},"28":{"start":{"line":319,"column":2},"end":{"line":322,"column":null}},"29":{"start":{"line":320,"column":4},"end":{"line":320,"column":null}},"30":{"start":{"line":321,"column":4},"end":{"line":321,"column":null}},"31":{"start":{"line":323,"column":18},"end":{"line":323,"column":null}},"32":{"start":{"line":324,"column":24},"end":{"line":324,"column":null}},"33":{"start":{"line":325,"column":30},"end":{"line":325,"column":null}},"34":{"start":{"line":326,"column":2},"end":{"line":410,"column":null}},"35":{"start":{"line":381,"column":12},"end":{"line":381,"column":null}},"36":{"start":{"line":381,"column":48},"end":{"line":381,"column":70}},"37":{"start":{"line":382,"column":12},"end":{"line":382,"column":null}}},"fnMap":{"0":{"name":"(anonymous_0)","decl":{"start":{"line":238,"column":61},"end":{"line":238,"column":62}},"loc":{"start":{"line":238,"column":72},"end":{"line":411,"column":null}}},"1":{"name":"(anonymous_1)","decl":{"start":{"line":253,"column":4},"end":{"line":253,"column":null}},"loc":{"start":{"line":254,"column":6},"end":{"line":257,"column":null}}},"2":{"name":"(anonymous_2)","decl":{"start":{"line":262,"column":27},"end":{"line":262,"column":33}},"loc":{"start":{"line":262,"column":33},"end":{"line":290,"column":5}}},"3":{"name":"(anonymous_3)","decl":{"start":{"line":280,"column":8},"end":{"line":280,"column":12}},"loc":{"start":{"line":280,"column":22},"end":{"line":282,"column":null}}},"4":{"name":"(anonymous_4)","decl":{"start":{"line":292,"column":12},"end":{"line":292,"column":18}},"loc":{"start":{"line":292,"column":18},"end":{"line":301,"column":5}}},"5":{"name":"(anonymous_5)","decl":{"start":{"line":293,"column":28},"end":{"line":293,"column":29}},"loc":{"start":{"line":293,"column":39},"end":{"line":295,"column":5}}},"6":{"name":"(anonymous_6)","decl":{"start":{"line":296,"column":21},"end":{"line":296,"column":27}},"loc":{"start":{"line":296,"column":27},"end":{"line":300,"column":5}}},"7":{"name":"(anonymous_7)","decl":{"start":{"line":297,"column":30},"end":{"line":297,"column":31}},"loc":{"start":{"line":297,"column":41},"end":{"line":299,"column":7}}},"8":{"name":"(anonymous_8)","decl":{"start":{"line":303,"column":12},"end":{"line":303,"column":18}},"loc":{"start":{"line":303,"column":18},"end":{"line":309,"column":5}}},"9":{"name":"(anonymous_9)","decl":{"start":{"line":306,"column":28},"end":{"line":306,"column":29}},"loc":{"start":{"line":306,"column":39},"end":{"line":308,"column":5}}},"10":{"name":"(anonymous_10)","decl":{"start":{"line":316,"column":33},"end":{"line":316,"column":39}},"loc":{"start":{"line":316,"column":39},"end":{"line":316,"column":49}}},"11":{"name":"(anonymous_11)","decl":{"start":{"line":319,"column":12},"end":{"line":319,"column":18}},"loc":{"start":{"line":319,"column":18},"end":{"line":322,"column":5}}},"12":{"name":"(anonymous_12)","decl":{"start":{"line":380,"column":15},"end":{"line":380,"column":16}},"loc":{"start":{"line":380,"column":24},"end":{"line":383,"column":null}}},"13":{"name":"(anonymous_13)","decl":{"start":{"line":381,"column":36},"end":{"line":381,"column":37}},"loc":{"start":{"line":381,"column":48},"end":{"line":381,"column":70}}}},"branchMap":{"0":{"loc":{"start":{"line":244,"column":4},"end":{"line":244,"column":null}},"type":"default-arg","locations":[{"start":{"line":244,"column":10},"end":{"line":244,"column":null}}]},"1":{"loc":{"start":{"line":265,"column":4},"end":{"line":267,"column":null}},"type":"if","locations":[{"start":{"line":265,"column":4},"end":{"line":267,"column":null}},{"start":{},"end":{}}]},"2":{"loc":{"start":{"line":269,"column":6},"end":{"line":270,"column":null}},"type":"binary-expr","locations":[{"start":{"line":269,"column":6},"end":{"line":269,"column":null}},{"start":{"line":270,"column":7},"end":{"line":270,"column":null}}]},"3":{"loc":{"start":{"line":270,"column":7},"end":{"line":270,"column":null}},"type":"cond-expr","locations":[{"start":{"line":270,"column":19},"end":{"line":270,"column":26}},{"start":{"line":270,"column":26},"end":{"line":270,"column":null}}]},"4":{"loc":{"start":{"line":320,"column":30},"end":{"line":320,"column":null}},"type":"binary-expr","locations":[{"start":{"line":320,"column":30},"end":{"line":320,"column":42}},{"start":{"line":320,"column":42},"end":{"line":320,"column":null}}]},"5":{"loc":{"start":{"line":331,"column":20},"end":{"line":331,"column":null}},"type":"binary-expr","locations":[{"start":{"line":331,"column":20},"end":{"line":331,"column":40}},{"start":{"line":331,"column":40},"end":{"line":331,"column":null}}]},"6":{"loc":{"start":{"line":332,"column":18},"end":{"line":332,"column":null}},"type":"binary-expr","locations":[{"start":{"line":332,"column":18},"end":{"line":332,"column":36}},{"start":{"line":332,"column":36},"end":{"line":332,"column":null}}]},"7":{"loc":{"start":{"line":342,"column":17},"end":{"line":342,"column":null}},"type":"binary-expr","locations":[{"start":{"line":342,"column":17},"end":{"line":342,"column":26}},{"start":{"line":342,"column":26},"end":{"line":342,"column":null}}]},"8":{"loc":{"start":{"line":343,"column":18},"end":{"line":343,"column":null}},"type":"binary-expr","locations":[{"start":{"line":343,"column":18},"end":{"line":343,"column":28}},{"start":{"line":343,"column":28},"end":{"line":343,"column":null}}]},"9":{"loc":{"start":{"line":350,"column":9},"end":{"line":369,"column":null}},"type":"cond-expr","locations":[{"start":{"line":351,"column":10},"end":{"line":368,"column":null}},{"start":{"line":369,"column":12},"end":{"line":369,"column":null}}]},"10":{"loc":{"start":{"line":350,"column":9},"end":{"line":350,"column":null}},"type":"binary-expr","locations":[{"start":{"line":350,"column":9},"end":{"line":350,"column":22}},{"start":{"line":350,"column":22},"end":{"line":350,"column":null}}]},"11":{"loc":{"start":{"line":369,"column":12},"end":{"line":369,"column":null}},"type":"cond-expr","locations":[{"start":{"line":369,"column":23},"end":{"line":369,"column":30}},{"start":{"line":369,"column":30},"end":{"line":369,"column":null}}]},"12":{"loc":{"start":{"line":372,"column":21},"end":{"line":372,"column":null}},"type":"cond-expr","locations":[{"start":{"line":372,"column":38},"end":{"line":372,"column":46}},{"start":{"line":372,"column":46},"end":{"line":372,"column":null}}]},"13":{"loc":{"start":{"line":375,"column":20},"end":{"line":375,"column":null}},"type":"cond-expr","locations":[{"start":{"line":375,"column":51},"end":{"line":375,"column":73}},{"start":{"line":375,"column":73},"end":{"line":375,"column":null}}]},"14":{"loc":{"start":{"line":375,"column":20},"end":{"line":375,"column":51}},"type":"binary-expr","locations":[{"start":{"line":375,"column":20},"end":{"line":375,"column":33}},{"start":{"line":375,"column":33},"end":{"line":375,"column":51}}]},"15":{"loc":{"start":{"line":392,"column":11},"end":{"line":392,"column":null}},"type":"cond-expr","locations":[{"start":{"line":392,"column":22},"end":{"line":392,"column":46}},{"start":{"line":392,"column":46},"end":{"line":392,"column":null}}]},"16":{"loc":{"start":{"line":393,"column":11},"end":{"line":398,"column":null}},"type":"cond-expr","locations":[{"start":{"line":397,"column":12},"end":{"line":397,"column":null}},{"start":{"line":398,"column":14},"end":{"line":398,"column":null}}]},"17":{"loc":{"start":{"line":393,"column":11},"end":{"line":396,"column":null}},"type":"binary-expr","locations":[{"start":{"line":393,"column":11},"end":{"line":393,"column":null}},{"start":{"line":394,"column":10},"end":{"line":394,"column":null}},{"start":{"line":395,"column":10},"end":{"line":395,"column":null}},{"start":{"line":396,"column":10},"end":{"line":396,"column":null}}]},"18":{"loc":{"start":{"line":400,"column":9},"end":{"line":406,"column":null}},"type":"cond-expr","locations":[{"start":{"line":401,"column":10},"end":{"line":401,"column":null}},{"start":{"line":403,"column":10},"end":{"line":406,"column":null}}]}},"s":{"0":1,"1":82,"2":81,"3":47,"4":81,"5":47,"6":47,"7":47,"8":11,"9":47,"10":47,"11":47,"12":143,"13":65,"14":31,"15":31,"16":31,"17":31,"18":31,"19":65,"20":31,"21":31,"22":31,"23":31,"24":65,"25":65,"26":65,"27":1,"28":65,"29":31,"30":31,"31":65,"32":65,"33":65,"34":65,"35":124,"36":124,"37":124},"f":{"0":82,"1":47,"2":47,"3":143,"4":31,"5":31,"6":31,"7":31,"8":31,"9":31,"10":1,"11":31,"12":124,"13":124},"b":{"0":[26],"1":[11,36],"2":[47,47],"3":[42,5],"4":[31,3],"5":[65,32],"6":[65,7],"7":[65,0],"8":[65,6],"9":[0,65],"10":[65,7],"11":[58,7],"12":[58,7],"13":[0,65],"14":[65,7],"15":[58,7],"16":[13,52],"17":[65,65,34,13],"18":[58,7]}}
,"C:/Users/2Chaos/test/md-editor/src/MarkdownEditor/style.ts": {"path":"C:/Users/2Chaos/test/md-editor/src/MarkdownEditor/style.ts","statementMap":{"0":{"start":{"line":8,"column":47},"end":{"line":27,"column":null}},"1":{"start":{"line":9,"column":2},"end":{"line":26,"column":null}},"2":{"start":{"line":35,"column":2},"end":{"line":42,"column":null}},"3":{"start":{"line":36,"column":24},"end":{"line":39,"column":null}},"4":{"start":{"line":41,"column":4},"end":{"line":41,"column":null}}},"fnMap":{"0":{"name":"(anonymous_0)","decl":{"start":{"line":8,"column":47},"end":{"line":8,"column":48}},"loc":{"start":{"line":8,"column":58},"end":{"line":27,"column":null}}},"1":{"name":"useStyle","decl":{"start":{"line":34,"column":16},"end":{"line":34,"column":25}},"loc":{"start":{"line":34,"column":45},"end":{"line":43,"column":null}}},"2":{"name":"(anonymous_2)","decl":{"start":{"line":35,"column":50},"end":{"line":35,"column":51}},"loc":{"start":{"line":35,"column":61},"end":{"line":42,"column":3}}}},"branchMap":{},"s":{"0":1,"1":6,"2":65,"3":6,"4":6},"f":{"0":6,"1":65,"2":6},"b":{}}
,"C:/Users/2Chaos/test/md-editor/src/MarkdownEditor/demos/empty.tsx": {"path":"C:/Users/2Chaos/test/md-editor/src/MarkdownEditor/demos/empty.tsx","statementMap":{"0":{"start":{"line":6,"column":20},"end":{"line":6,"column":null}},"1":{"start":{"line":7,"column":2},"end":{"line":63,"column":null}},"2":{"start":{"line":8,"column":27},"end":{"line":61,"column":null}},"3":{"start":{"line":9,"column":6},"end":{"line":60,"column":null}},"4":{"start":{"line":62,"column":4},"end":{"line":62,"column":null}},"5":{"start":{"line":64,"column":2},"end":{"line":211,"column":null}},"6":{"start":{"line":91,"column":18},"end":{"line":94,"column":null}},"7":{"start":{"line":102,"column":18},"end":{"line":102,"column":null}},"8":{"start":{"line":103,"column":18},"end":{"line":113,"column":null}},"9":{"start":{"line":122,"column":14},"end":{"line":136,"column":null}},"10":{"start":{"line":123,"column":29},"end":{"line":123,"column":null}},"11":{"start":{"line":124,"column":16},"end":{"line":135,"column":null}},"12":{"start":{"line":125,"column":18},"end":{"line":131,"column":null}},"13":{"start":{"line":126,"column":35},"end":{"line":126,"column":45}},"14":{"start":{"line":128,"column":22},"end":{"line":128,"column":null}},"15":{"start":{"line":129,"column":34},"end":{"line":129,"column":null}},"16":{"start":{"line":130,"column":22},"end":{"line":130,"column":null}},"17":{"start":{"line":133,"column":30},"end":{"line":133,"column":null}},"18":{"start":{"line":134,"column":18},"end":{"line":134,"column":null}},"19":{"start":{"line":140,"column":30},"end":{"line":140,"column":null}},"20":{"start":{"line":177,"column":18},"end":{"line":180,"column":null}},"21":{"start":{"line":189,"column":14},"end":{"line":203,"column":null}},"22":{"start":{"line":190,"column":29},"end":{"line":190,"column":null}},"23":{"start":{"line":191,"column":16},"end":{"line":202,"column":null}},"24":{"start":{"line":192,"column":18},"end":{"line":198,"column":null}},"25":{"start":{"line":193,"column":35},"end":{"line":193,"column":45}},"26":{"start":{"line":195,"column":22},"end":{"line":195,"column":null}},"27":{"start":{"line":196,"column":34},"end":{"line":196,"column":null}},"28":{"start":{"line":197,"column":22},"end":{"line":197,"column":null}},"29":{"start":{"line":200,"column":30},"end":{"line":200,"column":null}},"30":{"start":{"line":201,"column":18},"end":{"line":201,"column":null}},"31":{"start":{"line":206,"column":30},"end":{"line":206,"column":null}}},"fnMap":{"0":{"name":"(anonymous_0)","decl":{"start":{"line":5,"column":15},"end":{"line":5,"column":21}},"loc":{"start":{"line":5,"column":21},"end":{"line":213,"column":null}}},"1":{"name":"(anonymous_1)","decl":{"start":{"line":7,"column":12},"end":{"line":7,"column":18}},"loc":{"start":{"line":7,"column":18},"end":{"line":63,"column":5}}},"2":{"name":"(anonymous_2)","decl":{"start":{"line":8,"column":27},"end":{"line":8,"column":33}},"loc":{"start":{"line":8,"column":33},"end":{"line":61,"column":null}}},"3":{"name":"(anonymous_3)","decl":{"start":{"line":90,"column":25},"end":{"line":90,"column":31}},"loc":{"start":{"line":90,"column":31},"end":{"line":95,"column":null}}},"4":{"name":"(anonymous_4)","decl":{"start":{"line":101,"column":25},"end":{"line":101,"column":31}},"loc":{"start":{"line":101,"column":31},"end":{"line":114,"column":null}}},"5":{"name":"(anonymous_5)","decl":{"start":{"line":121,"column":20},"end":{"line":121,"column":27}},"loc":{"start":{"line":121,"column":40},"end":{"line":137,"column":null}}},"6":{"name":"(anonymous_6)","decl":{"start":{"line":122,"column":33},"end":{"line":122,"column":34}},"loc":{"start":{"line":122,"column":46},"end":{"line":136,"column":15}}},"7":{"name":"(anonymous_7)","decl":{"start":{"line":126,"column":26},"end":{"line":126,"column":27}},"loc":{"start":{"line":126,"column":35},"end":{"line":126,"column":45}}},"8":{"name":"(anonymous_8)","decl":{"start":{"line":127,"column":26},"end":{"line":127,"column":27}},"loc":{"start":{"line":127,"column":36},"end":{"line":131,"column":21}}},"9":{"name":"(anonymous_9)","decl":{"start":{"line":140,"column":20},"end":{"line":140,"column":21}},"loc":{"start":{"line":140,"column":30},"end":{"line":140,"column":null}}},"10":{"name":"(anonymous_10)","decl":{"start":{"line":176,"column":25},"end":{"line":176,"column":31}},"loc":{"start":{"line":176,"column":31},"end":{"line":181,"column":null}}},"11":{"name":"(anonymous_11)","decl":{"start":{"line":188,"column":20},"end":{"line":188,"column":27}},"loc":{"start":{"line":188,"column":40},"end":{"line":204,"column":null}}},"12":{"name":"(anonymous_12)","decl":{"start":{"line":189,"column":33},"end":{"line":189,"column":34}},"loc":{"start":{"line":189,"column":46},"end":{"line":203,"column":15}}},"13":{"name":"(anonymous_13)","decl":{"start":{"line":193,"column":26},"end":{"line":193,"column":27}},"loc":{"start":{"line":193,"column":35},"end":{"line":193,"column":45}}},"14":{"name":"(anonymous_14)","decl":{"start":{"line":194,"column":26},"end":{"line":194,"column":27}},"loc":{"start":{"line":194,"column":36},"end":{"line":198,"column":21}}},"15":{"name":"(anonymous_15)","decl":{"start":{"line":206,"column":20},"end":{"line":206,"column":21}},"loc":{"start":{"line":206,"column":30},"end":{"line":206,"column":null}}}},"branchMap":{"0":{"loc":{"start":{"line":124,"column":16},"end":{"line":135,"column":null}},"type":"if","locations":[{"start":{"line":124,"column":16},"end":{"line":135,"column":null}},{"start":{"line":132,"column":23},"end":{"line":135,"column":null}}]},"1":{"loc":{"start":{"line":191,"column":16},"end":{"line":202,"column":null}},"type":"if","locations":[{"start":{"line":191,"column":16},"end":{"line":202,"column":null}},{"start":{"line":199,"column":23},"end":{"line":202,"column":null}}]}},"s":{"0":3,"1":2,"2":0,"3":0,"4":0,"5":2,"6":0,"7":0,"8":0,"9":0,"10":0,"11":0,"12":0,"13":0,"14":0,"15":0,"16":0,"17":0,"18":0,"19":0,"20":0,"21":0,"22":0,"23":0,"24":0,"25":0,"26":0,"27":0,"28":0,"29":0,"30":0,"31":0},"f":{"0":3,"1":0,"2":0,"3":0,"4":0,"5":0,"6":0,"7":0,"8":0,"9":0,"10":0,"11":0,"12":0,"13":0,"14":0,"15":0},"b":{"0":[0,0],"1":[0,0]}}
,"C:/Users/2Chaos/test/md-editor/src/MarkdownEditor/demos/min-render.tsx": {"path":"C:/Users/2Chaos/test/md-editor/src/MarkdownEditor/demos/min-render.tsx","statementMap":{"0":{"start":{"line":6,"column":21},"end":{"line":6,"column":null}},"1":{"start":{"line":258,"column":38},"end":{"line":258,"column":null}},"2":{"start":{"line":259,"column":38},"end":{"line":259,"column":null}},"3":{"start":{"line":260,"column":2},"end":{"line":347,"column":null}},"4":{"start":{"line":274,"column":24},"end":{"line":274,"column":null}},"5":{"start":{"line":276,"column":10},"end":{"line":276,"column":null}},"6":{"start":{"line":276,"column":21},"end":{"line":276,"column":null}},"7":{"start":{"line":294,"column":26},"end":{"line":294,"column":30}},"8":{"start":{"line":296,"column":10},"end":{"line":344,"column":null}},"9":{"start":{"line":321,"column":20},"end":{"line":321,"column":null}},"10":{"start":{"line":328,"column":20},"end":{"line":328,"column":null}},"11":{"start":{"line":329,"column":20},"end":{"line":329,"column":null}}},"fnMap":{"0":{"name":"(anonymous_0)","decl":{"start":{"line":257,"column":15},"end":{"line":257,"column":21}},"loc":{"start":{"line":257,"column":21},"end":{"line":349,"column":null}}},"1":{"name":"(anonymous_1)","decl":{"start":{"line":274,"column":18},"end":{"line":274,"column":24}},"loc":{"start":{"line":274,"column":24},"end":{"line":274,"column":null}}},"2":{"name":"(anonymous_2)","decl":{"start":{"line":275,"column":25},"end":{"line":275,"column":26}},"loc":{"start":{"line":275,"column":35},"end":{"line":277,"column":null}}},"3":{"name":"(anonymous_3)","decl":{"start":{"line":294,"column":16},"end":{"line":294,"column":17}},"loc":{"start":{"line":294,"column":26},"end":{"line":294,"column":30}}},"4":{"name":"(anonymous_4)","decl":{"start":{"line":295,"column":13},"end":{"line":295,"column":14}},"loc":{"start":{"line":295,"column":30},"end":{"line":346,"column":9}}},"5":{"name":"(anonymous_5)","decl":{"start":{"line":320,"column":27},"end":{"line":320,"column":33}},"loc":{"start":{"line":320,"column":33},"end":{"line":322,"column":null}}},"6":{"name":"(anonymous_6)","decl":{"start":{"line":327,"column":27},"end":{"line":327,"column":28}},"loc":{"start":{"line":327,"column":34},"end":{"line":330,"column":null}}}},"branchMap":{"0":{"loc":{"start":{"line":276,"column":10},"end":{"line":276,"column":null}},"type":"if","locations":[{"start":{"line":276,"column":10},"end":{"line":276,"column":null}},{"start":{},"end":{}}]},"1":{"loc":{"start":{"line":324,"column":19},"end":{"line":324,"column":null}},"type":"cond-expr","locations":[{"start":{"line":324,"column":32},"end":{"line":324,"column":47}},{"start":{"line":324,"column":47},"end":{"line":324,"column":null}}]}},"s":{"0":1,"1":2,"2":1,"3":1,"4":0,"5":0,"6":0,"7":16,"8":15,"9":0,"10":0,"11":0},"f":{"0":2,"1":0,"2":0,"3":16,"4":15,"5":0,"6":0},"b":{"0":[0,0],"1":[15,0]}}
,"C:/Users/2Chaos/test/md-editor/src/MarkdownEditor/demos/min.tsx": {"path":"C:/Users/2Chaos/test/md-editor/src/MarkdownEditor/demos/min.tsx","statementMap":{"0":{"start":{"line":3,"column":21},"end":{"line":3,"column":null}},"1":{"start":{"line":105,"column":2},"end":{"line":128,"column":null}},"2":{"start":{"line":106,"column":4},"end":{"line":126,"column":null}},"3":{"start":{"line":123,"column":12},"end":{"line":123,"column":null}}},"fnMap":{"0":{"name":"(anonymous_0)","decl":{"start":{"line":104,"column":15},"end":{"line":104,"column":21}},"loc":{"start":{"line":104,"column":21},"end":{"line":129,"column":null}}},"1":{"name":"(anonymous_1)","decl":{"start":{"line":105,"column":38},"end":{"line":105,"column":39}},"loc":{"start":{"line":105,"column":55},"end":{"line":128,"column":3}}},"2":{"name":"(anonymous_2)","decl":{"start":{"line":122,"column":20},"end":{"line":122,"column":21}},"loc":{"start":{"line":122,"column":30},"end":{"line":124,"column":null}}}},"branchMap":{},"s":{"0":1,"1":2,"2":22,"3":0},"f":{"0":2,"1":22,"2":0},"b":{}}
,"C:/Users/2Chaos/test/md-editor/src/MarkdownEditor/demos/minPreview.tsx": {"path":"C:/Users/2Chaos/test/md-editor/src/MarkdownEditor/demos/minPreview.tsx","statementMap":{"0":{"start":{"line":4,"column":21},"end":{"line":4,"column":null}},"1":{"start":{"line":35,"column":2},"end":{"line":127,"column":null}},"2":{"start":{"line":60,"column":12},"end":{"line":74,"column":null}},"3":{"start":{"line":61,"column":27},"end":{"line":61,"column":null}},"4":{"start":{"line":62,"column":14},"end":{"line":73,"column":null}},"5":{"start":{"line":63,"column":16},"end":{"line":69,"column":null}},"6":{"start":{"line":64,"column":33},"end":{"line":64,"column":43}},"7":{"start":{"line":66,"column":20},"end":{"line":66,"column":null}},"8":{"start":{"line":67,"column":32},"end":{"line":67,"column":null}},"9":{"start":{"line":68,"column":20},"end":{"line":68,"column":null}},"10":{"start":{"line":71,"column":28},"end":{"line":71,"column":null}},"11":{"start":{"line":72,"column":16},"end":{"line":72,"column":null}},"12":{"start":{"line":102,"column":12},"end":{"line":116,"column":null}},"13":{"start":{"line":103,"column":27},"end":{"line":103,"column":null}},"14":{"start":{"line":104,"column":14},"end":{"line":115,"column":null}},"15":{"start":{"line":105,"column":16},"end":{"line":111,"column":null}},"16":{"start":{"line":106,"column":33},"end":{"line":106,"column":43}},"17":{"start":{"line":108,"column":20},"end":{"line":108,"column":null}},"18":{"start":{"line":109,"column":32},"end":{"line":109,"column":null}},"19":{"start":{"line":110,"column":20},"end":{"line":110,"column":null}},"20":{"start":{"line":113,"column":28},"end":{"line":113,"column":null}},"21":{"start":{"line":114,"column":16},"end":{"line":114,"column":null}}},"fnMap":{"0":{"name":"(anonymous_0)","decl":{"start":{"line":34,"column":15},"end":{"line":34,"column":21}},"loc":{"start":{"line":34,"column":21},"end":{"line":129,"column":null}}},"1":{"name":"(anonymous_1)","decl":{"start":{"line":59,"column":18},"end":{"line":59,"column":25}},"loc":{"start":{"line":59,"column":38},"end":{"line":75,"column":null}}},"2":{"name":"(anonymous_2)","decl":{"start":{"line":60,"column":31},"end":{"line":60,"column":32}},"loc":{"start":{"line":60,"column":44},"end":{"line":74,"column":13}}},"3":{"name":"(anonymous_3)","decl":{"start":{"line":64,"column":24},"end":{"line":64,"column":25}},"loc":{"start":{"line":64,"column":33},"end":{"line":64,"column":43}}},"4":{"name":"(anonymous_4)","decl":{"start":{"line":65,"column":24},"end":{"line":65,"column":25}},"loc":{"start":{"line":65,"column":34},"end":{"line":69,"column":19}}},"5":{"name":"(anonymous_5)","decl":{"start":{"line":101,"column":18},"end":{"line":101,"column":25}},"loc":{"start":{"line":101,"column":38},"end":{"line":117,"column":null}}},"6":{"name":"(anonymous_6)","decl":{"start":{"line":102,"column":31},"end":{"line":102,"column":32}},"loc":{"start":{"line":102,"column":44},"end":{"line":116,"column":13}}},"7":{"name":"(anonymous_7)","decl":{"start":{"line":106,"column":24},"end":{"line":106,"column":25}},"loc":{"start":{"line":106,"column":33},"end":{"line":106,"column":43}}},"8":{"name":"(anonymous_8)","decl":{"start":{"line":107,"column":24},"end":{"line":107,"column":25}},"loc":{"start":{"line":107,"column":34},"end":{"line":111,"column":19}}}},"branchMap":{"0":{"loc":{"start":{"line":62,"column":14},"end":{"line":73,"column":null}},"type":"if","locations":[{"start":{"line":62,"column":14},"end":{"line":73,"column":null}},{"start":{"line":70,"column":21},"end":{"line":73,"column":null}}]},"1":{"loc":{"start":{"line":104,"column":14},"end":{"line":115,"column":null}},"type":"if","locations":[{"start":{"line":104,"column":14},"end":{"line":115,"column":null}},{"start":{"line":112,"column":21},"end":{"line":115,"column":null}}]}},"s":{"0":1,"1":3,"2":0,"3":0,"4":0,"5":0,"6":0,"7":0,"8":0,"9":0,"10":0,"11":0,"12":0,"13":0,"14":0,"15":0,"16":0,"17":0,"18":0,"19":0,"20":0,"21":0},"f":{"0":3,"1":0,"2":0,"3":0,"4":0,"5":0,"6":0,"7":0,"8":0},"b":{"0":[0,0],"1":[0,0]}}
,"C:/Users/2Chaos/test/md-editor/src/MarkdownEditor/demos/preview.tsx": {"path":"C:/Users/2Chaos/test/md-editor/src/MarkdownEditor/demos/preview.tsx","statementMap":{"0":{"start":{"line":4,"column":21},"end":{"line":4,"column":null}},"1":{"start":{"line":139,"column":26},"end":{"line":177,"column":null}},"2":{"start":{"line":178,"column":2},"end":{"line":242,"column":null}},"3":{"start":{"line":187,"column":10},"end":{"line":200,"column":null}},"4":{"start":{"line":203,"column":10},"end":{"line":203,"column":null}},"5":{"start":{"line":203,"column":37},"end":{"line":203,"column":48}},"6":{"start":{"line":207,"column":10},"end":{"line":219,"column":null}},"7":{"start":{"line":224,"column":10},"end":{"line":238,"column":null}},"8":{"start":{"line":225,"column":25},"end":{"line":225,"column":null}},"9":{"start":{"line":226,"column":12},"end":{"line":237,"column":null}},"10":{"start":{"line":227,"column":14},"end":{"line":233,"column":null}},"11":{"start":{"line":228,"column":31},"end":{"line":228,"column":41}},"12":{"start":{"line":230,"column":18},"end":{"line":230,"column":null}},"13":{"start":{"line":231,"column":30},"end":{"line":231,"column":null}},"14":{"start":{"line":232,"column":18},"end":{"line":232,"column":null}},"15":{"start":{"line":235,"column":26},"end":{"line":235,"column":null}},"16":{"start":{"line":236,"column":14},"end":{"line":236,"column":null}}},"fnMap":{"0":{"name":"(anonymous_0)","decl":{"start":{"line":138,"column":15},"end":{"line":138,"column":21}},"loc":{"start":{"line":138,"column":21},"end":{"line":244,"column":null}}},"1":{"name":"(anonymous_1)","decl":{"start":{"line":186,"column":22},"end":{"line":186,"column":34}},"loc":{"start":{"line":186,"column":34},"end":{"line":201,"column":null}}},"2":{"name":"(anonymous_2)","decl":{"start":{"line":202,"column":18},"end":{"line":202,"column":25}},"loc":{"start":{"line":202,"column":32},"end":{"line":204,"column":null}}},"3":{"name":"(anonymous_3)","decl":{"start":{"line":203,"column":30},"end":{"line":203,"column":31}},"loc":{"start":{"line":203,"column":37},"end":{"line":203,"column":48}}},"4":{"name":"(anonymous_4)","decl":{"start":{"line":206,"column":18},"end":{"line":206,"column":25}},"loc":{"start":{"line":206,"column":38},"end":{"line":220,"column":null}}},"5":{"name":"(anonymous_5)","decl":{"start":{"line":223,"column":16},"end":{"line":223,"column":23}},"loc":{"start":{"line":223,"column":36},"end":{"line":239,"column":null}}},"6":{"name":"(anonymous_6)","decl":{"start":{"line":224,"column":29},"end":{"line":224,"column":30}},"loc":{"start":{"line":224,"column":42},"end":{"line":238,"column":11}}},"7":{"name":"(anonymous_7)","decl":{"start":{"line":228,"column":22},"end":{"line":228,"column":23}},"loc":{"start":{"line":228,"column":31},"end":{"line":228,"column":41}}},"8":{"name":"(anonymous_8)","decl":{"start":{"line":229,"column":22},"end":{"line":229,"column":23}},"loc":{"start":{"line":229,"column":32},"end":{"line":233,"column":17}}}},"branchMap":{"0":{"loc":{"start":{"line":226,"column":12},"end":{"line":237,"column":null}},"type":"if","locations":[{"start":{"line":226,"column":12},"end":{"line":237,"column":null}},{"start":{"line":234,"column":19},"end":{"line":237,"column":null}}]}},"s":{"0":1,"1":2,"2":1,"3":3,"4":0,"5":0,"6":0,"7":0,"8":0,"9":0,"10":0,"11":0,"12":0,"13":0,"14":0,"15":0,"16":0},"f":{"0":2,"1":3,"2":0,"3":0,"4":0,"5":0,"6":0,"7":0,"8":0},"b":{"0":[0,0]}}
,"C:/Users/2Chaos/test/md-editor/src/MarkdownEditor/demos/pure.tsx": {"path":"C:/Users/2Chaos/test/md-editor/src/MarkdownEditor/demos/pure.tsx","statementMap":{"0":{"start":{"line":4,"column":21},"end":{"line":4,"column":null}},"1":{"start":{"line":139,"column":26},"end":{"line":177,"column":null}},"2":{"start":{"line":178,"column":2},"end":{"line":202,"column":null}},"3":{"start":{"line":185,"column":10},"end":{"line":185,"column":null}},"4":{"start":{"line":185,"column":37},"end":{"line":185,"column":48}},"5":{"start":{"line":188,"column":10},"end":{"line":198,"column":null}}},"fnMap":{"0":{"name":"(anonymous_0)","decl":{"start":{"line":138,"column":15},"end":{"line":138,"column":21}},"loc":{"start":{"line":138,"column":21},"end":{"line":204,"column":null}}},"1":{"name":"(anonymous_1)","decl":{"start":{"line":184,"column":18},"end":{"line":184,"column":25}},"loc":{"start":{"line":184,"column":32},"end":{"line":186,"column":null}}},"2":{"name":"(anonymous_2)","decl":{"start":{"line":185,"column":30},"end":{"line":185,"column":31}},"loc":{"start":{"line":185,"column":37},"end":{"line":185,"column":48}}},"3":{"name":"(anonymous_3)","decl":{"start":{"line":187,"column":18},"end":{"line":187,"column":25}},"loc":{"start":{"line":187,"column":38},"end":{"line":199,"column":null}}}},"branchMap":{},"s":{"0":1,"1":2,"2":1,"3":0,"4":0,"5":0},"f":{"0":2,"1":0,"2":0,"3":0},"b":{}}
,"C:/Users/2Chaos/test/md-editor/src/MarkdownEditor/demos/readonly.tsx": {"path":"C:/Users/2Chaos/test/md-editor/src/MarkdownEditor/demos/readonly.tsx","statementMap":{"0":{"start":{"line":3,"column":21},"end":{"line":3,"column":null}},"1":{"start":{"line":42,"column":2},"end":{"line":62,"column":null}}},"fnMap":{"0":{"name":"(anonymous_0)","decl":{"start":{"line":41,"column":15},"end":{"line":41,"column":21}},"loc":{"start":{"line":41,"column":21},"end":{"line":64,"column":null}}}},"branchMap":{},"s":{"0":1,"1":2},"f":{"0":2},"b":{}}
,"C:/Users/2Chaos/test/md-editor/src/MarkdownEditor/demos/render.tsx": {"path":"C:/Users/2Chaos/test/md-editor/src/MarkdownEditor/demos/render.tsx","statementMap":{"0":{"start":{"line":4,"column":21},"end":{"line":4,"column":null}},"1":{"start":{"line":69,"column":2},"end":{"line":95,"column":null}},"2":{"start":{"line":75,"column":8},"end":{"line":92,"column":null}},"3":{"start":{"line":80,"column":10},"end":{"line":90,"column":null}},"4":{"start":{"line":93,"column":8},"end":{"line":93,"column":null}}},"fnMap":{"0":{"name":"(anonymous_0)","decl":{"start":{"line":68,"column":15},"end":{"line":68,"column":21}},"loc":{"start":{"line":68,"column":21},"end":{"line":97,"column":null}}},"1":{"name":"(anonymous_1)","decl":{"start":{"line":74,"column":21},"end":{"line":74,"column":22}},"loc":{"start":{"line":74,"column":44},"end":{"line":94,"column":null}}}},"branchMap":{"0":{"loc":{"start":{"line":75,"column":8},"end":{"line":92,"column":null}},"type":"if","locations":[{"start":{"line":75,"column":8},"end":{"line":92,"column":null}},{"start":{},"end":{}}]},"1":{"loc":{"start":{"line":76,"column":10},"end":{"line":78,"column":null}},"type":"binary-expr","locations":[{"start":{"line":76,"column":10},"end":{"line":76,"column":null}},{"start":{"line":77,"column":10},"end":{"line":77,"column":null}},{"start":{"line":78,"column":10},"end":{"line":78,"column":null}}]}},"s":{"0":1,"1":2,"2":218,"3":17,"4":201},"f":{"0":2,"1":218},"b":{"0":[17,201],"1":[218,43,23]}}
,"C:/Users/2Chaos/test/md-editor/src/MarkdownEditor/demos/rerender.tsx": {"path":"C:/Users/2Chaos/test/md-editor/src/MarkdownEditor/demos/rerender.tsx","statementMap":{"0":{"start":{"line":6,"column":21},"end":{"line":6,"column":null}},"1":{"start":{"line":264,"column":19},"end":{"line":264,"column":null}},"2":{"start":{"line":265,"column":2},"end":{"line":285,"column":null}},"3":{"start":{"line":266,"column":13},"end":{"line":266,"column":null}},"4":{"start":{"line":267,"column":17},"end":{"line":267,"column":null}},"5":{"start":{"line":268,"column":17},"end":{"line":268,"column":null}},"6":{"start":{"line":269,"column":16},"end":{"line":283,"column":null}},"7":{"start":{"line":270,"column":6},"end":{"line":282,"column":null}},"8":{"start":{"line":271,"column":8},"end":{"line":271,"column":null}},"9":{"start":{"line":272,"column":8},"end":{"line":281,"column":null}},"10":{"start":{"line":273,"column":10},"end":{"line":280,"column":null}},"11":{"start":{"line":274,"column":12},"end":{"line":274,"column":null}},"12":{"start":{"line":275,"column":12},"end":{"line":275,"column":null}},"13":{"start":{"line":276,"column":12},"end":{"line":279,"column":null}},"14":{"start":{"line":284,"column":4},"end":{"line":284,"column":null}},"15":{"start":{"line":287,"column":2},"end":{"line":309,"column":null}}},"fnMap":{"0":{"name":"(anonymous_0)","decl":{"start":{"line":263,"column":15},"end":{"line":263,"column":21}},"loc":{"start":{"line":263,"column":21},"end":{"line":311,"column":null}}},"1":{"name":"(anonymous_1)","decl":{"start":{"line":265,"column":12},"end":{"line":265,"column":18}},"loc":{"start":{"line":265,"column":18},"end":{"line":285,"column":5}}},"2":{"name":"(anonymous_2)","decl":{"start":{"line":269,"column":16},"end":{"line":269,"column":28}},"loc":{"start":{"line":269,"column":28},"end":{"line":283,"column":null}}},"3":{"name":"(anonymous_3)","decl":{"start":{"line":272,"column":26},"end":{"line":272,"column":27}},"loc":{"start":{"line":272,"column":39},"end":{"line":281,"column":9}}},"4":{"name":"(anonymous_4)","decl":{"start":{"line":273,"column":21},"end":{"line":273,"column":27}},"loc":{"start":{"line":273,"column":27},"end":{"line":280,"column":13}}}},"branchMap":{},"s":{"0":1,"1":1,"2":1,"3":1,"4":1,"5":1,"6":1,"7":1,"8":87,"9":87,"10":87,"11":86,"12":86,"13":86,"14":1,"15":1},"f":{"0":1,"1":1,"2":1,"3":87,"4":86},"b":{}}
,"C:/Users/2Chaos/test/md-editor/src/MarkdownEditor/editor/Editor.tsx": {"path":"C:/Users/2Chaos/test/md-editor/src/MarkdownEditor/editor/Editor.tsx","statementMap":{"0":{"start":{"line":41,"column":23},"end":{"line":617,"column":null}},"1":{"start":{"line":58,"column":32},"end":{"line":58,"column":null}},"2":{"start":{"line":59,"column":24},"end":{"line":59,"column":null}},"3":{"start":{"line":60,"column":19},"end":{"line":60,"column":null}},"4":{"start":{"line":61,"column":18},"end":{"line":61,"column":null}},"5":{"start":{"line":62,"column":22},"end":{"line":62,"column":null}},"6":{"start":{"line":63,"column":20},"end":{"line":63,"column":null}},"7":{"start":{"line":64,"column":33},"end":{"line":68,"column":null}},"8":{"start":{"line":65,"column":25},"end":{"line":65,"column":null}},"9":{"start":{"line":66,"column":6},"end":{"line":66,"column":null}},"10":{"start":{"line":66,"column":26},"end":{"line":66,"column":null}},"11":{"start":{"line":67,"column":6},"end":{"line":67,"column":null}},"12":{"start":{"line":69,"column":22},"end":{"line":69,"column":null}},"13":{"start":{"line":70,"column":21},"end":{"line":70,"column":null}},"14":{"start":{"line":71,"column":18},"end":{"line":71,"column":null}},"15":{"start":{"line":72,"column":22},"end":{"line":72,"column":null}},"16":{"start":{"line":73,"column":17},"end":{"line":73,"column":null}},"17":{"start":{"line":75,"column":24},"end":{"line":101,"column":null}},"18":{"start":{"line":76,"column":6},"end":{"line":76,"column":null}},"19":{"start":{"line":77,"column":6},"end":{"line":100,"column":null}},"20":{"start":{"line":78,"column":8},"end":{"line":78,"column":null}},"21":{"start":{"line":79,"column":8},"end":{"line":81,"column":null}},"22":{"start":{"line":80,"column":10},"end":{"line":80,"column":null}},"23":{"start":{"line":82,"column":8},"end":{"line":82,"column":null}},"24":{"start":{"line":83,"column":8},"end":{"line":83,"column":null}},"25":{"start":{"line":84,"column":8},"end":{"line":93,"column":null}},"26":{"start":{"line":85,"column":10},"end":{"line":89,"column":null}},"27":{"start":{"line":90,"column":10},"end":{"line":90,"column":null}},"28":{"start":{"line":92,"column":10},"end":{"line":92,"column":null}},"29":{"start":{"line":94,"column":8},"end":{"line":97,"column":null}},"30":{"start":{"line":95,"column":10},"end":{"line":95,"column":null}},"31":{"start":{"line":96,"column":10},"end":{"line":96,"column":null}},"32":{"start":{"line":96,"column":37},"end":{"line":96,"column":70}},"33":{"start":{"line":99,"column":8},"end":{"line":99,"column":null}},"34":{"start":{"line":103,"column":4},"end":{"line":107,"column":null}},"35":{"start":{"line":104,"column":6},"end":{"line":106,"column":null}},"36":{"start":{"line":105,"column":8},"end":{"line":105,"column":null}},"37":{"start":{"line":109,"column":19},"end":{"line":141,"column":null}},"38":{"start":{"line":111,"column":8},"end":{"line":116,"column":null}},"39":{"start":{"line":112,"column":10},"end":{"line":114,"column":null}},"40":{"start":{"line":113,"column":12},"end":{"line":113,"column":null}},"41":{"start":{"line":115,"column":10},"end":{"line":115,"column":null}},"42":{"start":{"line":117,"column":8},"end":{"line":117,"column":null}},"43":{"start":{"line":118,"column":8},"end":{"line":118,"column":null}},"44":{"start":{"line":119,"column":8},"end":{"line":125,"column":null}},"45":{"start":{"line":120,"column":10},"end":{"line":120,"column":null}},"46":{"start":{"line":121,"column":10},"end":{"line":121,"column":null}},"47":{"start":{"line":124,"column":10},"end":{"line":124,"column":null}},"48":{"start":{"line":127,"column":8},"end":{"line":138,"column":null}},"49":{"start":{"line":127,"column":45},"end":{"line":127,"column":71}},"50":{"start":{"line":128,"column":10},"end":{"line":130,"column":null}},"51":{"start":{"line":129,"column":12},"end":{"line":129,"column":null}},"52":{"start":{"line":131,"column":10},"end":{"line":133,"column":null}},"53":{"start":{"line":132,"column":12},"end":{"line":132,"column":null}},"54":{"start":{"line":134,"column":10},"end":{"line":134,"column":null}},"55":{"start":{"line":135,"column":10},"end":{"line":137,"column":null}},"56":{"start":{"line":136,"column":12},"end":{"line":136,"column":null}},"57":{"start":{"line":143,"column":21},"end":{"line":162,"column":null}},"58":{"start":{"line":145,"column":8},"end":{"line":147,"column":null}},"59":{"start":{"line":146,"column":10},"end":{"line":146,"column":null}},"60":{"start":{"line":148,"column":23},"end":{"line":148,"column":null}},"61":{"start":{"line":149,"column":8},"end":{"line":159,"column":null}},"62":{"start":{"line":150,"column":23},"end":{"line":150,"column":null}},"63":{"start":{"line":151,"column":10},"end":{"line":158,"column":null}},"64":{"start":{"line":155,"column":12},"end":{"line":157,"column":null}},"65":{"start":{"line":156,"column":14},"end":{"line":156,"column":null}},"66":{"start":{"line":168,"column":20},"end":{"line":171,"column":null}},"67":{"start":{"line":169,"column":6},"end":{"line":169,"column":null}},"68":{"start":{"line":169,"column":33},"end":{"line":169,"column":52}},"69":{"start":{"line":170,"column":6},"end":{"line":170,"column":null}},"70":{"start":{"line":178,"column":19},"end":{"line":184,"column":null}},"71":{"start":{"line":179,"column":6},"end":{"line":183,"column":null}},"72":{"start":{"line":180,"column":8},"end":{"line":180,"column":null}},"73":{"start":{"line":181,"column":8},"end":{"line":181,"column":null}},"74":{"start":{"line":182,"column":8},"end":{"line":182,"column":null}},"75":{"start":{"line":191,"column":20},"end":{"line":399,"column":null}},"76":{"start":{"line":193,"column":8},"end":{"line":193,"column":null}},"77":{"start":{"line":194,"column":8},"end":{"line":194,"column":null}},"78":{"start":{"line":195,"column":8},"end":{"line":199,"column":null}},"79":{"start":{"line":196,"column":10},"end":{"line":198,"column":null}},"80":{"start":{"line":197,"column":12},"end":{"line":197,"column":null}},"81":{"start":{"line":201,"column":26},"end":{"line":201,"column":null}},"82":{"start":{"line":202,"column":21},"end":{"line":202,"column":null}},"83":{"start":{"line":205,"column":8},"end":{"line":221,"column":null}},"84":{"start":{"line":206,"column":29},"end":{"line":206,"column":null}},"85":{"start":{"line":207,"column":10},"end":{"line":207,"column":null}},"86":{"start":{"line":207,"column":27},"end":{"line":207,"column":null}},"87":{"start":{"line":208,"column":28},"end":{"line":208,"column":null}},"88":{"start":{"line":209,"column":10},"end":{"line":220,"column":null}},"89":{"start":{"line":218,"column":12},"end":{"line":218,"column":null}},"90":{"start":{"line":219,"column":12},"end":{"line":219,"column":null}},"91":{"start":{"line":223,"column":8},"end":{"line":226,"column":null}},"92":{"start":{"line":224,"column":10},"end":{"line":224,"column":null}},"93":{"start":{"line":225,"column":10},"end":{"line":225,"column":null}},"94":{"start":{"line":228,"column":8},"end":{"line":301,"column":null}},"95":{"start":{"line":229,"column":10},"end":{"line":279,"column":null}},"96":{"start":{"line":230,"column":25},"end":{"line":230,"column":null}},"97":{"start":{"line":231,"column":25},"end":{"line":231,"column":null}},"98":{"start":{"line":232,"column":30},"end":{"line":232,"column":null}},"99":{"start":{"line":233,"column":22},"end":{"line":233,"column":null}},"100":{"start":{"line":234,"column":12},"end":{"line":236,"column":null}},"101":{"start":{"line":235,"column":14},"end":{"line":235,"column":null}},"102":{"start":{"line":237,"column":12},"end":{"line":278,"column":null}},"103":{"start":{"line":238,"column":14},"end":{"line":252,"column":null}},"104":{"start":{"line":239,"column":16},"end":{"line":239,"column":null}},"105":{"start":{"line":240,"column":16},"end":{"line":251,"column":null}},"106":{"start":{"line":253,"column":14},"end":{"line":266,"column":null}},"107":{"start":{"line":254,"column":16},"end":{"line":254,"column":null}},"108":{"start":{"line":255,"column":16},"end":{"line":265,"column":null}},"109":{"start":{"line":267,"column":14},"end":{"line":277,"column":null}},"110":{"start":{"line":268,"column":16},"end":{"line":268,"column":null}},"111":{"start":{"line":269,"column":29},"end":{"line":269,"column":null}},"112":{"start":{"line":270,"column":16},"end":{"line":276,"column":null}},"113":{"start":{"line":275,"column":18},"end":{"line":275,"column":null}},"114":{"start":{"line":280,"column":10},"end":{"line":300,"column":null}},"115":{"start":{"line":281,"column":12},"end":{"line":281,"column":null}},"116":{"start":{"line":282,"column":12},"end":{"line":282,"column":null}},"117":{"start":{"line":283,"column":12},"end":{"line":299,"column":null}},"118":{"start":{"line":284,"column":14},"end":{"line":296,"column":null}},"119":{"start":{"line":285,"column":29},"end":{"line":285,"column":null}},"120":{"start":{"line":286,"column":16},"end":{"line":286,"column":null}},"121":{"start":{"line":286,"column":27},"end":{"line":286,"column":null}},"122":{"start":{"line":287,"column":16},"end":{"line":295,"column":null}},"123":{"start":{"line":298,"column":14},"end":{"line":298,"column":null}},"124":{"start":{"line":303,"column":23},"end":{"line":305,"column":null}},"125":{"start":{"line":304,"column":24},"end":{"line":304,"column":null}},"126":{"start":{"line":307,"column":8},"end":{"line":319,"column":null}},"127":{"start":{"line":308,"column":10},"end":{"line":317,"column":null}},"128":{"start":{"line":312,"column":14},"end":{"line":315,"column":null}},"129":{"start":{"line":318,"column":10},"end":{"line":318,"column":null}},"130":{"start":{"line":321,"column":8},"end":{"line":335,"column":null}},"131":{"start":{"line":322,"column":24},"end":{"line":322,"column":null}},"132":{"start":{"line":323,"column":10},"end":{"line":332,"column":null}},"133":{"start":{"line":324,"column":28},"end":{"line":328,"column":null}},"134":{"start":{"line":329,"column":12},"end":{"line":331,"column":null}},"135":{"start":{"line":330,"column":14},"end":{"line":330,"column":null}},"136":{"start":{"line":334,"column":10},"end":{"line":334,"column":null}},"137":{"start":{"line":337,"column":8},"end":{"line":385,"column":null}},"138":{"start":{"line":338,"column":27},"end":{"line":338,"column":null}},"139":{"start":{"line":339,"column":10},"end":{"line":382,"column":null}},"140":{"start":{"line":340,"column":32},"end":{"line":340,"column":null}},"141":{"start":{"line":341,"column":12},"end":{"line":377,"column":null}},"142":{"start":{"line":342,"column":26},"end":{"line":342,"column":null}},"143":{"start":{"line":343,"column":14},"end":{"line":346,"column":null}},"144":{"start":{"line":344,"column":34},"end":{"line":344,"column":null}},"145":{"start":{"line":345,"column":16},"end":{"line":345,"column":null}},"146":{"start":{"line":348,"column":14},"end":{"line":352,"column":null}},"147":{"start":{"line":349,"column":16},"end":{"line":351,"column":null}},"148":{"start":{"line":353,"column":14},"end":{"line":371,"column":null}},"149":{"start":{"line":354,"column":16},"end":{"line":370,"column":null}},"150":{"start":{"line":372,"column":14},"end":{"line":372,"column":null}},"151":{"start":{"line":374,"column":14},"end":{"line":374,"column":null}},"152":{"start":{"line":376,"column":14},"end":{"line":376,"column":null}},"153":{"start":{"line":379,"column":12},"end":{"line":379,"column":null}},"154":{"start":{"line":380,"column":12},"end":{"line":380,"column":null}},"155":{"start":{"line":381,"column":12},"end":{"line":381,"column":null}},"156":{"start":{"line":384,"column":10},"end":{"line":384,"column":null}},"157":{"start":{"line":387,"column":8},"end":{"line":390,"column":null}},"158":{"start":{"line":388,"column":10},"end":{"line":388,"column":null}},"159":{"start":{"line":389,"column":10},"end":{"line":389,"column":null}},"160":{"start":{"line":392,"column":8},"end":{"line":395,"column":null}},"161":{"start":{"line":394,"column":24},"end":{"line":394,"column":null}},"162":{"start":{"line":396,"column":8},"end":{"line":396,"column":null}},"163":{"start":{"line":404,"column":31},"end":{"line":410,"column":null}},"164":{"start":{"line":405,"column":6},"end":{"line":405,"column":null}},"165":{"start":{"line":406,"column":6},"end":{"line":406,"column":null}},"166":{"start":{"line":406,"column":25},"end":{"line":406,"column":57}},"167":{"start":{"line":407,"column":6},"end":{"line":409,"column":null}},"168":{"start":{"line":408,"column":8},"end":{"line":408,"column":null}},"169":{"start":{"line":415,"column":29},"end":{"line":419,"column":null}},"170":{"start":{"line":416,"column":6},"end":{"line":416,"column":null}},"171":{"start":{"line":417,"column":6},"end":{"line":418,"column":null}},"172":{"start":{"line":418,"column":8},"end":{"line":418,"column":null}},"173":{"start":{"line":418,"column":27},"end":{"line":418,"column":60}},"174":{"start":{"line":421,"column":20},"end":{"line":423,"column":null}},"175":{"start":{"line":422,"column":6},"end":{"line":422,"column":null}},"176":{"start":{"line":425,"column":28},"end":{"line":434,"column":null}},"177":{"start":{"line":426,"column":6},"end":{"line":426,"column":null}},"178":{"start":{"line":426,"column":28},"end":{"line":426,"column":null}},"179":{"start":{"line":427,"column":6},"end":{"line":427,"column":null}},"180":{"start":{"line":427,"column":43},"end":{"line":427,"column":null}},"181":{"start":{"line":428,"column":6},"end":{"line":428,"column":null}},"182":{"start":{"line":428,"column":40},"end":{"line":428,"column":null}},"183":{"start":{"line":429,"column":6},"end":{"line":432,"column":null}},"184":{"start":{"line":431,"column":17},"end":{"line":431,"column":null}},"185":{"start":{"line":436,"column":24},"end":{"line":439,"column":null}},"186":{"start":{"line":437,"column":6},"end":{"line":437,"column":null}},"187":{"start":{"line":437,"column":20},"end":{"line":437,"column":null}},"188":{"start":{"line":438,"column":6},"end":{"line":438,"column":null}},"189":{"start":{"line":441,"column":32},"end":{"line":443,"column":null}},"190":{"start":{"line":445,"column":26},"end":{"line":445,"column":null}},"191":{"start":{"line":446,"column":23},"end":{"line":472,"column":null}},"192":{"start":{"line":447,"column":18},"end":{"line":447,"column":null}},"193":{"start":{"line":448,"column":6},"end":{"line":470,"column":null}},"194":{"start":{"line":449,"column":8},"end":{"line":449,"column":null}},"195":{"start":{"line":450,"column":21},"end":{"line":450,"column":null}},"196":{"start":{"line":451,"column":8},"end":{"line":466,"column":null}},"197":{"start":{"line":452,"column":30},"end":{"line":452,"column":null}},"198":{"start":{"line":453,"column":28},"end":{"line":453,"column":null}},"199":{"start":{"line":454,"column":10},"end":{"line":465,"column":null}},"200":{"start":{"line":455,"column":12},"end":{"line":458,"column":null}},"201":{"start":{"line":459,"column":12},"end":{"line":459,"column":null}},"202":{"start":{"line":460,"column":12},"end":{"line":460,"column":null}},"203":{"start":{"line":461,"column":10},"end":{"line":465,"column":null}},"204":{"start":{"line":462,"column":12},"end":{"line":462,"column":null}},"205":{"start":{"line":463,"column":12},"end":{"line":463,"column":null}},"206":{"start":{"line":464,"column":12},"end":{"line":464,"column":null}},"207":{"start":{"line":467,"column":28},"end":{"line":467,"column":null}},"208":{"start":{"line":468,"column":8},"end":{"line":468,"column":null}},"209":{"start":{"line":469,"column":8},"end":{"line":469,"column":null}},"210":{"start":{"line":471,"column":6},"end":{"line":471,"column":null}},"211":{"start":{"line":474,"column":31},"end":{"line":486,"column":null}},"212":{"start":{"line":476,"column":8},"end":{"line":482,"column":null}},"213":{"start":{"line":488,"column":23},"end":{"line":558,"column":null}},"214":{"start":{"line":490,"column":29},"end":{"line":490,"column":null}},"215":{"start":{"line":491,"column":8},"end":{"line":491,"column":null}},"216":{"start":{"line":491,"column":35},"end":{"line":491,"column":null}},"217":{"start":{"line":492,"column":8},"end":{"line":492,"column":null}},"218":{"start":{"line":492,"column":52},"end":{"line":492,"column":null}},"219":{"start":{"line":493,"column":8},"end":{"line":493,"column":null}},"220":{"start":{"line":493,"column":35},"end":{"line":493,"column":null}},"221":{"start":{"line":495,"column":8},"end":{"line":555,"column":null}},"222":{"start":{"line":496,"column":38},"end":{"line":496,"column":null}},"223":{"start":{"line":497,"column":27},"end":{"line":497,"column":null}},"224":{"start":{"line":498,"column":26},"end":{"line":498,"column":null}},"225":{"start":{"line":499,"column":10},"end":{"line":499,"column":null}},"226":{"start":{"line":499,"column":24},"end":{"line":499,"column":null}},"227":{"start":{"line":500,"column":24},"end":{"line":500,"column":null}},"228":{"start":{"line":501,"column":10},"end":{"line":503,"column":null}},"229":{"start":{"line":502,"column":12},"end":{"line":502,"column":null}},"230":{"start":{"line":504,"column":10},"end":{"line":550,"column":null}},"231":{"start":{"line":505,"column":25},"end":{"line":505,"column":null}},"232":{"start":{"line":506,"column":38},"end":{"line":506,"column":null}},"233":{"start":{"line":507,"column":12},"end":{"line":507,"column":null}},"234":{"start":{"line":507,"column":35},"end":{"line":507,"column":null}},"235":{"start":{"line":508,"column":33},"end":{"line":508,"column":null}},"236":{"start":{"line":509,"column":31},"end":{"line":509,"column":null}},"237":{"start":{"line":510,"column":30},"end":{"line":510,"column":null}},"238":{"start":{"line":512,"column":12},"end":{"line":549,"column":null}},"239":{"start":{"line":518,"column":35},"end":{"line":521,"column":null}},"240":{"start":{"line":522,"column":32},"end":{"line":522,"column":null}},"241":{"start":{"line":523,"column":14},"end":{"line":548,"column":null}},"242":{"start":{"line":524,"column":28},"end":{"line":524,"column":null}},"243":{"start":{"line":525,"column":36},"end":{"line":525,"column":null}},"244":{"start":{"line":526,"column":37},"end":{"line":526,"column":null}},"245":{"start":{"line":527,"column":38},"end":{"line":527,"column":null}},"246":{"start":{"line":528,"column":37},"end":{"line":528,"column":null}},"247":{"start":{"line":530,"column":16},"end":{"line":547,"column":null}},"248":{"start":{"line":537,"column":18},"end":{"line":546,"column":null}},"249":{"start":{"line":543,"column":34},"end":{"line":543,"column":46}},"250":{"start":{"line":551,"column":10},"end":{"line":551,"column":null}},"251":{"start":{"line":553,"column":10},"end":{"line":553,"column":null}},"252":{"start":{"line":554,"column":10},"end":{"line":554,"column":null}},"253":{"start":{"line":559,"column":4},"end":{"line":615,"column":null}},"254":{"start":{"line":565,"column":29},"end":{"line":565,"column":null}},"255":{"start":{"line":592,"column":12},"end":{"line":594,"column":null}},"256":{"start":{"line":593,"column":14},"end":{"line":593,"column":null}},"257":{"start":{"line":595,"column":12},"end":{"line":604,"column":null}},"258":{"start":{"line":596,"column":35},"end":{"line":596,"column":null}},"259":{"start":{"line":597,"column":14},"end":{"line":600,"column":null}},"260":{"start":{"line":601,"column":14},"end":{"line":603,"column":null}},"261":{"start":{"line":602,"column":16},"end":{"line":602,"column":null}},"262":{"start":{"line":605,"column":12},"end":{"line":605,"column":null}},"263":{"start":{"line":606,"column":12},"end":{"line":606,"column":null}}},"fnMap":{"0":{"name":"(anonymous_0)","decl":{"start":{"line":42,"column":2},"end":{"line":42,"column":3}},"loc":{"start":{"line":57,"column":30},"end":{"line":616,"column":null}}},"1":{"name":"(anonymous_1)","decl":{"start":{"line":64,"column":45},"end":{"line":64,"column":46}},"loc":{"start":{"line":64,"column":76},"end":{"line":68,"column":7}}},"2":{"name":"(anonymous_2)","decl":{"start":{"line":73,"column":29},"end":{"line":73,"column":41}},"loc":{"start":{"line":73,"column":41},"end":{"line":73,"column":45}}},"3":{"name":"(anonymous_3)","decl":{"start":{"line":75,"column":36},"end":{"line":75,"column":48}},"loc":{"start":{"line":75,"column":48},"end":{"line":101,"column":7}}},"4":{"name":"(anonymous_4)","decl":{"start":{"line":79,"column":23},"end":{"line":79,"column":24}},"loc":{"start":{"line":79,"column":34},"end":{"line":81,"column":9}}},"5":{"name":"(anonymous_5)","decl":{"start":{"line":94,"column":28},"end":{"line":94,"column":34}},"loc":{"start":{"line":94,"column":34},"end":{"line":97,"column":9}}},"6":{"name":"(anonymous_6)","decl":{"start":{"line":96,"column":25},"end":{"line":96,"column":26}},"loc":{"start":{"line":96,"column":37},"end":{"line":96,"column":70}}},"7":{"name":"(anonymous_7)","decl":{"start":{"line":103,"column":14},"end":{"line":103,"column":20}},"loc":{"start":{"line":103,"column":20},"end":{"line":107,"column":7}}},"8":{"name":"(anonymous_8)","decl":{"start":{"line":110,"column":6},"end":{"line":110,"column":7}},"loc":{"start":{"line":110,"column":20},"end":{"line":139,"column":null}}},"9":{"name":"(anonymous_9)","decl":{"start":{"line":112,"column":21},"end":{"line":112,"column":27}},"loc":{"start":{"line":112,"column":27},"end":{"line":114,"column":13}}},"10":{"name":"(anonymous_10)","decl":{"start":{"line":127,"column":38},"end":{"line":127,"column":39}},"loc":{"start":{"line":127,"column":45},"end":{"line":127,"column":71}}},"11":{"name":"(anonymous_11)","decl":{"start":{"line":131,"column":22},"end":{"line":131,"column":28}},"loc":{"start":{"line":131,"column":28},"end":{"line":133,"column":11}}},"12":{"name":"(anonymous_12)","decl":{"start":{"line":135,"column":48},"end":{"line":135,"column":54}},"loc":{"start":{"line":135,"column":54},"end":{"line":137,"column":13}}},"13":{"name":"(anonymous_13)","decl":{"start":{"line":144,"column":6},"end":{"line":144,"column":7}},"loc":{"start":{"line":144,"column":31},"end":{"line":160,"column":null}}},"14":{"name":"(anonymous_14)","decl":{"start":{"line":168,"column":32},"end":{"line":168,"column":38}},"loc":{"start":{"line":168,"column":38},"end":{"line":171,"column":7}}},"15":{"name":"(anonymous_15)","decl":{"start":{"line":169,"column":21},"end":{"line":169,"column":22}},"loc":{"start":{"line":169,"column":33},"end":{"line":169,"column":52}}},"16":{"name":"(anonymous_16)","decl":{"start":{"line":178,"column":31},"end":{"line":178,"column":37}},"loc":{"start":{"line":178,"column":37},"end":{"line":184,"column":7}}},"17":{"name":"(anonymous_17)","decl":{"start":{"line":179,"column":21},"end":{"line":179,"column":22}},"loc":{"start":{"line":179,"column":32},"end":{"line":183,"column":7}}},"18":{"name":"(anonymous_18)","decl":{"start":{"line":192,"column":6},"end":{"line":192,"column":13}},"loc":{"start":{"line":192,"column":61},"end":{"line":397,"column":null}}},"19":{"name":"(anonymous_19)","decl":{"start":{"line":304,"column":17},"end":{"line":304,"column":18}},"loc":{"start":{"line":304,"column":24},"end":{"line":304,"column":null}}},"20":{"name":"(anonymous_20)","decl":{"start":{"line":311,"column":33},"end":{"line":311,"column":34}},"loc":{"start":{"line":311,"column":40},"end":{"line":316,"column":13}}},"21":{"name":"(anonymous_21)","decl":{"start":{"line":353,"column":36},"end":{"line":353,"column":37}},"loc":{"start":{"line":353,"column":43},"end":{"line":371,"column":15}}},"22":{"name":"(anonymous_22)","decl":{"start":{"line":394,"column":17},"end":{"line":394,"column":18}},"loc":{"start":{"line":394,"column":24},"end":{"line":394,"column":null}}},"23":{"name":"(anonymous_23)","decl":{"start":{"line":404,"column":43},"end":{"line":404,"column":44}},"loc":{"start":{"line":404,"column":74},"end":{"line":410,"column":7}}},"24":{"name":"(anonymous_24)","decl":{"start":{"line":406,"column":18},"end":{"line":406,"column":25}},"loc":{"start":{"line":406,"column":25},"end":{"line":406,"column":57}}},"25":{"name":"(anonymous_25)","decl":{"start":{"line":415,"column":41},"end":{"line":415,"column":47}},"loc":{"start":{"line":415,"column":47},"end":{"line":419,"column":7}}},"26":{"name":"(anonymous_26)","decl":{"start":{"line":418,"column":20},"end":{"line":418,"column":27}},"loc":{"start":{"line":418,"column":27},"end":{"line":418,"column":60}}},"27":{"name":"(anonymous_27)","decl":{"start":{"line":421,"column":32},"end":{"line":421,"column":33}},"loc":{"start":{"line":421,"column":61},"end":{"line":423,"column":7}}},"28":{"name":"(anonymous_28)","decl":{"start":{"line":425,"column":36},"end":{"line":425,"column":42}},"loc":{"start":{"line":425,"column":42},"end":{"line":434,"column":7}}},"29":{"name":"(anonymous_29)","decl":{"start":{"line":431,"column":10},"end":{"line":431,"column":11}},"loc":{"start":{"line":431,"column":17},"end":{"line":431,"column":null}}},"30":{"name":"(anonymous_30)","decl":{"start":{"line":436,"column":32},"end":{"line":436,"column":38}},"loc":{"start":{"line":436,"column":38},"end":{"line":439,"column":7}}},"31":{"name":"(anonymous_31)","decl":{"start":{"line":446,"column":31},"end":{"line":446,"column":37}},"loc":{"start":{"line":446,"column":37},"end":{"line":472,"column":7}}},"32":{"name":"(anonymous_32)","decl":{"start":{"line":448,"column":49},"end":{"line":448,"column":50}},"loc":{"start":{"line":448,"column":56},"end":{"line":470,"column":7}}},"33":{"name":"(anonymous_33)","decl":{"start":{"line":475,"column":6},"end":{"line":475,"column":7}},"loc":{"start":{"line":475,"column":22},"end":{"line":484,"column":null}}},"34":{"name":"(anonymous_34)","decl":{"start":{"line":489,"column":6},"end":{"line":489,"column":7}},"loc":{"start":{"line":489,"column":18},"end":{"line":556,"column":null}}},"35":{"name":"(anonymous_35)","decl":{"start":{"line":504,"column":26},"end":{"line":504,"column":27}},"loc":{"start":{"line":504,"column":40},"end":{"line":550,"column":11}}},"36":{"name":"(anonymous_36)","decl":{"start":{"line":543,"column":27},"end":{"line":543,"column":28}},"loc":{"start":{"line":543,"column":34},"end":{"line":543,"column":46}}},"37":{"name":"(anonymous_37)","decl":{"start":{"line":565,"column":22},"end":{"line":565,"column":23}},"loc":{"start":{"line":565,"column":29},"end":{"line":565,"column":null}}},"38":{"name":"(anonymous_38)","decl":{"start":{"line":591,"column":18},"end":{"line":591,"column":19}},"loc":{"start":{"line":591,"column":67},"end":{"line":607,"column":null}}}},"branchMap":{"0":{"loc":{"start":{"line":66,"column":6},"end":{"line":66,"column":null}},"type":"if","locations":[{"start":{"line":66,"column":6},"end":{"line":66,"column":null}},{"start":{},"end":{}}]},"1":{"loc":{"start":{"line":77,"column":6},"end":{"line":100,"column":null}},"type":"if","locations":[{"start":{"line":77,"column":6},"end":{"line":100,"column":null}},{"start":{"line":98,"column":13},"end":{"line":100,"column":null}}]},"2":{"loc":{"start":{"line":87,"column":12},"end":{"line":87,"column":null}},"type":"cond-expr","locations":[{"start":{"line":87,"column":34},"end":{"line":87,"column":48}},{"start":{"line":87,"column":48},"end":{"line":87,"column":null}}]},"3":{"loc":{"start":{"line":88,"column":12},"end":{"line":88,"column":null}},"type":"binary-expr","locations":[{"start":{"line":88,"column":12},"end":{"line":88,"column":28}},{"start":{"line":88,"column":28},"end":{"line":88,"column":null}}]},"4":{"loc":{"start":{"line":104,"column":6},"end":{"line":106,"column":null}},"type":"if","locations":[{"start":{"line":104,"column":6},"end":{"line":106,"column":null}},{"start":{},"end":{}}]},"5":{"loc":{"start":{"line":111,"column":8},"end":{"line":116,"column":null}},"type":"if","locations":[{"start":{"line":111,"column":8},"end":{"line":116,"column":null}},{"start":{},"end":{}}]},"6":{"loc":{"start":{"line":119,"column":8},"end":{"line":125,"column":null}},"type":"if","locations":[{"start":{"line":119,"column":8},"end":{"line":125,"column":null}},{"start":{},"end":{}}]},"7":{"loc":{"start":{"line":127,"column":8},"end":{"line":138,"column":null}},"type":"if","locations":[{"start":{"line":127,"column":8},"end":{"line":138,"column":null}},{"start":{},"end":{}}]},"8":{"loc":{"start":{"line":128,"column":10},"end":{"line":130,"column":null}},"type":"if","locations":[{"start":{"line":128,"column":10},"end":{"line":130,"column":null}},{"start":{},"end":{}}]},"9":{"loc":{"start":{"line":145,"column":8},"end":{"line":147,"column":null}},"type":"if","locations":[{"start":{"line":145,"column":8},"end":{"line":147,"column":null}},{"start":{},"end":{}}]},"10":{"loc":{"start":{"line":149,"column":8},"end":{"line":159,"column":null}},"type":"if","locations":[{"start":{"line":149,"column":8},"end":{"line":159,"column":null}},{"start":{},"end":{}}]},"11":{"loc":{"start":{"line":151,"column":10},"end":{"line":158,"column":null}},"type":"if","locations":[{"start":{"line":151,"column":10},"end":{"line":158,"column":null}},{"start":{},"end":{}}]},"12":{"loc":{"start":{"line":152,"column":12},"end":{"line":153,"column":null}},"type":"binary-expr","locations":[{"start":{"line":152,"column":12},"end":{"line":152,"column":null}},{"start":{"line":153,"column":12},"end":{"line":153,"column":null}}]},"13":{"loc":{"start":{"line":155,"column":12},"end":{"line":157,"column":null}},"type":"if","locations":[{"start":{"line":155,"column":12},"end":{"line":157,"column":null}},{"start":{},"end":{}}]},"14":{"loc":{"start":{"line":195,"column":8},"end":{"line":199,"column":null}},"type":"if","locations":[{"start":{"line":195,"column":8},"end":{"line":199,"column":null}},{"start":{},"end":{}}]},"15":{"loc":{"start":{"line":196,"column":10},"end":{"line":198,"column":null}},"type":"if","locations":[{"start":{"line":196,"column":10},"end":{"line":198,"column":null}},{"start":{},"end":{}}]},"16":{"loc":{"start":{"line":196,"column":14},"end":{"line":196,"column":71}},"type":"binary-expr","locations":[{"start":{"line":196,"column":14},"end":{"line":196,"column":40}},{"start":{"line":196,"column":40},"end":{"line":196,"column":71}}]},"17":{"loc":{"start":{"line":205,"column":8},"end":{"line":221,"column":null}},"type":"if","locations":[{"start":{"line":205,"column":8},"end":{"line":221,"column":null}},{"start":{},"end":{}}]},"18":{"loc":{"start":{"line":207,"column":10},"end":{"line":207,"column":null}},"type":"if","locations":[{"start":{"line":207,"column":10},"end":{"line":207,"column":null}},{"start":{},"end":{}}]},"19":{"loc":{"start":{"line":209,"column":10},"end":{"line":220,"column":null}},"type":"if","locations":[{"start":{"line":209,"column":10},"end":{"line":220,"column":null}},{"start":{},"end":{}}]},"20":{"loc":{"start":{"line":210,"column":12},"end":{"line":216,"column":null}},"type":"binary-expr","locations":[{"start":{"line":210,"column":12},"end":{"line":210,"column":null}},{"start":{"line":211,"column":12},"end":{"line":211,"column":null}},{"start":{"line":212,"column":12},"end":{"line":212,"column":null}},{"start":{"line":213,"column":12},"end":{"line":213,"column":null}},{"start":{"line":214,"column":12},"end":{"line":214,"column":null}},{"start":{"line":215,"column":12},"end":{"line":215,"column":null}},{"start":{"line":216,"column":12},"end":{"line":216,"column":null}}]},"21":{"loc":{"start":{"line":223,"column":8},"end":{"line":226,"column":null}},"type":"if","locations":[{"start":{"line":223,"column":8},"end":{"line":226,"column":null}},{"start":{},"end":{}}]},"22":{"loc":{"start":{"line":229,"column":10},"end":{"line":279,"column":null}},"type":"if","locations":[{"start":{"line":229,"column":10},"end":{"line":279,"column":null}},{"start":{},"end":{}}]},"23":{"loc":{"start":{"line":229,"column":14},"end":{"line":229,"column":75}},"type":"binary-expr","locations":[{"start":{"line":229,"column":14},"end":{"line":229,"column":45}},{"start":{"line":229,"column":45},"end":{"line":229,"column":75}}]},"24":{"loc":{"start":{"line":234,"column":12},"end":{"line":236,"column":null}},"type":"if","locations":[{"start":{"line":234,"column":12},"end":{"line":236,"column":null}},{"start":{},"end":{}}]},"25":{"loc":{"start":{"line":234,"column":16},"end":{"line":234,"column":48}},"type":"binary-expr","locations":[{"start":{"line":234,"column":16},"end":{"line":234,"column":23}},{"start":{"line":234,"column":23},"end":{"line":234,"column":48}}]},"26":{"loc":{"start":{"line":237,"column":12},"end":{"line":278,"column":null}},"type":"if","locations":[{"start":{"line":237,"column":12},"end":{"line":278,"column":null}},{"start":{},"end":{}}]},"27":{"loc":{"start":{"line":238,"column":14},"end":{"line":252,"column":null}},"type":"if","locations":[{"start":{"line":238,"column":14},"end":{"line":252,"column":null}},{"start":{},"end":{}}]},"28":{"loc":{"start":{"line":244,"column":28},"end":{"line":246,"column":null}},"type":"cond-expr","locations":[{"start":{"line":245,"column":24},"end":{"line":245,"column":null}},{"start":{"line":246,"column":24},"end":{"line":246,"column":null}}]},"29":{"loc":{"start":{"line":247,"column":25},"end":{"line":247,"column":null}},"type":"binary-expr","locations":[{"start":{"line":247,"column":25},"end":{"line":247,"column":32}},{"start":{"line":247,"column":32},"end":{"line":247,"column":null}}]},"30":{"loc":{"start":{"line":253,"column":14},"end":{"line":266,"column":null}},"type":"if","locations":[{"start":{"line":253,"column":14},"end":{"line":266,"column":null}},{"start":{},"end":{}}]},"31":{"loc":{"start":{"line":260,"column":33},"end":{"line":260,"column":72}},"type":"binary-expr","locations":[{"start":{"line":260,"column":33},"end":{"line":260,"column":71}},{"start":{"line":260,"column":71},"end":{"line":260,"column":72}}]},"32":{"loc":{"start":{"line":261,"column":25},"end":{"line":261,"column":null}},"type":"binary-expr","locations":[{"start":{"line":261,"column":25},"end":{"line":261,"column":32}},{"start":{"line":261,"column":32},"end":{"line":261,"column":null}}]},"33":{"loc":{"start":{"line":267,"column":14},"end":{"line":277,"column":null}},"type":"if","locations":[{"start":{"line":267,"column":14},"end":{"line":277,"column":null}},{"start":{},"end":{}}]},"34":{"loc":{"start":{"line":270,"column":16},"end":{"line":276,"column":null}},"type":"if","locations":[{"start":{"line":270,"column":16},"end":{"line":276,"column":null}},{"start":{},"end":{}}]},"35":{"loc":{"start":{"line":271,"column":18},"end":{"line":273,"column":null}},"type":"binary-expr","locations":[{"start":{"line":271,"column":18},"end":{"line":271,"column":null}},{"start":{"line":272,"column":18},"end":{"line":272,"column":null}},{"start":{"line":273,"column":18},"end":{"line":273,"column":null}}]},"36":{"loc":{"start":{"line":280,"column":10},"end":{"line":300,"column":null}},"type":"if","locations":[{"start":{"line":280,"column":10},"end":{"line":300,"column":null}},{"start":{},"end":{}}]},"37":{"loc":{"start":{"line":283,"column":12},"end":{"line":299,"column":null}},"type":"if","locations":[{"start":{"line":283,"column":12},"end":{"line":299,"column":null}},{"start":{"line":297,"column":19},"end":{"line":299,"column":null}}]},"38":{"loc":{"start":{"line":284,"column":14},"end":{"line":296,"column":null}},"type":"if","locations":[{"start":{"line":284,"column":14},"end":{"line":296,"column":null}},{"start":{},"end":{}}]},"39":{"loc":{"start":{"line":286,"column":16},"end":{"line":286,"column":null}},"type":"if","locations":[{"start":{"line":286,"column":16},"end":{"line":286,"column":null}},{"start":{},"end":{}}]},"40":{"loc":{"start":{"line":304,"column":24},"end":{"line":304,"column":null}},"type":"binary-expr","locations":[{"start":{"line":304,"column":24},"end":{"line":304,"column":48}},{"start":{"line":304,"column":48},"end":{"line":304,"column":null}}]},"41":{"loc":{"start":{"line":307,"column":8},"end":{"line":319,"column":null}},"type":"if","locations":[{"start":{"line":307,"column":8},"end":{"line":319,"column":null}},{"start":{},"end":{}}]},"42":{"loc":{"start":{"line":323,"column":10},"end":{"line":332,"column":null}},"type":"if","locations":[{"start":{"line":323,"column":10},"end":{"line":332,"column":null}},{"start":{},"end":{}}]},"43":{"loc":{"start":{"line":329,"column":12},"end":{"line":331,"column":null}},"type":"if","locations":[{"start":{"line":329,"column":12},"end":{"line":331,"column":null}},{"start":{},"end":{}}]},"44":{"loc":{"start":{"line":339,"column":10},"end":{"line":382,"column":null}},"type":"if","locations":[{"start":{"line":339,"column":10},"end":{"line":382,"column":null}},{"start":{},"end":{}}]},"45":{"loc":{"start":{"line":348,"column":14},"end":{"line":352,"column":null}},"type":"if","locations":[{"start":{"line":348,"column":14},"end":{"line":352,"column":null}},{"start":{},"end":{}}]},"46":{"loc":{"start":{"line":363,"column":24},"end":{"line":368,"column":null}},"type":"cond-expr","locations":[{"start":{"line":364,"column":24},"end":{"line":367,"column":null}},{"start":{"line":368,"column":24},"end":{"line":368,"column":null}}]},"47":{"loc":{"start":{"line":387,"column":8},"end":{"line":390,"column":null}},"type":"if","locations":[{"start":{"line":387,"column":8},"end":{"line":390,"column":null}},{"start":{},"end":{}}]},"48":{"loc":{"start":{"line":394,"column":24},"end":{"line":394,"column":null}},"type":"binary-expr","locations":[{"start":{"line":394,"column":24},"end":{"line":394,"column":46}},{"start":{"line":394,"column":46},"end":{"line":394,"column":null}}]},"49":{"loc":{"start":{"line":407,"column":6},"end":{"line":409,"column":null}},"type":"if","locations":[{"start":{"line":407,"column":6},"end":{"line":409,"column":null}},{"start":{},"end":{}}]},"50":{"loc":{"start":{"line":407,"column":10},"end":{"line":407,"column":67}},"type":"binary-expr","locations":[{"start":{"line":407,"column":10},"end":{"line":407,"column":30}},{"start":{"line":407,"column":30},"end":{"line":407,"column":67}}]},"51":{"loc":{"start":{"line":417,"column":6},"end":{"line":418,"column":null}},"type":"if","locations":[{"start":{"line":417,"column":6},"end":{"line":418,"column":null}},{"start":{},"end":{}}]},"52":{"loc":{"start":{"line":426,"column":6},"end":{"line":426,"column":null}},"type":"if","locations":[{"start":{"line":426,"column":6},"end":{"line":426,"column":null}},{"start":{},"end":{}}]},"53":{"loc":{"start":{"line":427,"column":6},"end":{"line":427,"column":null}},"type":"if","locations":[{"start":{"line":427,"column":6},"end":{"line":427,"column":null}},{"start":{},"end":{}}]},"54":{"loc":{"start":{"line":428,"column":6},"end":{"line":428,"column":null}},"type":"if","locations":[{"start":{"line":428,"column":6},"end":{"line":428,"column":null}},{"start":{},"end":{}}]},"55":{"loc":{"start":{"line":431,"column":17},"end":{"line":431,"column":null}},"type":"binary-expr","locations":[{"start":{"line":431,"column":17},"end":{"line":431,"column":43}},{"start":{"line":431,"column":43},"end":{"line":431,"column":null}}]},"56":{"loc":{"start":{"line":437,"column":6},"end":{"line":437,"column":null}},"type":"if","locations":[{"start":{"line":437,"column":6},"end":{"line":437,"column":null}},{"start":{},"end":{}}]},"57":{"loc":{"start":{"line":438,"column":13},"end":{"line":438,"column":null}},"type":"cond-expr","locations":[{"start":{"line":438,"column":47},"end":{"line":438,"column":57}},{"start":{"line":438,"column":57},"end":{"line":438,"column":null}}]},"58":{"loc":{"start":{"line":438,"column":13},"end":{"line":438,"column":47}},"type":"binary-expr","locations":[{"start":{"line":438,"column":13},"end":{"line":438,"column":28}},{"start":{"line":438,"column":28},"end":{"line":438,"column":47}}]},"59":{"loc":{"start":{"line":451,"column":8},"end":{"line":466,"column":null}},"type":"if","locations":[{"start":{"line":451,"column":8},"end":{"line":466,"column":null}},{"start":{},"end":{}}]},"60":{"loc":{"start":{"line":454,"column":10},"end":{"line":465,"column":null}},"type":"if","locations":[{"start":{"line":454,"column":10},"end":{"line":465,"column":null}},{"start":{"line":461,"column":10},"end":{"line":465,"column":null}}]},"61":{"loc":{"start":{"line":456,"column":18},"end":{"line":456,"column":null}},"type":"binary-expr","locations":[{"start":{"line":456,"column":18},"end":{"line":456,"column":48}},{"start":{"line":456,"column":48},"end":{"line":456,"column":null}}]},"62":{"loc":{"start":{"line":461,"column":10},"end":{"line":465,"column":null}},"type":"if","locations":[{"start":{"line":461,"column":10},"end":{"line":465,"column":null}},{"start":{},"end":{}}]},"63":{"loc":{"start":{"line":491,"column":8},"end":{"line":491,"column":null}},"type":"if","locations":[{"start":{"line":491,"column":8},"end":{"line":491,"column":null}},{"start":{},"end":{}}]},"64":{"loc":{"start":{"line":492,"column":8},"end":{"line":492,"column":null}},"type":"if","locations":[{"start":{"line":492,"column":8},"end":{"line":492,"column":null}},{"start":{},"end":{}}]},"65":{"loc":{"start":{"line":493,"column":8},"end":{"line":493,"column":null}},"type":"if","locations":[{"start":{"line":493,"column":8},"end":{"line":493,"column":null}},{"start":{},"end":{}}]},"66":{"loc":{"start":{"line":499,"column":10},"end":{"line":499,"column":null}},"type":"if","locations":[{"start":{"line":499,"column":10},"end":{"line":499,"column":null}},{"start":{},"end":{}}]},"67":{"loc":{"start":{"line":501,"column":10},"end":{"line":503,"column":null}},"type":"if","locations":[{"start":{"line":501,"column":10},"end":{"line":503,"column":null}},{"start":{},"end":{}}]},"68":{"loc":{"start":{"line":501,"column":14},"end":{"line":501,"column":66}},"type":"binary-expr","locations":[{"start":{"line":501,"column":14},"end":{"line":501,"column":37}},{"start":{"line":501,"column":37},"end":{"line":501,"column":66}}]},"69":{"loc":{"start":{"line":506,"column":38},"end":{"line":506,"column":null}},"type":"binary-expr","locations":[{"start":{"line":506,"column":38},"end":{"line":506,"column":56}},{"start":{"line":506,"column":56},"end":{"line":506,"column":null}}]},"70":{"loc":{"start":{"line":507,"column":12},"end":{"line":507,"column":null}},"type":"if","locations":[{"start":{"line":507,"column":12},"end":{"line":507,"column":null}},{"start":{},"end":{}}]},"71":{"loc":{"start":{"line":507,"column":16},"end":{"line":507,"column":35}},"type":"binary-expr","locations":[{"start":{"line":507,"column":16},"end":{"line":507,"column":27}},{"start":{"line":507,"column":27},"end":{"line":507,"column":35}}]},"72":{"loc":{"start":{"line":512,"column":12},"end":{"line":549,"column":null}},"type":"if","locations":[{"start":{"line":512,"column":12},"end":{"line":549,"column":null}},{"start":{},"end":{}}]},"73":{"loc":{"start":{"line":513,"column":14},"end":{"line":516,"column":null}},"type":"binary-expr","locations":[{"start":{"line":513,"column":14},"end":{"line":513,"column":null}},{"start":{"line":514,"column":14},"end":{"line":514,"column":null}},{"start":{"line":515,"column":14},"end":{"line":515,"column":null}},{"start":{"line":516,"column":14},"end":{"line":516,"column":null}}]},"74":{"loc":{"start":{"line":523,"column":14},"end":{"line":548,"column":null}},"type":"if","locations":[{"start":{"line":523,"column":14},"end":{"line":548,"column":null}},{"start":{},"end":{}}]},"75":{"loc":{"start":{"line":530,"column":16},"end":{"line":547,"column":null}},"type":"if","locations":[{"start":{"line":530,"column":16},"end":{"line":547,"column":null}},{"start":{},"end":{}}]},"76":{"loc":{"start":{"line":531,"column":18},"end":{"line":535,"column":null}},"type":"binary-expr","locations":[{"start":{"line":531,"column":18},"end":{"line":531,"column":null}},{"start":{"line":532,"column":18},"end":{"line":532,"column":null}},{"start":{"line":533,"column":18},"end":{"line":533,"column":null}},{"start":{"line":534,"column":18},"end":{"line":534,"column":null}},{"start":{"line":535,"column":18},"end":{"line":535,"column":null}}]},"77":{"loc":{"start":{"line":578,"column":12},"end":{"line":584,"column":null}},"type":"cond-expr","locations":[{"start":{"line":579,"column":16},"end":{"line":581,"column":null}},{"start":{"line":582,"column":16},"end":{"line":584,"column":null}}]},"78":{"loc":{"start":{"line":592,"column":12},"end":{"line":594,"column":null}},"type":"if","locations":[{"start":{"line":592,"column":12},"end":{"line":594,"column":null}},{"start":{},"end":{}}]},"79":{"loc":{"start":{"line":595,"column":12},"end":{"line":604,"column":null}},"type":"if","locations":[{"start":{"line":595,"column":12},"end":{"line":604,"column":null}},{"start":{},"end":{}}]},"80":{"loc":{"start":{"line":601,"column":14},"end":{"line":603,"column":null}},"type":"if","locations":[{"start":{"line":601,"column":14},"end":{"line":603,"column":null}},{"start":{},"end":{}}]}},"s":{"0":1,"1":62,"2":62,"3":62,"4":62,"5":62,"6":62,"7":62,"8":1963,"9":1963,"10":1745,"11":218,"12":62,"13":62,"14":62,"15":62,"16":62,"17":62,"18":31,"19":31,"20":31,"21":31,"22":31,"23":31,"24":31,"25":31,"26":31,"27":31,"28":0,"29":31,"30":31,"31":31,"32":31,"33":0,"34":62,"35":31,"36":31,"37":62,"38":38,"39":38,"40":38,"41":38,"42":0,"43":0,"44":0,"45":0,"46":0,"47":0,"48":0,"49":0,"50":0,"51":0,"52":0,"53":0,"54":0,"55":0,"56":0,"57":62,"58":0,"59":0,"60"
[...]
":[{"start":{"line":384,"column":8},"end":{"line":384,"column":30}},{"start":{"line":384,"column":30},"end":{"line":384,"column":38}},{"start":{"line":384,"column":38},"end":{"line":384,"column":74}}]},"81":{"loc":{"start":{"line":401,"column":2},"end":{"line":401,"column":null}},"type":"default-arg","locations":[{"start":{"line":401,"column":14},"end":{"line":401,"column":null}}]},"82":{"loc":{"start":{"line":406,"column":2},"end":{"line":406,"column":null}},"type":"if","locations":[{"start":{"line":406,"column":2},"end":{"line":406,"column":null}},{"start":{},"end":{}}]},"83":{"loc":{"start":{"line":406,"column":6},"end":{"line":406,"column":40}},"type":"binary-expr","locations":[{"start":{"line":406,"column":6},"end":{"line":406,"column":26}},{"start":{"line":406,"column":26},"end":{"line":406,"column":40}}]},"84":{"loc":{"start":{"line":409,"column":2},"end":{"line":433,"column":null}},"type":"if","locations":[{"start":{"line":409,"column":2},"end":{"line":433,"column":null}},{"start":{"line":418,"column":9},"end":{"line":433,"column":null}}]},"85":{"loc":{"start":{"line":412,"column":6},"end":{"line":414,"column":null}},"type":"if","locations":[{"start":{"line":412,"column":6},"end":{"line":414,"column":null}},{"start":{},"end":{}}]},"86":{"loc":{"start":{"line":413,"column":17},"end":{"line":413,"column":74}},"type":"binary-expr","locations":[{"start":{"line":413,"column":17},"end":{"line":413,"column":69}},{"start":{"line":413,"column":69},"end":{"line":413,"column":74}}]},"87":{"loc":{"start":{"line":421,"column":6},"end":{"line":427,"column":null}},"type":"if","locations":[{"start":{"line":421,"column":6},"end":{"line":427,"column":null}},{"start":{},"end":{}}]},"88":{"loc":{"start":{"line":423,"column":10},"end":{"line":425,"column":null}},"type":"if","locations":[{"start":{"line":423,"column":10},"end":{"line":425,"column":null}},{"start":{},"end":{}}]},"89":{"loc":{"start":{"line":428,"column":6},"end":{"line":430,"column":null}},"type":"if","locations":[{"start":{"line":428,"column":6},"end":{"line":430,"column":null}},{"start":{},"end":{}}]},"90":{"loc":{"start":{"line":448,"column":21},"end":{"line":448,"column":null}},"type":"binary-expr","locations":[{"start":{"line":448,"column":21},"end":{"line":448,"column":41}},{"start":{"line":448,"column":41},"end":{"line":448,"column":null}}]},"91":{"loc":{"start":{"line":449,"column":6},"end":{"line":461,"column":null}},"type":"if","locations":[{"start":{"line":449,"column":6},"end":{"line":461,"column":null}},{"start":{},"end":{}}]},"92":{"loc":{"start":{"line":450,"column":8},"end":{"line":460,"column":null}},"type":"if","locations":[{"start":{"line":450,"column":8},"end":{"line":460,"column":null}},{"start":{"line":452,"column":8},"end":{"line":460,"column":null}}]},"93":{"loc":{"start":{"line":452,"column":8},"end":{"line":460,"column":null}},"type":"if","locations":[{"start":{"line":452,"column":8},"end":{"line":460,"column":null}},{"start":{"line":458,"column":15},"end":{"line":460,"column":null}}]},"94":{"loc":{"start":{"line":455,"column":10},"end":{"line":455,"column":null}},"type":"if","locations":[{"start":{"line":455,"column":10},"end":{"line":455,"column":null}},{"start":{},"end":{}}]},"95":{"loc":{"start":{"line":457,"column":10},"end":{"line":457,"column":null}},"type":"if","locations":[{"start":{"line":457,"column":10},"end":{"line":457,"column":null}},{"start":{},"end":{}}]},"96":{"loc":{"start":{"line":466,"column":4},"end":{"line":466,"column":null}},"type":"if","locations":[{"start":{"line":466,"column":4},"end":{"line":466,"column":null}},{"start":{},"end":{}}]},"97":{"loc":{"start":{"line":466,"column":8},"end":{"line":466,"column":52}},"type":"binary-expr","locations":[{"start":{"line":466,"column":8},"end":{"line":466,"column":33}},{"start":{"line":466,"column":33},"end":{"line":466,"column":52}}]},"98":{"loc":{"start":{"line":467,"column":4},"end":{"line":490,"column":null}},"type":"if","locations":[{"start":{"line":467,"column":4},"end":{"line":490,"column":null}},{"start":{},"end":{}}]},"99":{"loc":{"start":{"line":470,"column":31},"end":{"line":474,"column":null}},"type":"cond-expr","locations":[{"start":{"line":471,"column":14},"end":{"line":473,"column":null}},{"start":{"line":474,"column":14},"end":{"line":474,"column":null}}]},"100":{"loc":{"start":{"line":471,"column":14},"end":{"line":473,"column":null}},"type":"cond-expr","locations":[{"start":{"line":472,"column":16},"end":{"line":472,"column":null}},{"start":{"line":473,"column":16},"end":{"line":473,"column":null}}]},"101":{"loc":{"start":{"line":476,"column":10},"end":{"line":486,"column":null}},"type":"switch","locations":[{"start":{"line":477,"column":12},"end":{"line":479,"column":null}},{"start":{"line":480,"column":12},"end":{"line":482,"column":null}},{"start":{"line":483,"column":12},"end":{"line":485,"column":null}}]}},"s":{"0":2,"1":2,"2":2,"3":780,"4":780,"5":780,"6":73,"7":73,"8":185,"9":185,"10":111,"11":115,"12":111,"13":110,"14":1,"15":0,"16":1,"17":111,"18":0,"19":0,"20":2,"21":2,"22":16,"23":16,"24":16,"25":0,"26":0,"27":0,"28":0,"29":16,"30":5,"31":11,"32":0,"33":0,"34":0,"35":11,"36":16,"37":1,"38":1,"39":5,"40":5,"41":0,"42":0,"43":0,"44":0,"45":0,"46":0,"47":0,"48":0,"49":0,"50":0,"51":0,"52":0,"53":0,"54":0,"55":0,"56":1,"57":1,"58":0,"59":0,"60":0,"61":0,"62":0,"63":0,"64":386,"65":239,"66":386,"67":780,"68":2,"69":297,"70":297,"71":297,"72":780,"73":780,"74":221,"75":221,"76":221,"77":221,"78":0,"79":0,"80":0,"81":0,"82":0,"83":221,"84":780,"85":780,"86":5,"87":5,"88":5,"89":15,"90":5,"91":0,"92":5,"93":5,"94":5,"95":5,"96":0,"97":5,"98":0,"99":0,"100":0,"101":0,"102":0,"103":5,"104":5,"105":5,"106":0,"107":0,"108":0,"109":0,"110":5,"111":5,"112":0,"113":0,"114":0,"115":0,"116":0,"117":0,"118":0,"119":0,"120":775,"121":2,"122":2,"123":0,"124":0,"125":0,"126":773,"127":0,"128":0,"129":0,"130":773,"131":773,"132":481,"133":481,"134":477,"135":297,"136":2,"137":238,"138":240,"139":2,"140":0,"141":0,"142":0,"143":0,"144":0,"145":0,"146":0,"147":0,"148":0,"149":0,"150":0,"151":0,"152":0,"153":0,"154":2,"155":239,"156":0,"157":239,"158":239,"159":239,"160":239,"161":2,"162":2,"163":2,"164":239,"165":0,"166":239,"167":0,"168":239,"169":1,"170":239,"171":1,"172":239,"173":2,"174":239,"175":0,"176":239,"177":0,"178":239,"179":239,"180":241,"181":239,"182":239,"183":1,"184":238,"185":0,"186":0,"187":0,"188":239,"189":2,"190":0,"191":0,"192":0,"193":0,"194":0,"195":0,"196":0,"197":0,"198":0,"199":0,"200":0,"201":0,"202":0,"203":0,"204":0,"205":0,"206":0,"207":0,"208":0,"209":0,"210":0,"211":0,"212":0,"213":0,"214":0,"215":0,"216":0,"217":0,"218":0,"219":0,"220":0,"221":0,"222":0,"223":0,"224":0,"225":0,"226":0,"227":0,"228":0,"229":0,"230":0,"231":0,"232":0,"233":0,"234":0,"235":0,"236":0,"237":0,"238":0,"239":0,"240":0,"241":0,"242":0,"243":0,"244":0,"245":0,"246":0,"247":0,"248":0,"249":0,"250":0,"251":0,"252":0,"253":0,"254":0,"255":0,"256":0},"f":{"0":780,"1":115,"2":0,"3":297,"4":15,"5":0,"6":0,"7":238,"8":240,"9":0,"10":239,"11":239,"12":241,"13":0,"14":0,"15":0,"16":0,"17":0},"b":{"0":[0],"1":[73,185,111,0,2,16,1,5,0,0,0,0,1,0,0,0,386],"2":[115,0],"3":[110,1],"4":[111,110],"5":[0,1],"6":[1,0],"7":[0,1],"8":[0,16],"9":[0,0],"10":[0,0],"11":[0,0],"12":[0,0],"13":[0,0],"14":[5,11],"15":[0,11],"16":[0,0],"17":[0,0],"18":[0,0],"19":[0,0],"20":[239,147],"21":[31],"22":[31],"23":[221,559],"24":[0,221],"25":[0,0,0],"26":[0,0],"27":[0,0],"28":[5,775],"29":[0,5],"30":[0,5],"31":[5,0],"32":[0,5],"33":[0,5],"34":[0,0],"35":[0,5],"36":[5,0],"37":[0,0],"38":[0,0],"39":[0,0],"40":[0,5],"41":[0,0],"42":[0,5],"43":[0,0],"44":[0,0,0],"45":[0,0],"46":[0,0],"47":[2,773],"48":[0,2],"49":[2,2],"50":[0,0],"51":[0,773],"52":[773,66,0],"53":[0,0],"54":[481,292],"55":[773,513,513],"56":[477,4],"57":[0,0],"58":[0,0],"59":[0,0],"60":[0,0],"61":[0,0],"62":[0,0],"63":[0,0],"64":[0,239],"65":[2,237],"66":[239,239,238,237],"67":[2,2],"68":[2,2],"69":[0,239],"70":[0,239],"71":[1,238],"72":[1,238],"73":[0,239],"74":[0,239],"75":[239,239,1,1,1],"76":[1,238],"77":[0,238],"78":[238,0],"79":[0,0],"80":[0,0,0],"81":[0],"82":[0,0],"83":[0,0],"84":[0,0],"85":[0,0],"86":[0,0],"87":[0,0],"88":[0,0],"89":[0,0],"90":[0,0],"91":[0,0],"92":[0,0],"93":[0,0],"94":[0,0],"95":[0,0],"96":[0,0],"97":[0,0],"98":[0,0],"99":[0,0],"100":[0,0],"101":[0,0,0]}}
,"C:/Users/2Chaos/test/md-editor/src/MarkdownEditor/editor/utils/useLocalState.ts": {"path":"C:/Users/2Chaos/test/md-editor/src/MarkdownEditor/editor/utils/useLocalState.ts","statementMap":{"0":{"start":{"line":16,"column":29},"end":{"line":38,"column":null}},"1":{"start":{"line":20,"column":16},"end":{"line":22,"column":null}},"2":{"start":{"line":21,"column":4},"end":{"line":21,"column":null}},"3":{"start":{"line":23,"column":19},"end":{"line":36,"column":null}},"4":{"start":{"line":25,"column":6},"end":{"line":33,"column":null}},"5":{"start":{"line":27,"column":8},"end":{"line":27,"column":null}},"6":{"start":{"line":29,"column":8},"end":{"line":32,"column":null}},"7":{"start":{"line":31,"column":10},"end":{"line":31,"column":null}},"8":{"start":{"line":37,"column":2},"end":{"line":37,"column":null}}},"fnMap":{"0":{"name":"(anonymous_0)","decl":{"start":{"line":16,"column":29},"end":{"line":16,"column":null}},"loc":{"start":{"line":19,"column":37},"end":{"line":38,"column":null}}},"1":{"name":"(anonymous_1)","decl":{"start":{"line":20,"column":35},"end":{"line":20,"column":41}},"loc":{"start":{"line":20,"column":41},"end":{"line":22,"column":5}}},"2":{"name":"(anonymous_2)","decl":{"start":{"line":24,"column":11},"end":{"line":24,"column":12}},"loc":{"start":{"line":24,"column":26},"end":{"line":34,"column":5}}}},"branchMap":{"0":{"loc":{"start":{"line":21,"column":11},"end":{"line":21,"column":null}},"type":"cond-expr","locations":[{"start":{"line":21,"column":38},"end":{"line":21,"column":47}},{"start":{"line":21,"column":47},"end":{"line":21,"column":null}}]},"1":{"loc":{"start":{"line":25,"column":6},"end":{"line":33,"column":null}},"type":"if","locations":[{"start":{"line":25,"column":6},"end":{"line":33,"column":null}},{"start":{"line":28,"column":13},"end":{"line":33,"column":null}}]}},"s":{"0":1,"1":68,"2":34,"3":68,"4":34,"5":0,"6":34,"7":52,"8":68},"f":{"0":68,"1":34,"2":34},"b":{"0":[0,34],"1":[0,34]}}
,"C:/Users/2Chaos/test/md-editor/src/MarkdownEditor/editor/utils/useStyle/index.tsx": {"path":"C:/Users/2Chaos/test/md-editor/src/MarkdownEditor/editor/utils/useStyle/index.tsx","statementMap":{"0":{"start":{"line":41,"column":60},"end":{"line":53,"column":null}},"1":{"start":{"line":43,"column":6},"end":{"line":53,"column":null}},"2":{"start":{"line":65,"column":35},"end":{"line":65,"column":null}},"3":{"start":{"line":66,"column":20},"end":{"line":71,"column":null}},"4":{"start":{"line":72,"column":27},"end":{"line":72,"column":null}},"5":{"start":{"line":74,"column":2},"end":{"line":74,"column":null}},"6":{"start":{"line":75,"column":2},"end":{"line":75,"column":null}},"7":{"start":{"line":77,"column":2},"end":{"line":77,"column":null}},"8":{"start":{"line":79,"column":2},"end":{"line":90,"column":null}},"9":{"start":{"line":87,"column":12},"end":{"line":87,"column":null}}},"fnMap":{"0":{"name":"(anonymous_0)","decl":{"start":{"line":41,"column":60},"end":{"line":41,"column":null}},"loc":{"start":{"line":43,"column":6},"end":{"line":53,"column":null}}},"1":{"name":"useEditorStyleRegister","decl":{"start":{"line":61,"column":16},"end":{"line":61,"column":null}},"loc":{"start":{"line":64,"column":2},"end":{"line":91,"column":null}}},"2":{"name":"(anonymous_2)","decl":{"start":{"line":87,"column":6},"end":{"line":87,"column":12}},"loc":{"start":{"line":87,"column":12},"end":{"line":87,"column":null}}}},"branchMap":{},"s":{"0":1,"1":22,"2":234,"3":234,"4":234,"5":234,"6":234,"7":234,"8":234,"9":41},"f":{"0":22,"1":234,"2":41},"b":{}}
,"C:/Users/2Chaos/test/md-editor/src/MarkdownEditor/hooks/editor.ts": {"path":"C:/Users/2Chaos/test/md-editor/src/MarkdownEditor/hooks/editor.ts","statementMap":{"0":{"start":{"line":33,"column":26},"end":{"line":74,"column":null}},"1":{"start":{"line":34,"column":17},"end":{"line":34,"column":null}},"2":{"start":{"line":36,"column":17},"end":{"line":43,"column":null}},"3":{"start":{"line":38,"column":6},"end":{"line":40,"column":null}},"4":{"start":{"line":45,"column":17},"end":{"line":67,"column":null}},"5":{"start":{"line":47,"column":6},"end":{"line":64,"column":null}},"6":{"start":{"line":48,"column":21},"end":{"line":48,"column":null}},"7":{"start":{"line":49,"column":8},"end":{"line":49,"column":null}},"8":{"start":{"line":50,"column":8},"end":{"line":61,"column":null}},"9":{"start":{"line":54,"column":22},"end":{"line":54,"column":null}},"10":{"start":{"line":55,"column":10},"end":{"line":55,"column":null}},"11":{"start":{"line":56,"column":10},"end":{"line":60,"column":null}},"12":{"start":{"line":63,"column":8},"end":{"line":63,"column":null}},"13":{"start":{"line":69,"column":2},"end":{"line":69,"column":null}},"14":{"start":{"line":91,"column":28},"end":{"line":121,"column":null}},"15":{"start":{"line":92,"column":17},"end":{"line":92,"column":null}},"16":{"start":{"line":93,"column":20},"end":{"line":93,"column":null}},"17":{"start":{"line":94,"column":28},"end":{"line":97,"column":null}},"18":{"start":{"line":99,"column":2},"end":{"line":115,"column":null}},"19":{"start":{"line":102,"column":19},"end":{"line":102,"column":null}},"20":{"start":{"line":103,"column":6},"end":{"line":108,"column":null}},"21":{"start":{"line":104,"column":8},"end":{"line":107,"column":null}},"22":{"start":{"line":109,"column":6},"end":{"line":112,"column":null}},"23":{"start":{"line":116,"column":2},"end":{"line":116,"column":null}}},"fnMap":{"0":{"name":"(anonymous_0)","decl":{"start":{"line":33,"column":26},"end":{"line":33,"column":27}},"loc":{"start":{"line":33,"column":47},"end":{"line":74,"column":null}}},"1":{"name":"(anonymous_1)","decl":{"start":{"line":37,"column":4},"end":{"line":37,"column":5}},"loc":{"start":{"line":37,"column":59},"end":{"line":41,"column":null}}},"2":{"name":"(anonymous_2)","decl":{"start":{"line":46,"column":4},"end":{"line":46,"column":5}},"loc":{"start":{"line":46,"column":31},"end":{"line":65,"column":null}}},"3":{"name":"(anonymous_3)","decl":{"start":{"line":91,"column":28},"end":{"line":91,"column":29}},"loc":{"start":{"line":91,"column":46},"end":{"line":121,"column":null}}},"4":{"name":"(anonymous_4)","decl":{"start":{"line":101,"column":4},"end":{"line":101,"column":5}},"loc":{"start":{"line":101,"column":13},"end":{"line":113,"column":null}}}},"branchMap":{"0":{"loc":{"start":{"line":39,"column":41},"end":{"line":39,"column":54}},"type":"binary-expr","locations":[{"start":{"line":39,"column":41},"end":{"line":39,"column":52}},{"start":{"line":39,"column":52},"end":{"line":39,"column":54}}]},"1":{"loc":{"start":{"line":48,"column":50},"end":{"line":48,"column":63}},"type":"binary-expr","locations":[{"start":{"line":48,"column":50},"end":{"line":48,"column":61}},{"start":{"line":48,"column":61},"end":{"line":48,"column":63}}]},"2":{"loc":{"start":{"line":50,"column":8},"end":{"line":61,"column":null}},"type":"if","locations":[{"start":{"line":50,"column":8},"end":{"line":61,"column":null}},{"start":{},"end":{}}]},"3":{"loc":{"start":{"line":51,"column":10},"end":{"line":52,"column":null}},"type":"binary-expr","locations":[{"start":{"line":51,"column":10},"end":{"line":51,"column":null}},{"start":{"line":52,"column":10},"end":{"line":52,"column":null}}]},"4":{"loc":{"start":{"line":95,"column":14},"end":{"line":95,"column":null}},"type":"binary-expr","locations":[{"start":{"line":95,"column":14},"end":{"line":95,"column":38}},{"start":{"line":95,"column":38},"end":{"line":95,"column":null}}]},"5":{"loc":{"start":{"line":103,"column":6},"end":{"line":108,"column":null}},"type":"if","locations":[{"start":{"line":103,"column":6},"end":{"line":108,"column":null}},{"start":{},"end":{}}]},"6":{"loc":{"start":{"line":111,"column":36},"end":{"line":111,"column":55}},"type":"binary-expr","locations":[{"start":{"line":111,"column":36},"end":{"line":111,"column":53}},{"start":{"line":111,"column":53},"end":{"line":111,"column":55}}]}},"s":{"0":1,"1":31,"2":31,"3":6,"4":31,"5":0,"6":0,"7":0,"8":0,"9":0,"10":0,"11":0,"12":0,"13":31,"14":1,"15":2040,"16":2040,"17":2040,"18":2040,"19":0,"20":0,"21":0,"22":0,"23":2040},"f":{"0":31,"1":6,"2":0,"3":2040,"4":0},"b":{"0":[6,6],"1":[0,0],"2":[0,0],"3":[0,0],"4":[2040,2040],"5":[0,0],"6":[0,0]}}
,"C:/Users/2Chaos/test/md-editor/src/MarkdownEditor/hooks/subscribe.ts": {"path":"C:/Users/2Chaos/test/md-editor/src/MarkdownEditor/hooks/subscribe.ts","statementMap":{"0":{"start":{"line":14,"column":29},"end":{"line":23,"column":null}},"1":{"start":{"line":19,"column":2},"end":{"line":22,"column":null}},"2":{"start":{"line":20,"column":19},"end":{"line":20,"column":null}},"3":{"start":{"line":21,"column":4},"end":{"line":21,"column":null}},"4":{"start":{"line":21,"column":17},"end":{"line":21,"column":null}},"5":{"start":{"line":34,"column":26},"end":{"line":43,"column":null}},"6":{"start":{"line":38,"column":2},"end":{"line":42,"column":null}},"7":{"start":{"line":40,"column":19},"end":{"line":40,"column":null}},"8":{"start":{"line":41,"column":4},"end":{"line":41,"column":null}},"9":{"start":{"line":41,"column":17},"end":{"line":41,"column":null}},"10":{"start":{"line":53,"column":26},"end":{"line":63,"column":null}},"11":{"start":{"line":58,"column":2},"end":{"line":62,"column":null}},"12":{"start":{"line":59,"column":4},"end":{"line":59,"column":null}},"13":{"start":{"line":59,"column":18},"end":{"line":59,"column":null}},"14":{"start":{"line":60,"column":19},"end":{"line":60,"column":null}},"15":{"start":{"line":61,"column":4},"end":{"line":61,"column":null}},"16":{"start":{"line":61,"column":17},"end":{"line":61,"column":null}}},"fnMap":{"0":{"name":"(anonymous_0)","decl":{"start":{"line":14,"column":29},"end":{"line":14,"column":null}},"loc":{"start":{"line":18,"column":5},"end":{"line":23,"column":null}}},"1":{"name":"(anonymous_1)","decl":{"start":{"line":19,"column":12},"end":{"line":19,"column":18}},"loc":{"start":{"line":19,"column":18},"end":{"line":22,"column":5}}},"2":{"name":"(anonymous_2)","decl":{"start":{"line":21,"column":11},"end":{"line":21,"column":17}},"loc":{"start":{"line":21,"column":17},"end":{"line":21,"column":null}}},"3":{"name":"(anonymous_3)","decl":{"start":{"line":34,"column":26},"end":{"line":34,"column":null}},"loc":{"start":{"line":37,"column":5},"end":{"line":43,"column":null}}},"4":{"name":"(anonymous_4)","decl":{"start":{"line":38,"column":12},"end":{"line":38,"column":18}},"loc":{"start":{"line":38,"column":18},"end":{"line":42,"column":5}}},"5":{"name":"(anonymous_5)","decl":{"start":{"line":41,"column":11},"end":{"line":41,"column":17}},"loc":{"start":{"line":41,"column":17},"end":{"line":41,"column":null}}},"6":{"name":"(anonymous_6)","decl":{"start":{"line":53,"column":26},"end":{"line":53,"column":null}},"loc":{"start":{"line":57,"column":5},"end":{"line":63,"column":null}}},"7":{"name":"(anonymous_7)","decl":{"start":{"line":58,"column":18},"end":{"line":58,"column":24}},"loc":{"start":{"line":58,"column":24},"end":{"line":62,"column":5}}},"8":{"name":"(anonymous_8)","decl":{"start":{"line":61,"column":11},"end":{"line":61,"column":17}},"loc":{"start":{"line":61,"column":17},"end":{"line":61,"column":null}}}},"branchMap":{"0":{"loc":{"start":{"line":56,"column":2},"end":{"line":56,"column":null}},"type":"default-arg","locations":[{"start":{"line":56,"column":16},"end":{"line":56,"column":null}}]},"1":{"loc":{"start":{"line":59,"column":4},"end":{"line":59,"column":null}},"type":"if","locations":[{"start":{"line":59,"column":4},"end":{"line":59,"column":null}},{"start":{},"end":{}}]}},"s":{"0":1,"1":0,"2":0,"3":0,"4":0,"5":1,"6":0,"7":0,"8":0,"9":0,"10":1,"11":2117,"12":1891,"13":0,"14":1891,"15":1891,"16":1891},"f":{"0":0,"1":0,"2":0,"3":0,"4":0,"5":0,"6":2117,"7":1891,"8":1891},"b":{"0":[77],"1":[0,1891]}}
}
