TN:
SF:src\MarkdownEditor\index.tsx
FN:238,(anonymous_0)
FN:253,(anonymous_1)
FN:262,(anonymous_2)
FN:280,(anonymous_3)
FN:292,(anonymous_4)
FN:293,(anonymous_5)
FN:296,(anonymous_6)
FN:297,(anonymous_7)
FN:303,(anonymous_8)
FN:306,(anonymous_9)
FN:316,(anonymous_10)
FN:319,(anonymous_11)
FN:380,(anonymous_12)
FN:381,(anonymous_13)
FNF:14
FNH:14
FNDA:82,(anonymous_0)
FNDA:47,(anonymous_1)
FNDA:47,(anonymous_2)
FNDA:143,(anonymous_3)
FNDA:31,(anonymous_4)
FNDA:31,(anonymous_5)
FNDA:31,(anonymous_6)
FNDA:31,(anonymous_7)
FNDA:31,(anonymous_8)
FNDA:31,(anonymous_9)
FNDA:1,(anonymous_10)
FNDA:31,(anonymous_11)
FNDA:124,(anonymous_12)
FNDA:124,(anonymous_13)
DA:238,1
DA:250,82
DA:252,81
DA:254,47
DA:262,81
DA:263,47
DA:264,47
DA:265,47
DA:266,11
DA:269,47
DA:272,47
DA:278,47
DA:281,143
DA:292,65
DA:293,31
DA:294,31
DA:296,31
DA:297,31
DA:298,31
DA:303,65
DA:304,31
DA:305,31
DA:306,31
DA:307,31
DA:311,65
DA:313,65
DA:316,65
DA:319,65
DA:320,31
DA:321,31
DA:323,65
DA:324,65
DA:325,65
DA:326,65
DA:381,124
DA:382,124
LF:36
LH:36
BRDA:244,0,0,26
BRDA:265,1,0,11
BRDA:265,1,1,36
BRDA:269,2,0,47
BRDA:269,2,1,47
BRDA:270,3,0,42
BRDA:270,3,1,5
BRDA:320,4,0,31
BRDA:320,4,1,3
BRDA:331,5,0,65
BRDA:331,5,1,32
BRDA:332,6,0,65
BRDA:332,6,1,7
BRDA:342,7,0,65
BRDA:342,7,1,0
BRDA:343,8,0,65
BRDA:343,8,1,6
BRDA:350,9,0,0
BRDA:350,9,1,65
BRDA:350,10,0,65
BRDA:350,10,1,7
BRDA:369,11,0,58
BRDA:369,11,1,7
BRDA:372,12,0,58
BRDA:372,12,1,7
BRDA:375,13,0,0
BRDA:375,13,1,65
BRDA:375,14,0,65
BRDA:375,14,1,7
BRDA:392,15,0,58
BRDA:392,15,1,7
BRDA:393,16,0,13
BRDA:393,16,1,52
BRDA:393,17,0,65
BRDA:393,17,1,65
BRDA:393,17,2,34
BRDA:393,17,3,13
BRDA:400,18,0,58
BRDA:400,18,1,7
BRF:39
BRH:36
end_of_record
TN:
SF:src\MarkdownEditor\style.ts
FN:8,(anonymous_0)
FN:34,useStyle
FN:35,(anonymous_2)
FNF:3
FNH:3
FNDA:6,(anonymous_0)
FNDA:65,useStyle
FNDA:6,(anonymous_2)
DA:8,1
DA:9,6
DA:35,65
DA:36,6
DA:41,6
LF:5
LH:5
BRF:0
BRH:0
end_of_record
TN:
SF:src\MarkdownEditor\demos\empty.tsx
FN:5,(anonymous_0)
FN:7,(anonymous_1)
FN:8,(anonymous_2)
FN:90,(anonymous_3)
FN:101,(anonymous_4)
FN:121,(anonymous_5)
FN:122,(anonymous_6)
FN:126,(anonymous_7)
FN:127,(anonymous_8)
FN:140,(anonymous_9)
FN:176,(anonymous_10)
FN:188,(anonymous_11)
FN:189,(anonymous_12)
FN:193,(anonymous_13)
FN:194,(anonymous_14)
FN:206,(anonymous_15)
FNF:16
FNH:1
FNDA:3,(anonymous_0)
FNDA:0,(anonymous_1)
FNDA:0,(anonymous_2)
FNDA:0,(anonymous_3)
FNDA:0,(anonymous_4)
FNDA:0,(anonymous_5)
FNDA:0,(anonymous_6)
FNDA:0,(anonymous_7)
FNDA:0,(anonymous_8)
FNDA:0,(anonymous_9)
FNDA:0,(anonymous_10)
FNDA:0,(anonymous_11)
FNDA:0,(anonymous_12)
FNDA:0,(anonymous_13)
FNDA:0,(anonymous_14)
FNDA:0,(anonymous_15)
DA:6,3
DA:7,2
DA:8,0
DA:9,0
DA:62,0
DA:64,2
DA:91,0
DA:102,0
DA:103,0
DA:122,0
DA:123,0
DA:124,0
DA:125,0
DA:126,0
DA:128,0
DA:129,0
DA:130,0
DA:133,0
DA:134,0
DA:140,0
DA:177,0
DA:189,0
DA:190,0
DA:191,0
DA:192,0
DA:193,0
DA:195,0
DA:196,0
DA:197,0
DA:200,0
DA:201,0
DA:206,0
LF:32
LH:3
BRDA:124,0,0,0
BRDA:124,0,1,0
BRDA:191,1,0,0
BRDA:191,1,1,0
BRF:4
BRH:0
end_of_record
TN:
SF:src\MarkdownEditor\demos\min-render.tsx
FN:257,(anonymous_0)
FN:274,(anonymous_1)
FN:275,(anonymous_2)
FN:294,(anonymous_3)
FN:295,(anonymous_4)
FN:320,(anonymous_5)
FN:327,(anonymous_6)
FNF:7
FNH:3
FNDA:2,(anonymous_0)
FNDA:0,(anonymous_1)
FNDA:0,(anonymous_2)
FNDA:16,(anonymous_3)
FNDA:15,(anonymous_4)
FNDA:0,(anonymous_5)
FNDA:0,(anonymous_6)
DA:6,1
DA:258,2
DA:259,1
DA:260,1
DA:274,0
DA:276,0
DA:294,16
DA:296,15
DA:321,0
DA:328,0
DA:329,0
LF:11
LH:6
BRDA:276,0,0,0
BRDA:276,0,1,0
BRDA:324,1,0,15
BRDA:324,1,1,0
BRF:4
BRH:1
end_of_record
TN:
SF:src\MarkdownEditor\demos\min.tsx
FN:104,(anonymous_0)
FN:105,(anonymous_1)
FN:122,(anonymous_2)
FNF:3
FNH:2
FNDA:2,(anonymous_0)
FNDA:22,(anonymous_1)
FNDA:0,(anonymous_2)
DA:3,1
DA:105,2
DA:106,22
DA:123,0
LF:4
LH:3
BRF:0
BRH:0
end_of_record
TN:
SF:src\MarkdownEditor\demos\minPreview.tsx
FN:34,(anonymous_0)
FN:59,(anonymous_1)
FN:60,(anonymous_2)
FN:64,(anonymous_3)
FN:65,(anonymous_4)
FN:101,(anonymous_5)
FN:102,(anonymous_6)
FN:106,(anonymous_7)
FN:107,(anonymous_8)
FNF:9
FNH:1
FNDA:3,(anonymous_0)
FNDA:0,(anonymous_1)
FNDA:0,(anonymous_2)
FNDA:0,(anonymous_3)
FNDA:0,(anonymous_4)
FNDA:0,(anonymous_5)
FNDA:0,(anonymous_6)
FNDA:0,(anonymous_7)
FNDA:0,(anonymous_8)
DA:4,1
DA:35,3
DA:60,0
DA:61,0
DA:62,0
DA:63,0
DA:64,0
DA:66,0
DA:67,0
DA:68,0
DA:71,0
DA:72,0
DA:102,0
DA:103,0
DA:104,0
DA:105,0
DA:106,0
DA:108,0
DA:109,0
DA:110,0
DA:113,0
DA:114,0
LF:22
LH:2
BRDA:62,0,0,0
BRDA:62,0,1,0
BRDA:104,1,0,0
BRDA:104,1,1,0
BRF:4
BRH:0
end_of_record
TN:
SF:src\MarkdownEditor\demos\preview.tsx
FN:138,(anonymous_0)
FN:186,(anonymous_1)
FN:202,(anonymous_2)
FN:203,(anonymous_3)
FN:206,(anonymous_4)
FN:223,(anonymous_5)
FN:224,(anonymous_6)
FN:228,(anonymous_7)
FN:229,(anonymous_8)
FNF:9
FNH:2
FNDA:2,(anonymous_0)
FNDA:3,(anonymous_1)
FNDA:0,(anonymous_2)
FNDA:0,(anonymous_3)
FNDA:0,(anonymous_4)
FNDA:0,(anonymous_5)
FNDA:0,(anonymous_6)
FNDA:0,(anonymous_7)
FNDA:0,(anonymous_8)
DA:4,1
DA:139,2
DA:178,1
DA:187,3
DA:203,0
DA:207,0
DA:224,0
DA:225,0
DA:226,0
DA:227,0
DA:228,0
DA:230,0
DA:231,0
DA:232,0
DA:235,0
DA:236,0
LF:16
LH:4
BRDA:226,0,0,0
BRDA:226,0,1,0
BRF:2
BRH:0
end_of_record
TN:
SF:src\MarkdownEditor\demos\pure.tsx
FN:138,(anonymous_0)
FN:184,(anonymous_1)
FN:185,(anonymous_2)
FN:187,(anonymous_3)
FNF:4
FNH:1
FNDA:2,(anonymous_0)
FNDA:0,(anonymous_1)
FNDA:0,(anonymous_2)
FNDA:0,(anonymous_3)
DA:4,1
DA:139,2
DA:178,1
DA:185,0
DA:188,0
LF:5
LH:3
BRF:0
BRH:0
end_of_record
TN:
SF:src\MarkdownEditor\demos\readonly.tsx
FN:41,(anonymous_0)
FNF:1
FNH:1
FNDA:2,(anonymous_0)
DA:3,1
DA:42,2
LF:2
LH:2
BRF:0
BRH:0
end_of_record
TN:
SF:src\MarkdownEditor\demos\render.tsx
FN:68,(anonymous_0)
FN:74,(anonymous_1)
FNF:2
FNH:2
FNDA:2,(anonymous_0)
FNDA:218,(anonymous_1)
DA:4,1
DA:69,2
DA:75,218
DA:80,17
DA:93,201
LF:5
LH:5
BRDA:75,0,0,17
BRDA:75,0,1,201
BRDA:76,1,0,218
BRDA:76,1,1,43
BRDA:76,1,2,23
BRF:5
BRH:5
end_of_record
TN:
SF:src\MarkdownEditor\demos\rerender.tsx
FN:263,(anonymous_0)
FN:265,(anonymous_1)
FN:269,(anonymous_2)
FN:272,(anonymous_3)
FN:273,(anonymous_4)
FNF:5
FNH:5
FNDA:1,(anonymous_0)
FNDA:1,(anonymous_1)
FNDA:1,(anonymous_2)
FNDA:69,(anonymous_3)
FNDA:68,(anonymous_4)
DA:6,1
DA:264,1
DA:265,1
DA:266,1
DA:267,1
DA:268,1
DA:269,1
DA:270,1
DA:271,69
DA:272,69
DA:273,69
DA:274,68
DA:275,68
DA:276,68
DA:284,1
DA:287,1
LF:16
LH:16
BRF:0
BRH:0
end_of_record
TN:
SF:src\MarkdownEditor\editor\Editor.tsx
FN:42,(anonymous_0)
FN:64,(anonymous_1)
FN:73,(anonymous_2)
FN:75,(anonymous_3)
FN:79,(anonymous_4)
FN:94,(anonymous_5)
FN:96,(anonymous_6)
FN:103,(anonymous_7)
FN:110,(anonymous_8)
FN:112,(anonymous_9)
FN:127,(anonymous_10)
FN:131,(anonymous_11)
FN:135,(anonymous_12)
FN:144,(anonymous_13)
FN:168,(anonymous_14)
FN:169,(anonymous_15)
FN:178,(anonymous_16)
FN:179,(anonymous_17)
FN:192,(anonymous_18)
FN:304,(anonymous_19)
FN:311,(anonymous_20)
FN:353,(anonymous_21)
FN:394,(anonymous_22)
FN:404,(anonymous_23)
FN:406,(anonymous_24)
FN:415,(anonymous_25)
FN:418,(anonymous_26)
FN:421,(anonymous_27)
FN:425,(anonymous_28)
FN:431,(anonymous_29)
FN:436,(anonymous_30)
FN:446,(anonymous_31)
FN:448,(anonymous_32)
FN:475,(anonymous_33)
FN:489,(anonymous_34)
FN:504,(anonymous_35)
FN:543,(anonymous_36)
FN:565,(anonymous_37)
FN:591,(anonymous_38)
FNF:39
FNH:18
FNDA:62,(anonymous_0)
FNDA:1963,(anonymous_1)
FNDA:0,(anonymous_2)
FNDA:31,(anonymous_3)
FNDA:31,(anonymous_4)
FNDA:31,(anonymous_5)
FNDA:31,(anonymous_6)
FNDA:31,(anonymous_7)
FNDA:38,(anonymous_8)
FNDA:38,(anonymous_9)
FNDA:0,(anonymous_10)
FNDA:0,(anonymous_11)
FNDA:0,(anonymous_12)
FNDA:0,(anonymous_13)
FNDA:0,(anonymous_14)
FNDA:0,(anonymous_15)
FNDA:0,(anonymous_16)
FNDA:0,(anonymous_17)
FNDA:0,(anonymous_18)
FNDA:0,(anonymous_19)
FNDA:0,(anonymous_20)
FNDA:0,(anonymous_21)
FNDA:0,(anonymous_22)
FNDA:0,(anonymous_23)
FNDA:0,(anonymous_24)
FNDA:0,(anonymous_25)
FNDA:0,(anonymous_26)
FNDA:0,(anonymous_27)
FNDA:62,(anonymous_28)
FNDA:31,(anonymous_29)
FNDA:31,(anonymous_30)
FNDA:31,(anonymous_31)
FNDA:2,(anonymous_32)
FNDA:1648,(anonymous_33)
FNDA:3632,(anonymous_34)
FNDA:1,(anonymous_35)
FNDA:2,(anonymous_36)
FNDA:0,(anonymous_37)
FNDA:0,(anonymous_38)
DA:41,1
DA:58,62
DA:59,62
DA:60,62
DA:61,62
DA:62,62
DA:63,62
DA:64,62
DA:65,1963
DA:66,1963
DA:67,218
DA:69,62
DA:70,62
DA:71,62
DA:72,62
DA:73,62
DA:75,62
DA:76,31
DA:77,31
DA:78,31
DA:79,31
DA:80,31
DA:82,31
DA:83,31
DA:84,31
DA:85,31
DA:90,31
DA:92,0
DA:94,31
DA:95,31
DA:96,31
DA:99,0
DA:103,62
DA:104,31
DA:105,31
DA:109,62
DA:111,38
DA:112,38
DA:113,38
DA:115,38
DA:117,0
DA:118,0
DA:119,0
DA:120,0
DA:121,0
DA:124,0
DA:127,0
DA:128,0
DA:129,0
DA:131,0
DA:132,0
DA:134,0
DA:135,0
DA:136,0
DA:143,62
DA:145,0
DA:146,0
DA:148,0
DA:149,0
DA:150,0
DA:151,0
DA:155,0
DA:156,0
DA:168,62
DA:169,0
DA:170,0
DA:178,62
DA:179,0
DA:180,0
DA:181,0
DA:182,0
DA:191,62
DA:193,0
DA:194,0
DA:195,0
DA:196,0
DA:197,0
DA:201,0
DA:202,0
DA:205,0
DA:206,0
DA:207,0
DA:208,0
DA:209,0
DA:218,0
DA:219,0
DA:223,0
DA:224,0
DA:225,0
DA:228,0
DA:229,0
DA:230,0
DA:231,0
DA:232,0
DA:233,0
DA:234,0
DA:235,0
DA:237,0
DA:238,0
DA:239,0
DA:240,0
DA:253,0
DA:254,0
DA:255,0
DA:267,0
DA:268,0
DA:269,0
DA:270,0
DA:275,0
DA:280,0
DA:281,0
DA:282,0
DA:283,0
DA:284,0
DA:285,0
DA:286,0
DA:287,0
DA:298,0
DA:303,0
DA:304,0
DA:307,0
DA:308,0
DA:312,0
DA:318,0
DA:321,0
DA:322,0
DA:323,0
DA:324,0
DA:329,0
DA:330,0
DA:334,0
DA:337,0
DA:338,0
DA:339,0
DA:340,0
DA:341,0
DA:342,0
DA:343,0
DA:344,0
DA:345,0
DA:348,0
DA:349,0
DA:353,0
DA:354,0
DA:372,0
DA:374,0
DA:376,0
DA:379,0
DA:380,0
DA:381,0
DA:384,0
DA:387,0
DA:388,0
DA:389,0
DA:392,0
DA:394,0
DA:396,0
DA:404,62
DA:405,0
DA:406,0
DA:407,0
DA:408,0
DA:415,62
DA:416,0
DA:417,0
DA:418,0
DA:421,62
DA:422,0
DA:425,62
DA:426,62
DA:427,62
DA:428,62
DA:429,31
DA:431,31
DA:436,62
DA:437,31
DA:438,3
DA:441,62
DA:445,62
DA:446,62
DA:447,31
DA:448,31
DA:449,2
DA:450,2
DA:451,2
DA:452,1
DA:453,1
DA:454,1
DA:455,1
DA:459,1
DA:460,1
DA:461,0
DA:462,0
DA:463,0
DA:464,0
DA:467,1
DA:468,1
DA:469,1
DA:471,31
DA:474,62
DA:476,1648
DA:488,62
DA:490,3632
DA:491,3632
DA:492,678
DA:493,678
DA:495,678
DA:496,678
DA:497,678
DA:498,678
DA:499,678
DA:500,1
DA:501,1
DA:502,0
DA:504,1
DA:505,1
DA:506,1
DA:507,1
DA:508,1
DA:509,1
DA:510,1
DA:512,1
DA:518,1
DA:522,1
DA:523,1
DA:524,1
DA:525,1
DA:526,1
DA:527,1
DA:528,1
DA:530,1
DA:537,1
DA:543,2
DA:551,1
DA:553,0
DA:554,0
DA:559,62
DA:565,0
DA:592,0
DA:593,0
DA:595,0
DA:596,0
DA:597,0
DA:601,0
DA:602,0
DA:605,0
DA:606,0
LF:247
LH:107
BRDA:66,0,0,1745
BRDA:66,0,1,218
BRDA:77,1,0,31
BRDA:77,1,1,0
BRDA:87,2,0,31
BRDA:87,2,1,0
BRDA:88,3,0,31
BRDA:88,3,1,31
BRDA:104,4,0,31
BRDA:104,4,1,0
BRDA:111,5,0,38
BRDA:111,5,1,0
BRDA:119,6,0,0
BRDA:119,6,1,0
BRDA:127,7,0,0
BRDA:127,7,1,0
BRDA:128,8,0,0
BRDA:128,8,1,0
BRDA:145,9,0,0
BRDA:145,9,1,0
BRDA:149,10,0,0
BRDA:149,10,1,0
BRDA:151,11,0,0
BRDA:151,11,1,0
BRDA:152,12,0,0
BRDA:152,12,1,0
BRDA:155,13,0,0
BRDA:155,13,1,0
BRDA:195,14,0,0
BRDA:195,14,1,0
BRDA:196,15,0,0
BRDA:196,15,1,0
BRDA:196,16,0,0
BRDA:196,16,1,0
BRDA:205,17,0,0
BRDA:205,17,1,0
BRDA:207,18,0,0
BRDA:207,18,1,0
BRDA:209,19,0,0
BRDA:209,19,1,0
BRDA:210,20,0,0
BRDA:210,20,1,0
BRDA:210,20,2,0
BRDA:210,20,3,0
BRDA:210,20,4,0
BRDA:210,20,5,0
BRDA:210,20,6,0
BRDA:223,21,0,0
BRDA:223,21,1,0
BRDA:229,22,0,0
BRDA:229,22,1,0
BRDA:229,23,0,0
BRDA:229,23,1,0
BRDA:234,24,0,0
BRDA:234,24,1,0
BRDA:234,25,0,0
BRDA:234,25,1,0
BRDA:237,26,0,0
BRDA:237,26,1,0
BRDA:238,27,0,0
BRDA:238,27,1,0
BRDA:244,28,0,0
BRDA:244,28,1,0
BRDA:247,29,0,0
BRDA:247,29,1,0
BRDA:253,30,0,0
BRDA:253,30,1,0
BRDA:260,31,0,0
BRDA:260,31,1,0
BRDA:261,32,0,0
BRDA:261,32,1,0
BRDA:267,33,0,0
BRDA:267,33,1,0
BRDA:270,34,0,0
BRDA:270,34,1,0
BRDA:271,35,0,0
BRDA:271,35,1,0
BRDA:271,35,2,0
BRDA:280,36,0,0
BRDA:280,36,1,0
BRDA:283,37,0,0
BRDA:283,37,1,0
BRDA:284,38,0,0
BRDA:284,38,1,0
BRDA:286,39,0,0
BRDA:286,39,1,0
BRDA:304,40,0,0
BRDA:304,40,1,0
BRDA:307,41,0,0
BRDA:307,41,1,0
BRDA:323,42,0,0
BRDA:323,42,1,0
BRDA:329,43,0,0
BRDA:329,43,1,0
BRDA:339,44,0,0
BRDA:339,44,1,0
BRDA:348,45,0,0
BRDA:348,45,1,0
BRDA:363,46,0,0
BRDA:363,46,1,0
BRDA:387,47,0,0
BRDA:387,47,1,0
BRDA:394,48,0,0
BRDA:394,48,1,0
BRDA:407,49,0,0
BRDA:407,49,1,0
BRDA:407,50,0,0
BRDA:407,50,1,0
BRDA:417,51,0,0
BRDA:417,51,1,0
BRDA:426,52,0,0
BRDA:426,52,1,62
BRDA:427,53,0,0
BRDA:427,53,1,62
BRDA:428,54,0,31
BRDA:428,54,1,31
BRDA:431,55,0,31
BRDA:431,55,1,31
BRDA:437,56,0,28
BRDA:437,56,1,3
BRDA:438,57,0,3
BRDA:438,57,1,0
BRDA:438,58,0,3
BRDA:438,58,1,3
BRDA:451,59,0,1
BRDA:451,59,1,1
BRDA:454,60,0,1
BRDA:454,60,1,0
BRDA:456,61,0,1
BRDA:456,61,1,0
BRDA:461,62,0,0
BRDA:461,62,1,0
BRDA:491,63,0,2954
BRDA:491,63,1,678
BRDA:492,64,0,0
BRDA:492,64,1,678
BRDA:493,65,0,0
BRDA:493,65,1,678
BRDA:499,66,0,677
BRDA:499,66,1,1
BRDA:501,67,0,0
BRDA:501,67,1,1
BRDA:501,68,0,1
BRDA:501,68,1,1
BRDA:506,69,0,1
BRDA:506,69,1,0
BRDA:507,70,0,0
BRDA:507,70,1,1
BRDA:507,71,0,1
BRDA:507,71,1,1
BRDA:512,72,0,1
BRDA:512,72,1,0
BRDA:513,73,0,1
BRDA:513,73,1,1
BRDA:513,73,2,1
BRDA:513,73,3,1
BRDA:523,74,0,1
BRDA:523,74,1,0
BRDA:530,75,0,1
BRDA:530,75,1,0
BRDA:531,76,0,1
BRDA:531,76,1,1
BRDA:531,76,2,1
BRDA:531,76,3,1
BRDA:531,76,4,1
BRDA:578,77,0,2
BRDA:578,77,1,60
BRDA:592,78,0,0
BRDA:592,78,1,0
BRDA:595,79,0,0
BRDA:595,79,1,0
BRDA:601,80,0,0
BRDA:601,80,1,0
BRF:173
BRH:50
end_of_record
TN:
SF:src\MarkdownEditor\editor\store.ts
FN:41,(anonymous_0)
FN:152,(anonymous_1)
FN:156,(anonymous_2)
FN:162,(anonymous_3)
FN:164,(anonymous_4)
FN:167,(anonymous_5)
FN:193,(anonymous_6)
FN:202,(anonymous_7)
FN:207,(anonymous_8)
FN:212,(anonymous_9)
FN:216,(anonymous_10)
FN:222,(anonymous_11)
FN:230,(anonymous_12)
FN:235,(anonymous_13)
FN:239,(anonymous_14)
FN:243,(anonymous_15)
FN:250,(anonymous_16)
FN:255,(anonymous_17)
FN:267,(anonymous_18)
FN:290,(anonymous_19)
FN:316,(anonymous_20)
FN:327,(anonymous_21)
FN:335,(anonymous_22)
FN:355,(anonymous_23)
FN:365,(anonymous_24)
FN:367,(anonymous_25)
FN:368,(anonymous_26)
FN:382,(anonymous_27)
FN:392,(anonymous_28)
FN:402,(anonymous_29)
FN:404,(anonymous_30)
FN:411,(anonymous_31)
FN:422,(anonymous_32)
FN:431,(anonymous_33)
FN:439,(anonymous_34)
FN:450,(anonymous_35)
FN:472,(anonymous_36)
FN:490,(anonymous_37)
FN:531,(anonymous_38)
FN:536,(anonymous_39)
FN:542,(anonymous_40)
FN:547,(anonymous_41)
FN:570,(anonymous_42)
FN:631,(anonymous_43)
FN:664,(anonymous_44)
FNF:45
FNH:6
FNDA:6605,(anonymous_0)
FNDA:62,(anonymous_1)
FNDA:0,(anonymous_2)
FNDA:0,(anonymous_3)
FNDA:0,(anonymous_4)
FNDA:47,(anonymous_5)
FNDA:0,(anonymous_6)
FNDA:0,(anonymous_7)
FNDA:0,(anonymous_8)
FNDA:0,(anonymous_9)
FNDA:0,(anonymous_10)
FNDA:0,(anonymous_11)
FNDA:0,(anonymous_12)
FNDA:0,(anonymous_13)
FNDA:0,(anonymous_14)
FNDA:0,(anonymous_15)
FNDA:0,(anonymous_16)
FNDA:0,(anonymous_17)
FNDA:60,(anonymous_18)
FNDA:41,(anonymous_19)
FNDA:0,(anonymous_20)
FNDA:0,(anonymous_21)
FNDA:0,(anonymous_22)
FNDA:0,(anonymous_23)
FNDA:0,(anonymous_24)
FNDA:0,(anonymous_25)
FNDA:0,(anonymous_26)
FNDA:0,(anonymous_27)
FNDA:0,(anonymous_28)
FNDA:0,(anonymous_29)
FNDA:0,(anonymous_30)
FNDA:279,(anonymous_31)
FNDA:0,(anonymous_32)
FNDA:0,(anonymous_33)
FNDA:0,(anonymous_34)
FNDA:0,(anonymous_35)
FNDA:0,(anonymous_36)
FNDA:0,(anonymous_37)
FNDA:0,(anonymous_38)
FNDA:0,(anonymous_39)
FNDA:0,(anonymous_40)
FNDA:0,(anonymous_41)
FNDA:0,(anonymous_42)
FNDA:0,(anonymous_43)
FNDA:0,(anonymous_44)
DA:31,1
DA:41,1
DA:42,6605
DA:50,1
DA:103,47
DA:104,47
DA:105,47
DA:107,47
DA:108,47
DA:109,47
DA:119,47
DA:120,47
DA:121,47
DA:122,47
DA:123,47
DA:124,47
DA:125,47
DA:126,47
DA:127,47
DA:128,47
DA:129,47
DA:130,47
DA:131,47
DA:132,47
DA:133,47
DA:134,47
DA:135,47
DA:136,47
DA:137,47
DA:151,47
DA:153,62
DA:157,0
DA:163,0
DA:164,0
DA:168,47
DA:169,47
DA:170,47
DA:194,0
DA:195,0
DA:197,0
DA:198,0
DA:199,0
DA:202,0
DA:207,0
DA:212,0
DA:216,0
DA:222,0
DA:230,0
DA:235,0
DA:239,0
DA:243,0
DA:250,0
DA:255,0
DA:268,60
DA:269,57
DA:274,38
DA:277,19
DA:282,3
DA:291,41
DA:292,41
DA:298,0
DA:317,0
DA:318,0
DA:319,0
DA:323,0
DA:324,0
DA:326,0
DA:327,0
DA:330,0
DA:331,0
DA:334,0
DA:336,0
DA:338,0
DA:356,0
DA:366,0
DA:367,0
DA:368,0
DA:369,0
DA:370,0
DA:383,0
DA:384,0
DA:385,0
DA:386,0
DA:387,0
DA:389,0
DA:393,0
DA:394,0
DA:395,0
DA:396,0
DA:397,0
DA:399,0
DA:403,0
DA:405,0
DA:412,279
DA:413,279
DA:415,0
DA:417,0
DA:423,0
DA:424,0
DA:425,0
DA:432,0
DA:440,0
DA:441,0
DA:442,0
DA:443,0
DA:451,0
DA:452,0
DA:453,0
DA:472,47
DA:473,0
DA:478,0
DA:479,0
DA:481,0
DA:482,0
DA:484,0
DA:485,0
DA:487,0
DA:489,0
DA:490,0
DA:491,0
DA:492,0
DA:494,0
DA:495,0
DA:499,0
DA:500,0
DA:505,0
DA:506,0
DA:507,0
DA:509,0
DA:510,0
DA:511,0
DA:532,0
DA:534,0
DA:536,0
DA:537,0
DA:538,0
DA:539,0
DA:542,0
DA:543,0
DA:545,0
DA:546,0
DA:547,0
DA:548,0
DA:549,0
DA:571,0
DA:572,0
DA:580,0
DA:593,0
DA:594,0
DA:595,0
DA:597,0
DA:598,0
DA:599,0
DA:600,0
DA:601,0
DA:606,0
DA:608,0
DA:609,0
DA:610,0
DA:611,0
DA:620,0
DA:630,0
DA:631,0
DA:632,0
DA:633,0
DA:634,0
DA:635,0
DA:636,0
DA:637,0
DA:638,0
DA:639,0
DA:640,0
DA:643,0
DA:644,0
DA:646,0
DA:649,0
DA:650,0
DA:651,0
DA:652,0
DA:653,0
DA:654,0
DA:656,0
DA:657,0
DA:661,0
DA:662,0
DA:665,0
DA:666,0
DA:667,0
DA:668,0
DA:669,0
DA:670,0
DA:671,0
DA:673,0
DA:674,0
DA:675,0
DA:676,0
DA:680,0
DA:682,0
DA:683,0
DA:684,0
DA:685,0
DA:686,0
DA:687,0
DA:695,0
DA:696,0
DA:699,0
DA:701,0
DA:705,0
DA:711,0
DA:716,0
DA:717,0
DA:721,0
DA:723,0
DA:726,0
DA:727,0
DA:729,0
DA:731,0
LF:217
LH:44
BRDA:43,0,0,6605
BRDA:43,0,1,963
BRDA:194,1,0,0
BRDA:194,1,1,0
BRDA:268,2,0,57
BRDA:268,2,1,3
BRDA:269,3,0,38
BRDA:269,3,1,19
BRDA:270,4,0,57
BRDA:270,4,1,38
BRDA:270,4,2,11
BRDA:320,5,0,0
BRDA:320,5,1,0
BRDA:324,6,0,0
BRDA:324,6,1,0
BRDA:324,7,0,0
BRDA:324,7,1,0
BRDA:330,8,0,0
BRDA:330,8,1,0
BRDA:330,9,0,0
BRDA:330,9,1,0
BRDA:336,10,0,0
BRDA:336,10,1,0
BRDA:366,11,0,0
BRDA:366,11,1,0
BRDA:385,12,0,0
BRDA:385,12,1,0
BRDA:395,13,0,0
BRDA:395,13,1,0
BRDA:412,14,0,279
BRDA:412,14,1,0
BRDA:440,15,0,0
BRDA:440,15,1,0
BRDA:441,16,0,0
BRDA:441,16,1,0
BRDA:473,17,0,0
BRDA:473,17,1,0
BRDA:474,18,0,0
BRDA:474,18,1,0
BRDA:474,18,2,0
BRDA:478,19,0,0
BRDA:478,19,1,0
BRDA:481,20,0,0
BRDA:481,20,1,0
BRDA:489,21,0,0
BRDA:489,21,1,0
BRDA:491,22,0,0
BRDA:491,22,1,0
BRDA:491,23,0,0
BRDA:491,23,1,0
BRDA:494,24,0,0
BRDA:494,24,1,0
BRDA:505,25,0,0
BRDA:505,25,1,0
BRDA:510,26,0,0
BRDA:510,26,1,0
BRDA:537,27,0,0
BRDA:537,27,1,0
BRDA:546,28,0,0
BRDA:546,28,1,0
BRDA:548,29,0,0
BRDA:548,29,1,0
BRDA:580,30,0,0
BRDA:580,30,1,0
BRDA:598,31,0,0
BRDA:598,31,1,0
BRDA:599,32,0,0
BRDA:599,32,1,0
BRDA:601,33,0,0
BRDA:601,33,1,0
BRDA:602,34,0,0
BRDA:602,34,1,0
BRDA:602,34,2,0
BRDA:602,34,3,0
BRDA:608,35,0,0
BRDA:608,35,1,0
BRDA:615,36,0,0
BRDA:615,36,1,0
BRDA:615,37,0,0
BRDA:615,37,1,0
BRDA:623,38,0,0
BRDA:623,38,1,0
BRDA:623,39,0,0
BRDA:623,39,1,0
BRDA:638,40,0,0
BRDA:638,40,1,0
BRDA:643,41,0,0
BRDA:643,41,1,0
BRDA:646,42,0,0
BRDA:646,42,1,0
BRDA:649,43,0,0
BRDA:649,43,1,0
BRDA:668,44,0,0
BRDA:668,44,1,0
BRDA:669,45,0,0
BRDA:669,45,1,0
BRDA:669,46,0,0
BRDA:669,46,1,0
BRDA:673,47,0,0
BRDA:673,47,1,0
BRDA:674,48,0,0
BRDA:674,48,1,0
BRDA:676,49,0,0
BRDA:676,49,1,0
BRDA:677,50,0,0
BRDA:677,50,1,0
BRDA:684,51,0,0
BRDA:684,51,1,0
BRDA:685,52,0,0
BRDA:685,52,1,0
BRDA:695,53,0,0
BRDA:695,53,1,0
BRDA:696,54,0,0
BRDA:696,54,1,0
BRDA:716,55,0,0
BRDA:716,55,1,0
BRDA:717,56,0,0
BRDA:717,56,1,0
BRDA:718,57,0,0
BRDA:718,57,1,0
BRDA:726,58,0,0
BRDA:726,58,1,0
BRF:122
BRH:10
end_of_record
TN:
SF:src\MarkdownEditor\editor\style.ts
FN:10,(anonymous_0)
FN:260,useStyle
FN:264,(anonymous_2)
FNF:3
FNH:3
FNDA:7,(anonymous_0)
FNDA:63,useStyle
FNDA:7,(anonymous_2)
DA:10,1
DA:11,7
DA:264,63
DA:265,7
DA:271,7
LF:5
LH:5
BRF:0
BRH:0
end_of_record
TN:
SF:src\MarkdownEditor\editor\Preview\index.tsx
FN:19,(anonymous_0)
FN:30,(anonymous_1)
FN:36,(anonymous_2)
FN:43,(anonymous_3)
FN:45,(anonymous_4)
FN:71,(anonymous_5)
FN:84,(anonymous_6)
FN:92,(anonymous_7)
FN:105,(anonymous_8)
FNF:9
FNH:8
FNDA:1,(anonymous_0)
FNDA:364,(anonymous_1)
FNDA:0,(anonymous_2)
FNDA:1,(anonymous_3)
FNDA:2,(anonymous_4)
FNDA:308,(anonymous_5)
FNDA:1,(anonymous_6)
FNDA:673,(anonymous_7)
FNDA:1,(anonymous_8)
DA:19,1
DA:29,1
DA:30,1
DA:31,364
DA:34,1
DA:36,1
DA:37,0
DA:40,1
DA:42,1
DA:43,1
DA:44,1
DA:45,1
DA:46,2
DA:47,2
DA:48,1
DA:49,1
DA:50,1
DA:51,1
DA:55,1
DA:56,1
DA:57,0
DA:58,0
DA:59,0
DA:60,0
DA:63,1
DA:64,1
DA:65,1
DA:67,1
DA:70,1
DA:72,308
DA:84,1
DA:85,1
DA:88,1
DA:93,673
DA:94,673
DA:95,673
DA:96,673
DA:97,673
DA:98,673
DA:99,673
DA:100,673
DA:101,1
DA:102,1
DA:103,0
DA:105,1
DA:106,1
DA:107,1
DA:108,1
DA:109,1
DA:110,1
DA:111,1
DA:113,1
DA:119,1
DA:123,1
DA:124,1
DA:125,1
DA:126,1
DA:127,1
DA:128,1
DA:130,1
DA:137,1
DA:148,1
LF:62
LH:56
BRDA:47,0,0,1
BRDA:47,0,1,1
BRDA:50,1,0,1
BRDA:50,1,1,0
BRDA:52,2,0,1
BRDA:52,2,1,0
BRDA:57,3,0,0
BRDA:57,3,1,0
BRDA:94,4,0,0
BRDA:94,4,1,673
BRDA:95,5,0,0
BRDA:95,5,1,673
BRDA:96,6,0,0
BRDA:96,6,1,673
BRDA:100,7,0,672
BRDA:100,7,1,1
BRDA:102,8,0,0
BRDA:102,8,1,1
BRDA:102,9,0,1
BRDA:102,9,1,1
BRDA:107,10,0,1
BRDA:107,10,1,0
BRDA:108,11,0,0
BRDA:108,11,1,1
BRDA:108,12,0,1
BRDA:108,12,1,1
BRDA:113,13,0,1
BRDA:113,13,1,0
BRDA:114,14,0,1
BRDA:114,14,1,1
BRDA:114,14,2,1
BRDA:114,14,3,1
BRDA:130,15,0,1
BRDA:130,15,1,0
BRDA:131,16,0,1
BRDA:131,16,1,1
BRDA:131,16,2,1
BRDA:131,16,3,1
BRDA:131,16,4,1
BRDA:162,17,0,1
BRDA:162,17,1,0
BRF:41
BRH:28
end_of_record
TN:
SF:src\MarkdownEditor\editor\components\Menu.tsx
FN:17,(anonymous_0)
FN:29,(anonymous_1)
FN:95,(anonymous_2)
FN:101,(anonymous_3)
FN:103,(anonymous_4)
FN:119,(anonymous_5)
FN:136,(anonymous_6)
FN:140,(anonymous_7)
FN:150,(anonymous_8)
FN:158,(anonymous_9)
FN:165,(anonymous_10)
FNF:11
FNH:0
FNDA:0,(anonymous_0)
FNDA:0,(anonymous_1)
FNDA:0,(anonymous_2)
FNDA:0,(anonymous_3)
FNDA:0,(anonymous_4)
FNDA:0,(anonymous_5)
FNDA:0,(anonymous_6)
FNDA:0,(anonymous_7)
FNDA:0,(anonymous_8)
FNDA:0,(anonymous_9)
FNDA:0,(anonymous_10)
DA:16,1
DA:24,0
DA:25,0
DA:29,0
DA:30,0
DA:31,0
DA:32,0
DA:33,0
DA:35,0
DA:36,0
DA:37,0
DA:41,0
DA:43,0
DA:45,0
DA:46,0
DA:47,0
DA:48,0
DA:49,0
DA:50,0
DA:55,0
DA:57,0
DA:61,0
DA:63,0
DA:67,0
DA:94,1
DA:101,0
DA:102,0
DA:104,0
DA:114,0
DA:118,1
DA:126,0
DA:127,0
DA:137,0
DA:138,0
DA:139,0
DA:140,0
DA:141,0
DA:150,1
DA:155,0
DA:156,0
DA:157,0
DA:158,0
DA:159,0
DA:166,0
DA:167,0
LF:45
LH:4
BRDA:31,0,0,0
BRDA:31,0,1,0
BRDA:35,1,0,0
BRDA:35,1,1,0
BRDA:35,2,0,0
BRDA:35,2,1,0
BRDA:37,3,0,0
BRDA:37,3,1,0
BRDA:38,4,0,0
BRDA:38,4,1,0
BRDA:45,5,0,0
BRDA:45,5,1,0
BRDA:50,6,0,0
BRDA:50,6,1,0
BRDA:51,7,0,0
BRDA:51,7,1,0
BRDA:57,8,0,0
BRDA:57,8,1,0
BRDA:58,9,0,0
BRDA:58,9,1,0
BRDA:106,10,0,0
BRDA:106,10,1,0
BRDA:107,11,0,0
BRDA:107,11,1,0
BRDA:108,12,0,0
BRDA:108,12,1,0
BRDA:134,13,0,0
BRDA:134,13,1,0
BRF:28
BRH:0
end_of_record
TN:
SF:src\MarkdownEditor\editor\components\ContributorAvatar\index.tsx
FN:26,(anonymous_0)
FN:49,(anonymous_1)
FN:61,(anonymous_2)
FNF:3
FNH:3
FNDA:5,(anonymous_0)
FNDA:1,(anonymous_1)
FNDA:5,(anonymous_2)
DA:17,1
DA:26,1
DA:27,5
DA:28,5
DA:49,1
DA:50,1
DA:51,1
DA:52,1
DA:53,1
DA:62,5
LF:10
LH:10
BRDA:27,0,0,0
BRDA:27,1,0,0
BRF:2
BRH:0
end_of_record
TN:
SF:src\MarkdownEditor\editor\components\ContributorAvatar\style.ts
FN:7,(anonymous_0)
FN:35,useStyle
FN:36,(anonymous_2)
FNF:3
FNH:3
FNDA:1,(anonymous_0)
FNDA:1,useStyle
FNDA:1,(anonymous_2)
DA:7,1
DA:8,1
DA:36,1
DA:37,1
DA:42,1
LF:5
LH:5
BRF:0
BRH:0
end_of_record
TN:
SF:src\MarkdownEditor\editor\elements\ErrorBoundary.tsx
FN:12,(anonymous_0)
FN:17,(anonymous_1)
FN:22,(anonymous_2)
FN:27,(anonymous_3)
FNF:4
FNH:4
FNDA:14,(anonymous_0)
FNDA:8,(anonymous_1)
FNDA:8,(anonymous_2)
FNDA:21,(anonymous_3)
DA:13,14
DA:14,13
DA:19,8
DA:24,8
DA:28,21
DA:30,8
DA:33,13
LF:7
LH:7
BRDA:28,0,0,8
BRDA:28,0,1,13
BRF:2
BRH:2
end_of_record
TN:
SF:src\MarkdownEditor\editor\elements\FootnoteDefinition.tsx
FN:7,(anonymous_0)
FN:12,(anonymous_1)
FNF:2
FNH:2
FNDA:8,(anonymous_0)
FNDA:8,(anonymous_1)
DA:7,1
DA:10,8
DA:11,8
DA:12,8
DA:13,8
DA:14,8
LF:6
LH:6
BRDA:16,0,0,4
BRDA:16,0,1,4
BRDA:36,1,0,0
BRDA:36,1,1,8
BRDA:43,2,0,8
BRDA:43,2,1,0
BRF:6
BRH:4
end_of_record
TN:
SF:src\MarkdownEditor\editor\elements\FootnoteReference.tsx
FN:8,(anonymous_0)
FN:13,(anonymous_1)
FNF:2
FNH:0
FNDA:0,(anonymous_0)
FNDA:0,(anonymous_1)
DA:8,1
DA:11,0
DA:12,0
DA:13,0
DA:14,0
DA:15,0
LF:6
LH:1
BRDA:20,0,0,0
BRDA:20,0,1,0
BRDA:23,1,0,0
BRDA:23,1,1,0
BRDA:23,2,0,0
BRDA:23,2,1,0
BRF:6
BRH:0
end_of_record
TN:
SF:src\MarkdownEditor\editor\elements\blockquote.tsx
FN:5,Blockquote
FN:8,(anonymous_1)
FN:12,(anonymous_2)
FNF:3
FNH:2
FNDA:4,Blockquote
FNDA:4,(anonymous_1)
FNDA:0,(anonymous_2)
DA:6,4
DA:7,4
DA:9,4
DA:12,0
LF:4
LH:3
BRF:0
BRH:0
end_of_record
TN:
SF:src\MarkdownEditor\editor\elements\chart.tsx
FN:22,reverseFormatNumber
FN:35,(anonymous_1)
FN:53,(anonymous_2)
FN:116,(anonymous_3)
FN:120,(anonymous_4)
FN:121,(anonymous_5)
FN:136,(anonymous_6)
FN:142,(anonymous_7)
FN:146,(anonymous_8)
FN:214,(anonymous_9)
FN:255,(anonymous_10)
FN:260,(anonymous_11)
FN:261,(anonymous_12)
FN:272,(anonymous_13)
FN:277,(anonymous_14)
FN:278,(anonymous_15)
FN:355,(anonymous_16)
FN:394,(anonymous_17)
FN:403,(anonymous_18)
FN:409,(anonymous_19)
FN:419,(anonymous_20)
FN:426,(anonymous_21)
FN:567,(anonymous_22)
FN:583,(anonymous_23)
FN:596,(anonymous_24)
FN:607,(anonymous_25)
FNF:26
FNH:14
FNDA:444,reverseFormatNumber
FNDA:488,(anonymous_1)
FNDA:0,(anonymous_2)
FNDA:18,(anonymous_3)
FNDA:13,(anonymous_4)
FNDA:122,(anonymous_5)
FNDA:25,(anonymous_6)
FNDA:85,(anonymous_7)
FNDA:0,(anonymous_8)
FNDA:0,(anonymous_9)
FNDA:0,(anonymous_10)
FNDA:109,(anonymous_11)
FNDA:109,(anonymous_12)
FNDA:0,(anonymous_13)
FNDA:109,(anonymous_14)
FNDA:109,(anonymous_15)
FNDA:25,(anonymous_16)
FNDA:244,(anonymous_17)
FNDA:0,(anonymous_18)
FNDA:0,(anonymous_19)
FNDA:0,(anonymous_20)
FNDA:0,(anonymous_21)
FNDA:0,(anonymous_22)
FNDA:0,(anonymous_23)
FNDA:0,(anonymous_24)
FNDA:25,(anonymous_25)
DA:23,444
DA:24,444
DA:25,444
DA:26,444
DA:27,444
DA:35,1
DA:36,488
DA:37,488
DA:38,488
DA:40,444
DA:41,444
DA:42,444
DA:44,232
DA:46,0
DA:49,1
DA:53,1
DA:54,0
DA:55,0
DA:56,0
DA:58,0
DA:59,0
DA:61,0
DA:63,0
DA:67,1
DA:89,1
DA:116,1
DA:117,18
DA:118,17
DA:119,17
DA:120,17
DA:121,13
DA:122,122
DA:129,17
DA:131,17
DA:136,25
DA:143,85
DA:147,0
DA:148,0
DA:151,0
DA:156,0
DA:215,0
DA:216,0
DA:220,0
DA:225,0
DA:256,0
DA:260,109
DA:262,109
DA:273,0
DA:277,109
DA:279,109
DA:301,17
DA:356,25
DA:360,0
DA:372,25
DA:373,0
DA:394,25
DA:395,244
DA:401,25
DA:404,0
DA:410,0
DA:420,0
DA:427,0
DA:475,25
DA:476,5
DA:499,20
DA:500,17
DA:512,3
DA:513,1
DA:524,2
DA:525,1
DA:536,1
DA:537,1
DA:554,0
DA:558,0
DA:568,0
DA:587,0
DA:588,0
DA:589,0
DA:596,0
DA:605,0
DA:608,25
DA:609,25
LF:82
LH:50
BRDA:27,0,0,0
BRDA:27,0,1,444
BRDA:36,1,0,0
BRDA:36,1,1,488
BRDA:38,2,0,44
BRDA:38,2,1,444
BRDA:40,3,0,444
BRDA:40,3,1,0
BRDA:42,4,0,212
BRDA:42,4,1,232
BRDA:54,5,0,0
BRDA:54,5,1,0
BRDA:56,6,0,0
BRDA:56,6,1,0
BRDA:58,7,0,0
BRDA:58,7,1,0
BRDA:121,8,0,13
BRDA:121,8,1,0
BRDA:129,9,0,17
BRDA:129,9,1,0
BRDA:141,10,0,25
BRDA:141,10,1,0
BRDA:149,11,0,0
BRDA:149,11,1,0
BRDA:185,12,0,25
BRDA:185,12,1,0
BRDA:209,13,0,25
BRDA:209,13,1,0
BRDA:217,14,0,0
BRDA:217,14,1,0
BRDA:356,15,0,0
BRDA:356,15,1,25
BRDA:357,16,0,25
BRDA:357,16,1,25
BRDA:372,17,0,0
BRDA:372,17,1,25
BRDA:376,18,0,0
BRDA:376,18,1,0
BRDA:382,19,0,0
BRDA:382,19,1,0
BRDA:382,20,0,0
BRDA:382,20,1,0
BRDA:388,21,0,0
BRDA:388,21,1,0
BRDA:475,22,0,5
BRDA:475,22,1,20
BRDA:481,23,0,5
BRDA:481,23,1,0
BRDA:482,24,0,5
BRDA:482,24,1,0
BRDA:499,25,0,17
BRDA:499,25,1,3
BRDA:512,26,0,1
BRDA:512,26,1,2
BRDA:524,27,0,1
BRDA:524,27,1,1
BRDA:536,28,0,1
BRDA:536,28,1,0
BRDA:554,29,0,0
BRDA:554,29,1,0
BRDA:555,30,0,0
BRDA:555,30,1,0
BRDA:555,30,2,0
BRDA:587,31,0,0
BRDA:587,31,1,0
BRDA:587,32,0,0
BRDA:587,32,1,0
BRDA:590,33,0,0
BRDA:590,33,1,0
BRDA:615,34,0,0
BRDA:615,34,1,25
BRDA:615,35,0,25
BRDA:615,35,1,13
BRF:73
BRH:30
end_of_record
TN:
SF:src\MarkdownEditor\editor\elements\head.tsx
FN:11,Head
FN:20,(anonymous_1)
FN:30,(anonymous_2)
FNF:3
FNH:3
FNDA:64,Head
FNDA:62,(anonymous_1)
FNDA:62,(anonymous_2)
DA:16,64
DA:17,64
DA:18,64
DA:20,64
DA:21,62
DA:22,62
DA:23,15
DA:30,64
DA:31,62
DA:32,62
LF:10
LH:10
BRDA:16,0,0,0
BRDA:21,1,0,0
BRDA:21,1,1,62
BRDA:22,2,0,47
BRDA:22,2,1,15
BRDA:38,3,0,62
BRDA:38,3,1,1
BRDA:41,4,0,0
BRDA:41,4,1,62
BRDA:41,5,0,62
BRDA:41,5,1,1
BRDA:44,6,0,62
BRDA:44,6,1,0
BRF:13
BRH:9
end_of_record
TN:
SF:src\MarkdownEditor\editor\elements\index.tsx
FN:31,(anonymous_0)
FN:36,(anonymous_1)
FN:129,(anonymous_2)
FN:140,(anonymous_3)
FN:173,(anonymous_4)
FN:194,(anonymous_5)
FN:229,(anonymous_6)
FNF:7
FNH:3
FNDA:0,(anonymous_0)
FNDA:2328,(anonymous_1)
FNDA:1956,(anonymous_2)
FNDA:1956,(anonymous_3)
FNDA:0,(anonymous_4)
FNDA:0,(anonymous_5)
FNDA:0,(anonymous_6)
DA:31,1
DA:32,0
DA:33,0
DA:36,1
DA:37,2328
DA:39,2
DA:41,4
DA:43,62
DA:45,0
DA:47,0
DA:49,0
DA:65,0
DA:72,30
DA:74,10
DA:76,5
DA:78,1
DA:80,5
DA:82,10
DA:84,4
DA:86,13
DA:88,272
DA:90,1695
DA:92,12
DA:94,8
DA:96,0
DA:98,27
DA:100,41
DA:112,41
DA:125,85
DA:129,1
DA:135,1956
DA:136,1956
DA:137,1956
DA:138,1956
DA:140,1956
DA:141,1956
DA:142,1956
DA:143,1956
DA:144,1956
DA:145,1956
DA:146,0
DA:156,1956
DA:157,1956
DA:158,1956
DA:159,1956
DA:160,1956
DA:161,1956
DA:162,1956
DA:163,1956
DA:164,0
DA:168,1956
DA:173,1956
DA:174,0
DA:175,0
DA:176,0
DA:177,0
DA:178,0
DA:187,1956
DA:188,2
DA:195,0
DA:196,0
DA:197,0
DA:198,0
DA:199,0
DA:200,0
DA:201,0
DA:224,1954
DA:230,0
DA:231,0
DA:266,1954
DA:267,2
LF:71
LH:48
BRDA:37,0,0,2
BRDA:37,0,1,4
BRDA:37,0,2,62
BRDA:37,0,3,0
BRDA:37,0,4,0
BRDA:37,0,5,0
BRDA:37,0,6,0
BRDA:37,0,7,30
BRDA:37,0,8,10
BRDA:37,0,9,5
BRDA:37,0,10,1
BRDA:37,0,11,5
BRDA:37,0,12,10
BRDA:37,0,13,4
BRDA:37,0,14,13
BRDA:37,0,15,272
BRDA:37,0,16,1695
BRDA:37,0,17,12
BRDA:37,0,18,8
BRDA:37,0,19,0
BRDA:37,0,20,27
BRDA:37,0,21,41
BRDA:37,0,22,41
BRDA:37,0,23,85
BRDA:145,1,0,0
BRDA:145,1,1,1956
BRDA:156,2,0,0
BRDA:156,2,1,1956
BRDA:157,3,0,0
BRDA:157,3,1,1956
BRDA:158,4,0,0
BRDA:158,4,1,1956
BRDA:159,5,0,5
BRDA:159,5,1,1951
BRDA:160,6,0,0
BRDA:160,6,1,1956
BRDA:161,7,0,0
BRDA:161,7,1,1956
BRDA:162,8,0,0
BRDA:162,8,1,1956
BRDA:163,9,0,0
BRDA:163,9,1,1956
BRDA:168,10,0,1956
BRDA:168,10,1,1956
BRDA:168,10,2,1956
BRDA:168,10,3,1956
BRDA:168,10,4,1951
BRDA:175,11,0,0
BRDA:175,11,1,0
BRDA:177,12,0,0
BRDA:177,12,1,0
BRDA:187,13,0,2
BRDA:187,13,1,1954
BRDA:197,14,0,0
BRDA:197,14,1,0
BRDA:197,15,0,0
BRDA:197,15,1,0
BRDA:197,15,2,0
BRDA:198,16,0,0
BRDA:198,16,1,0
BRDA:200,17,0,0
BRDA:200,17,1,0
BRDA:216,18,0,2
BRDA:216,18,1,2
BRDA:218,19,0,2
BRDA:218,19,1,2
BRDA:230,20,0,0
BRDA:230,20,1,0
BRDA:234,21,0,12
BRDA:234,21,1,1942
BRDA:234,22,0,1954
BRDA:234,22,1,1950
BRDA:235,23,0,0
BRDA:235,23,1,1954
BRDA:236,24,0,2
BRDA:236,24,1,1952
BRDA:238,25,0,4
BRDA:238,25,1,1950
BRDA:241,26,0,0
BRDA:241,26,1,1954
BRDA:249,27,0,4
BRDA:249,27,1,1950
BRDA:255,28,0,1954
BRDA:255,28,1,1946
BRDA:258,29,0,1954
BRDA:258,29,1,5
BRDA:258,29,2,5
BRDA:259,30,0,12
BRDA:259,30,1,1942
BRDA:259,31,0,1954
BRDA:259,31,1,1950
BRDA:262,32,0,1954
BRDA:262,32,1,5
BRDA:262,32,2,5
BRDA:266,33,0,1952
BRDA:266,33,1,2
BRDA:270,34,0,2
BRDA:270,34,1,0
BRDA:275,35,0,1956
BRDA:275,35,1,1951
BRF:100
BRH:69
end_of_record
TN:
SF:src\MarkdownEditor\editor\elements\media.tsx
FN:16,useStyle
FN:17,(anonymous_1)
FN:54,(anonymous_2)
FN:87,(anonymous_3)
FN:94,(anonymous_4)
FN:103,(anonymous_5)
FN:134,Media
FN:152,(anonymous_7)
FN:159,(anonymous_8)
FN:175,(anonymous_9)
FN:178,(anonymous_10)
FN:187,(anonymous_11)
FN:191,(anonymous_12)
FN:202,(anonymous_13)
FN:205,(anonymous_14)
FN:215,(anonymous_15)
FN:230,(anonymous_16)
FN:327,(anonymous_17)
FN:361,(anonymous_18)
FN:387,(anonymous_19)
FN:389,(anonymous_20)
FN:392,(anonymous_21)
FN:402,(anonymous_22)
FN:403,(anonymous_23)
FN:407,(anonymous_24)
FNF:25
FNH:11
FNDA:1,useStyle
FNDA:1,(anonymous_1)
FNDA:1,(anonymous_2)
FNDA:0,(anonymous_3)
FNDA:0,(anonymous_4)
FNDA:0,(anonymous_5)
FNDA:12,Media
FNDA:12,(anonymous_7)
FNDA:12,(anonymous_8)
FNDA:0,(anonymous_9)
FNDA:0,(anonymous_10)
FNDA:12,(anonymous_11)
FNDA:12,(anonymous_12)
FNDA:0,(anonymous_13)
FNDA:0,(anonymous_14)
FNDA:6,(anonymous_15)
FNDA:12,(anonymous_16)
FNDA:17,(anonymous_17)
FNDA:0,(anonymous_18)
FNDA:0,(anonymous_19)
FNDA:0,(anonymous_20)
FNDA:0,(anonymous_21)
FNDA:0,(anonymous_22)
FNDA:0,(anonymous_23)
FNDA:0,(anonymous_24)
DA:17,1
DA:18,1
DA:20,1
DA:54,1
DA:75,1
DA:76,1
DA:83,1
DA:84,1
DA:88,0
DA:95,0
DA:104,0
DA:105,0
DA:106,0
DA:107,0
DA:112,0
DA:140,12
DA:141,12
DA:142,12
DA:143,12
DA:151,12
DA:153,12
DA:154,9
DA:159,12
DA:160,12
DA:161,12
DA:162,12
DA:167,12
DA:169,12
DA:170,12
DA:171,4
DA:172,4
DA:173,4
DA:174,4
DA:175,4
DA:176,0
DA:178,4
DA:180,12
DA:181,12
DA:187,12
DA:188,12
DA:191,12
DA:192,12
DA:194,4
DA:203,0
DA:206,0
DA:207,0
DA:215,6
DA:230,12
DA:231,12
DA:232,4
DA:244,8
DA:245,0
DA:259,8
DA:260,4
DA:328,17
DA:362,0
DA:373,4
DA:376,12
DA:387,0
DA:390,0
DA:393,0
DA:394,0
DA:395,0
DA:397,0
DA:403,0
DA:404,0
DA:408,0
LF:67
LH:45
BRDA:77,0,0,1
BRDA:77,0,1,1
BRDA:78,1,0,1
BRDA:78,1,1,1
BRDA:91,2,0,1
BRDA:91,2,1,0
BRDA:110,3,0,0
BRDA:110,3,1,0
BRDA:153,4,0,3
BRDA:153,4,1,9
BRDA:161,5,0,0
BRDA:161,5,1,12
BRDA:163,6,0,8
BRDA:163,6,1,4
BRDA:170,7,0,4
BRDA:170,7,1,8
BRDA:170,8,0,12
BRDA:170,8,1,12
BRDA:180,9,0,12
BRDA:180,9,1,0
BRDA:192,10,0,8
BRDA:192,10,1,4
BRDA:192,11,0,12
BRDA:192,11,1,12
BRDA:194,12,0,1
BRDA:194,12,1,3
BRDA:212,13,0,3
BRDA:212,13,1,3
BRDA:231,14,0,4
BRDA:231,14,1,8
BRDA:240,15,0,4
BRDA:240,15,1,4
BRDA:244,16,0,0
BRDA:244,16,1,8
BRDA:252,17,0,0
BRDA:252,17,1,0
BRDA:259,18,0,4
BRDA:259,18,1,4
BRDA:309,19,0,4
BRDA:309,19,1,0
BRDA:312,20,0,4
BRDA:312,20,1,0
BRDA:322,21,0,1
BRDA:322,21,1,3
BRDA:326,22,0,1
BRDA:326,22,1,0
BRDA:331,23,0,17
BRDA:331,23,1,0
BRDA:341,24,0,1
BRDA:341,24,1,3
BRDA:394,25,0,0
BRDA:394,25,1,0
BRDA:414,26,0,8
BRDA:414,26,1,4
BRDA:426,27,0,12
BRDA:426,27,1,12
BRDA:428,28,0,12
BRDA:428,28,1,12
BRF:58
BRH:44
end_of_record
TN:
SF:src\MarkdownEditor\editor\elements\paragraph.tsx
FN:9,(anonymous_0)
FN:13,(anonymous_1)
FN:23,(anonymous_2)
FNF:3
FNH:3
FNDA:88,(anonymous_0)
FNDA:85,(anonymous_1)
FNDA:85,(anonymous_2)
DA:9,1
DA:10,88
DA:11,87
DA:13,87
DA:14,85
DA:15,85
DA:16,21
DA:23,87
DA:24,85
DA:25,85
LF:10
LH:10
BRDA:14,0,0,0
BRDA:14,0,1,85
BRDA:15,1,0,64
BRDA:15,1,1,21
BRDA:31,2,0,85
BRDA:31,2,1,19
BRDA:34,3,0,0
BRDA:34,3,1,85
BRDA:34,4,0,85
BRDA:34,4,1,35
BRF:10
BRH:8
end_of_record
TN:
SF:src\MarkdownEditor\editor\elements\schema.tsx
FN:7,(anonymous_0)
FN:35,(anonymous_1)
FN:37,(anonymous_2)
FN:40,(anonymous_3)
FN:52,(anonymous_4)
FN:55,(anonymous_5)
FN:58,(anonymous_6)
FNF:7
FNH:1
FNDA:5,(anonymous_0)
FNDA:0,(anonymous_1)
FNDA:0,(anonymous_2)
FNDA:0,(anonymous_3)
FNDA:0,(anonymous_4)
FNDA:0,(anonymous_5)
FNDA:0,(anonymous_6)
DA:7,1
DA:8,5
DA:9,5
DA:11,5
DA:13,5
DA:35,0
DA:38,0
DA:41,0
DA:42,0
DA:43,0
DA:53,0
DA:56,0
DA:59,0
LF:13
LH:5
BRDA:36,0,0,3
BRDA:36,0,1,2
BRDA:42,1,0,0
BRDA:42,1,1,0
BRDA:65,2,0,5
BRDA:65,2,1,0
BRDA:69,3,0,5
BRDA:69,3,1,5
BRDA:83,4,0,5
BRDA:83,4,1,5
BRDA:85,5,0,5
BRDA:85,5,1,5
BRF:12
BRH:9
end_of_record
TN:
SF:src\MarkdownEditor\editor\elements\table.tsx
FN:19,TableCell
FN:23,(anonymous_1)
FN:27,(anonymous_2)
FN:33,(anonymous_3)
FN:43,(anonymous_4)
FN:60,(anonymous_5)
FN:81,(anonymous_6)
FN:87,(anonymous_7)
FN:88,(anonymous_8)
FN:109,(anonymous_9)
FN:114,(anonymous_10)
FN:117,(anonymous_11)
FN:124,(anonymous_12)
FN:134,(anonymous_13)
FN:143,(anonymous_14)
FN:152,(anonymous_15)
FN:164,(anonymous_16)
FN:178,(anonymous_17)
FN:189,(anonymous_18)
FN:210,(anonymous_19)
FN:214,(anonymous_20)
FNF:21
FNH:11
FNDA:1880,TableCell
FNDA:1,(anonymous_1)
FNDA:1697,(anonymous_2)
FNDA:1,(anonymous_3)
FNDA:0,(anonymous_4)
FNDA:11,(anonymous_5)
FNDA:11,(anonymous_6)
FNDA:11,(anonymous_7)
FNDA:0,(anonymous_8)
FNDA:11,(anonymous_9)
FNDA:0,(anonymous_10)
FNDA:0,(anonymous_11)
FNDA:0,(anonymous_12)
FNDA:0,(anonymous_13)
FNDA:0,(anonymous_14)
FNDA:0,(anonymous_15)
FNDA:11,(anonymous_16)
FNDA:0,(anonymous_17)
FNDA:0,(anonymous_18)
FNDA:1,(anonymous_19)
FNDA:11,(anonymous_20)
DA:20,1880
DA:22,1880
DA:23,1879
DA:24,1
DA:27,1879
DA:28,1697
DA:33,1
DA:44,0
DA:60,2
DA:61,11
DA:63,11
DA:64,11
DA:77,11
DA:78,11
DA:79,11
DA:81,11
DA:82,11
DA:83,0
DA:87,11
DA:88,11
DA:89,0
DA:90,0
DA:91,0
DA:92,0
DA:93,0
DA:94,0
DA:98,0
DA:99,0
DA:102,0
DA:103,0
DA:108,11
DA:109,11
DA:110,11
DA:114,11
DA:115,0
DA:116,0
DA:117,0
DA:118,0
DA:119,0
DA:123,0
DA:124,0
DA:134,11
DA:135,0
DA:136,0
DA:137,0
DA:138,0
DA:139,0
DA:140,0
DA:141,0
DA:142,0
DA:143,0
DA:148,0
DA:150,0
DA:152,0
DA:156,0
DA:157,0
DA:158,0
DA:159,0
DA:163,11
DA:164,11
DA:165,11
DA:166,0
DA:168,11
DA:169,11
DA:170,11
DA:171,11
DA:172,11
DA:173,11
DA:178,11
DA:179,0
DA:180,0
DA:185,0
DA:189,1
DA:190,0
DA:191,0
DA:193,0
DA:195,0
DA:202,0
DA:204,0
DA:208,1
DA:210,1
DA:211,1
DA:214,11
DA:215,11
LF:84
LH:39
BRDA:28,0,0,216
BRDA:28,0,1,1481
BRDA:82,1,0,0
BRDA:82,1,1,11
BRDA:89,2,0,0
BRDA:89,2,1,0
BRDA:90,3,0,0
BRDA:90,3,1,0
BRDA:90,4,0,0
BRDA:90,4,1,0
BRDA:91,5,0,0
BRDA:91,5,1,0
BRDA:98,6,0,0
BRDA:98,6,1,0
BRDA:98,7,0,0
BRDA:98,7,1,0
BRDA:116,8,0,0
BRDA:116,8,1,0
BRDA:123,9,0,0
BRDA:123,9,1,0
BRDA:135,10,0,0
BRDA:135,10,1,0
BRDA:137,11,0,0
BRDA:137,11,1,0
BRDA:157,12,0,0
BRDA:157,12,1,0
BRDA:157,13,0,0
BRDA:157,13,1,0
BRDA:165,14,0,0
BRDA:165,14,1,11
BRDA:179,15,0,0
BRDA:179,15,1,0
BRDA:190,16,0,0
BRDA:190,16,1,0
BRDA:195,17,0,0
BRDA:195,17,1,0
BRDA:232,18,0,1
BRDA:232,18,1,10
BRDA:240,19,0,11
BRDA:240,19,1,0
BRF:40
BRH:7
end_of_record
TN:
SF:src\MarkdownEditor\editor\elements\CodeUI\Mermaid.tsx
FN:7,(anonymous_0)
FN:16,(anonymous_1)
FN:18,(anonymous_2)
FN:19,(anonymous_3)
FN:23,(anonymous_4)
FN:34,(anonymous_5)
FN:40,(anonymous_6)
FNF:7
FNH:0
FNDA:0,(anonymous_0)
FNDA:0,(anonymous_1)
FNDA:0,(anonymous_2)
FNDA:0,(anonymous_3)
FNDA:0,(anonymous_4)
FNDA:0,(anonymous_5)
FNDA:0,(anonymous_6)
DA:7,1
DA:8,0
DA:9,0
DA:13,0
DA:14,0
DA:16,0
DA:18,0
DA:19,0
DA:20,0
DA:21,0
DA:22,0
DA:24,0
DA:25,0
DA:26,0
DA:28,0
DA:34,0
DA:36,0
DA:41,0
LF:18
LH:1
BRDA:20,0,0,0
BRDA:20,0,1,0
BRDA:25,1,0,0
BRDA:25,1,1,0
BRDA:31,2,0,0
BRDA:31,2,1,0
BRDA:55,3,0,0
BRDA:55,3,1,0
BRDA:55,4,0,0
BRDA:55,4,1,0
BRDA:57,5,0,0
BRDA:57,5,1,0
BRDA:67,6,0,0
BRDA:67,6,1,0
BRDA:67,6,2,0
BRF:15
BRH:0
end_of_record
TN:
SF:src\MarkdownEditor\editor\elements\Comment\index.tsx
FN:15,(anonymous_0)
FN:38,(anonymous_1)
FN:41,(anonymous_2)
FN:63,(anonymous_3)
FN:91,(anonymous_4)
FN:153,(anonymous_5)
FNF:6
FNH:4
FNDA:2,(anonymous_0)
FNDA:2,(anonymous_1)
FNDA:4,(anonymous_2)
FNDA:4,(anonymous_3)
FNDA:0,(anonymous_4)
FNDA:0,(anonymous_5)
DA:15,1
DA:20,2
DA:21,2
DA:22,2
DA:23,2
DA:24,2
DA:25,2
DA:26,0
DA:29,2
DA:40,2
DA:42,4
DA:64,4
DA:92,0
DA:93,0
DA:94,0
DA:95,0
DA:97,0
DA:139,2
DA:140,0
DA:145,2
DA:153,1
DA:156,0
DA:157,0
DA:158,0
DA:160,0
LF:25
LH:14
BRDA:25,0,0,0
BRDA:25,0,1,2
BRDA:61,1,0,4
BRDA:61,1,1,0
BRDA:79,2,0,2
BRDA:79,2,1,2
BRDA:88,3,0,2
BRDA:88,3,1,2
BRDA:139,4,0,0
BRDA:139,4,1,2
BRDA:157,5,0,0
BRDA:157,5,1,0
BRF:12
BRH:7
end_of_record
TN:
SF:src\MarkdownEditor\editor\elements\Comment\style.ts
FN:7,(anonymous_0)
FN:64,useStyle
FN:65,(anonymous_2)
FNF:3
FNH:3
FNDA:2,(anonymous_0)
FNDA:2,useStyle
FNDA:2,(anonymous_2)
DA:7,1
DA:8,2
DA:65,2
DA:66,2
DA:71,2
LF:5
LH:5
BRF:0
BRH:0
end_of_record
TN:
SF:src\MarkdownEditor\editor\elements\LinkCard\index.tsx
FN:12,LinkCard
FN:33,(anonymous_1)
FN:35,(anonymous_2)
FN:38,(anonymous_3)
FN:94,(anonymous_4)
FN:122,(anonymous_5)
FN:160,(anonymous_6)
FNF:7
FNH:1
FNDA:2,LinkCard
FNDA:0,(anonymous_1)
FNDA:0,(anonymous_2)
FNDA:0,(anonymous_3)
FNDA:0,(anonymous_4)
FNDA:0,(anonymous_5)
FNDA:0,(anonymous_6)
DA:23,2
DA:24,2
DA:25,2
DA:26,2
DA:27,2
DA:28,2
DA:33,0
DA:36,0
DA:39,0
DA:40,0
DA:41,0
DA:95,0
DA:96,0
DA:97,0
DA:123,0
DA:161,0
LF:16
LH:6
BRDA:34,0,0,1
BRDA:34,0,1,1
BRDA:40,1,0,0
BRDA:40,1,1,0
BRDA:72,2,0,2
BRDA:72,2,1,0
BRDA:99,3,0,2
BRDA:99,3,1,0
BRDA:99,3,2,0
BRDA:101,4,0,2
BRDA:101,4,1,0
BRDA:101,4,2,0
BRDA:109,5,0,2
BRDA:109,5,1,0
BRDA:117,6,0,0
BRDA:117,6,1,2
BRDA:121,7,0,0
BRDA:121,7,1,0
BRDA:126,8,0,0
BRDA:126,8,1,0
BRDA:136,9,0,0
BRDA:136,9,1,2
BRF:22
BRH:8
end_of_record
TN:
SF:src\MarkdownEditor\editor\elements\LinkCard\style.ts
FN:7,(anonymous_0)
FN:85,useStyle
FN:86,(anonymous_2)
FNF:3
FNH:3
FNDA:2,(anonymous_0)
FNDA:2,useStyle
FNDA:2,(anonymous_2)
DA:7,1
DA:8,2
DA:86,2
DA:87,2
DA:92,2
LF:5
LH:5
BRF:0
BRH:0
end_of_record
TN:
SF:src\MarkdownEditor\editor\elements\card\index.tsx
FN:5,(anonymous_0)
FN:6,(anonymous_1)
FNF:2
FNH:2
FNDA:27,(anonymous_0)
FNDA:27,(anonymous_1)
DA:5,1
DA:6,27
DA:7,27
LF:3
LH:3
BRF:0
BRH:0
end_of_record
TN:
SF:src\MarkdownEditor\editor\elements\code\index.tsx
FN:41,(anonymous_0)
FN:49,(anonymous_1)
FN:53,(anonymous_2)
FN:56,(anonymous_3)
FN:86,(anonymous_4)
FN:88,(anonymous_5)
FN:101,(anonymous_6)
FN:104,(anonymous_7)
FN:106,(anonymous_8)
FN:107,(anonymous_9)
FN:119,(anonymous_10)
FN:160,(anonymous_11)
FN:167,(anonymous_12)
FN:170,(anonymous_13)
FN:213,(anonymous_14)
FN:244,(anonymous_15)
FN:280,(anonymous_16)
FN:292,(anonymous_17)
FN:304,(anonymous_18)
FN:307,(anonymous_19)
FN:315,(anonymous_20)
FNF:21
FNH:8
FNDA:1,(anonymous_0)
FNDA:0,(anonymous_1)
FNDA:0,(anonymous_2)
FNDA:0,(anonymous_3)
FNDA:7,(anonymous_4)
FNDA:1,(anonymous_5)
FNDA:0,(anonymous_6)
FNDA:0,(anonymous_7)
FNDA:0,(anonymous_8)
FNDA:0,(anonymous_9)
FNDA:1,(anonymous_10)
FNDA:0,(anonymous_11)
FNDA:0,(anonymous_12)
FNDA:0,(anonymous_13)
FNDA:0,(anonymous_14)
FNDA:5,(anonymous_15)
FNDA:0,(anonymous_16)
FNDA:0,(anonymous_17)
FNDA:5,(anonymous_18)
FNDA:5,(anonymous_19)
FNDA:5,(anonymous_20)
DA:22,1
DA:41,1
DA:42,1
DA:43,1
DA:50,0
DA:51,0
DA:52,0
DA:53,0
DA:55,0
DA:56,0
DA:57,0
DA:59,0
DA:61,0
DA:78,1
DA:86,7
DA:88,1
DA:89,1
DA:90,1
DA:91,1
DA:101,1
DA:102,0
DA:103,0
DA:104,0
DA:105,0
DA:106,0
DA:107,0
DA:108,0
DA:109,0
DA:114,1
DA:115,1
DA:116,1
DA:117,1
DA:119,1
DA:120,1
DA:123,1
DA:124,0
DA:127,1
DA:161,0
DA:168,0
DA:171,0
DA:172,0
DA:173,0
DA:174,0
DA:214,0
DA:245,5
DA:281,0
DA:282,0
DA:292,0
DA:304,1
DA:305,5
DA:306,5
DA:307,5
DA:308,5
DA:309,5
DA:310,5
DA:312,5
DA:313,5
DA:315,5
DA:316,5
LF:59
LH:31
BRDA:65,0,0,0
BRDA:65,0,1,1
BRDA:92,1,0,1
BRDA:92,1,1,0
BRDA:97,2,0,1
BRDA:97,2,1,1
BRDA:103,3,0,0
BRDA:103,3,1,0
BRDA:123,4,0,0
BRDA:123,4,1,1
BRDA:123,5,0,1
BRDA:123,5,1,0
BRDA:128,6,0,1
BRDA:128,6,1,0
BRDA:133,7,0,0
BRDA:133,7,1,1
BRDA:134,8,0,0
BRDA:134,8,1,1
BRDA:149,9,0,1
BRDA:149,9,1,1
BRDA:155,10,0,1
BRDA:155,10,1,0
BRDA:161,11,0,0
BRDA:161,11,1,0
BRDA:171,12,0,0
BRDA:171,12,1,0
BRDA:184,13,0,1
BRDA:184,13,1,1
BRDA:191,14,0,1
BRDA:191,14,1,0
BRDA:193,15,0,0
BRDA:193,15,1,1
BRDA:193,16,0,1
BRDA:193,16,1,0
BRDA:219,17,0,0
BRDA:219,17,1,1
BRDA:226,18,0,0
BRDA:226,18,1,1
BRDA:242,19,0,1
BRDA:242,19,1,0
BRDA:262,20,0,0
BRDA:262,20,1,1
BRDA:264,21,0,1
BRDA:264,21,1,0
BRDA:267,22,0,1
BRDA:267,22,1,0
BRDA:267,22,2,0
BRDA:308,23,0,0
BRDA:308,23,1,5
BRDA:309,24,0,0
BRDA:309,24,1,5
BRDA:319,25,0,5
BRDA:319,25,1,1
BRF:53
BRH:27
end_of_record
TN:
SF:src\MarkdownEditor\editor\elements\code\style.ts
FN:7,(anonymous_0)
FN:153,useStyle
FN:154,(anonymous_2)
FNF:3
FNH:3
FNDA:1,(anonymous_0)
FNDA:1,useStyle
FNDA:1,(anonymous_2)
DA:7,1
DA:8,1
DA:154,1
DA:155,1
DA:160,1
LF:5
LH:5
BRF:0
BRH:0
end_of_record
TN:
SF:src\MarkdownEditor\editor\elements\column\index.tsx
FN:9,ColumnCell
FN:11,(anonymous_1)
FN:16,(anonymous_2)
FN:22,(anonymous_3)
FN:32,(anonymous_4)
FN:37,(anonymous_5)
FNF:6
FNH:0
FNDA:0,ColumnCell
FNDA:0,(anonymous_1)
FNDA:0,(anonymous_2)
FNDA:0,(anonymous_3)
FNDA:0,(anonymous_4)
FNDA:0,(anonymous_5)
DA:10,0
DA:11,0
DA:12,0
DA:14,0
DA:15,0
DA:16,0
DA:17,0
DA:23,0
DA:32,1
DA:33,0
DA:34,0
DA:35,0
DA:36,0
DA:37,0
DA:38,0
LF:15
LH:1
BRF:0
BRH:0
end_of_record
TN:
SF:src\MarkdownEditor\editor\elements\column\style.ts
FN:7,(anonymous_0)
FN:31,useStyle
FN:32,(anonymous_2)
FNF:3
FNH:0
FNDA:0,(anonymous_0)
FNDA:0,useStyle
FNDA:0,(anonymous_2)
DA:7,1
DA:8,0
DA:32,0
DA:33,0
DA:38,0
LF:5
LH:1
BRF:0
BRH:0
end_of_record
TN:
SF:src\MarkdownEditor\editor\elements\description\index.tsx
FN:9,group
FN:20,(anonymous_1)
FN:26,(anonymous_2)
FN:39,(anonymous_3)
FNF:4
FNH:4
FNDA:4,group
FNDA:4,(anonymous_1)
FNDA:4,(anonymous_2)
FNDA:47,(anonymous_3)
DA:10,4
DA:11,4
DA:13,4
DA:14,47
DA:17,4
DA:20,1
DA:21,4
DA:23,4
DA:24,4
DA:25,4
DA:26,4
DA:28,4
DA:29,4
DA:40,47
LF:14
LH:14
BRDA:28,0,0,4
BRDA:28,0,1,4
BRF:2
BRH:2
end_of_record
TN:
SF:src\MarkdownEditor\editor\elements\description\style.ts
FN:7,(anonymous_0)
FN:37,useStyle
FN:38,(anonymous_2)
FNF:3
FNH:3
FNDA:4,(anonymous_0)
FNDA:4,useStyle
FNDA:4,(anonymous_2)
DA:7,1
DA:8,4
DA:38,4
DA:39,4
DA:44,4
LF:5
LH:5
BRF:0
BRH:0
end_of_record
TN:
SF:src\MarkdownEditor\editor\elements\list\List.tsx
FN:28,(anonymous_0)
FN:37,(anonymous_1)
FNF:2
FNH:2
FNDA:10,(anonymous_0)
FNDA:10,(anonymous_1)
DA:8,1
DA:28,1
DA:33,10
DA:34,10
DA:35,10
DA:36,10
DA:37,10
DA:38,10
DA:39,10
LF:9
LH:9
BRDA:38,0,0,0
BRDA:38,0,1,10
BRDA:57,1,0,0
BRDA:57,1,1,10
BRDA:60,2,0,2
BRDA:60,2,1,8
BRF:6
BRH:4
end_of_record
TN:
SF:src\MarkdownEditor\editor\elements\list\ListItem.tsx
FN:13,(anonymous_0)
FN:28,(anonymous_1)
FN:36,(anonymous_2)
FN:40,(anonymous_3)
FN:47,(anonymous_4)
FN:52,(anonymous_5)
FN:79,(anonymous_6)
FN:89,(anonymous_7)
FN:109,(anonymous_8)
FN:110,(anonymous_9)
FN:119,(anonymous_10)
FN:186,(anonymous_11)
FN:199,(anonymous_12)
FN:208,(anonymous_13)
FN:214,(anonymous_14)
FN:218,(anonymous_15)
FN:228,(anonymous_16)
FN:236,(anonymous_17)
FN:256,(anonymous_18)
FNF:19
FNH:11
FNDA:6,(anonymous_0)
FNDA:6,(anonymous_1)
FNDA:6,(anonymous_2)
FNDA:6,(anonymous_3)
FNDA:6,(anonymous_4)
FNDA:0,(anonymous_5)
FNDA:0,(anonymous_6)
FNDA:0,(anonymous_7)
FNDA:0,(anonymous_8)
FNDA:0,(anonymous_9)
FNDA:1,(anonymous_10)
FNDA:30,(anonymous_11)
FNDA:30,(anonymous_12)
FNDA:0,(anonymous_13)
FNDA:30,(anonymous_14)
FNDA:6,(anonymous_15)
FNDA:30,(anonymous_16)
FNDA:0,(anonymous_17)
FNDA:0,(anonymous_18)
DA:13,1
DA:17,6
DA:18,6
DA:20,6
DA:27,6
DA:28,6
DA:29,6
DA:31,6
DA:32,6
DA:33,6
DA:36,6
DA:37,6
DA:40,6
DA:41,6
DA:45,6
DA:47,6
DA:48,6
DA:49,3
DA:53,0
DA:77,3
DA:80,0
DA:81,0
DA:89,0
DA:110,0
DA:120,1
DA:186,1
DA:191,30
DA:192,30
DA:193,30
DA:194,30
DA:195,30
DA:196,30
DA:197,30
DA:199,30
DA:200,30
DA:201,6
DA:208,0
DA:214,30
DA:215,30
DA:216,6
DA:219,6
DA:228,30
DA:229,30
DA:230,0
DA:236,0
DA:250,30
DA:256,0
LF:47
LH:38
BRDA:21,0,0,6
BRDA:21,0,1,5
BRDA:31,1,0,6
BRDA:31,1,1,3
BRDA:45,2,0,6
BRDA:45,2,1,6
BRDA:48,3,0,3
BRDA:48,3,1,3
BRDA:51,4,0,0
BRDA:51,4,1,3
BRDA:67,5,0,0
BRDA:67,5,1,0
BRDA:100,6,0,0
BRDA:100,6,1,0
BRDA:114,7,0,0
BRDA:114,7,1,3
BRDA:118,8,0,1
BRDA:118,8,1,2
BRDA:134,9,0,1
BRDA:134,9,1,0
BRDA:196,10,0,0
BRDA:196,11,0,30
BRDA:196,11,1,0
BRDA:200,12,0,24
BRDA:200,12,1,6
BRDA:215,13,0,24
BRDA:215,13,1,6
BRDA:229,14,0,0
BRDA:229,14,1,30
BRF:29
BRH:19
end_of_record
TN:
SF:src\MarkdownEditor\editor\elements\list\style.ts
FN:7,(anonymous_0)
FN:104,useStyle
FN:105,(anonymous_2)
FNF:3
FNH:3
FNDA:2,(anonymous_0)
FNDA:10,useStyle
FNDA:2,(anonymous_2)
DA:7,1
DA:8,2
DA:105,10
DA:106,2
DA:111,2
LF:5
LH:5
BRF:0
BRH:0
end_of_record
TN:
SF:src\MarkdownEditor\editor\parser\json-parse.ts
FN:4,tokenize2
FN:172,strip2
FN:216,unStrip2
FN:219,(anonymous_3)
FN:237,(anonymous_4)
FN:255,generate2
FN:258,(anonymous_6)
FN:271,partialParse2
FNF:8
FNH:2
FNDA:5,tokenize2
FNDA:0,strip2
FNDA:0,unStrip2
FNDA:0,(anonymous_3)
FNDA:0,(anonymous_4)
FNDA:0,generate2
FNDA:0,(anonymous_6)
FNDA:5,partialParse2
DA:4,3
DA:8,5
DA:9,5
DA:11,5
DA:12,13
DA:14,13
DA:15,0
DA:16,0
DA:19,13
DA:20,0
DA:25,0
DA:26,0
DA:29,13
DA:30,0
DA:35,0
DA:36,0
DA:39,13
DA:40,0
DA:45,0
DA:46,0
DA:49,13
DA:50,0
DA:55,0
DA:56,0
DA:59,13
DA:60,0
DA:65,0
DA:66,0
DA:69,13
DA:70,0
DA:75,0
DA:76,0
DA:79,13
DA:80,0
DA:81,0
DA:83,0
DA:85,0
DA:86,0
DA:87,0
DA:88,0
DA:91,0
DA:92,0
DA:93,0
DA:94,0
DA:95,0
DA:97,0
DA:98,0
DA:100,0
DA:101,0
DA:105,0
DA:107,0
DA:108,0
DA:113,0
DA:116,13
DA:117,13
DA:118,8
DA:119,8
DA:122,5
DA:123,5
DA:124,0
DA:126,0
DA:127,0
DA:128,0
DA:131,0
DA:132,0
DA:133,0
DA:136,0
DA:140,0
DA:143,5
DA:144,5
DA:145,5
DA:147,5
DA:148,29
DA:149,0
DA:151,29
DA:152,29
DA:155,5
DA:156,0
DA:161,5
DA:163,0
DA:166,0
DA:169,0
DA:172,3
DA:173,0
DA:174,0
DA:177,0
DA:179,0
DA:181,0
DA:182,0
DA:183,0
DA:186,0
DA:187,0
DA:191,0
DA:192,0
DA:195,0
DA:196,0
DA:197,0
DA:198,0
DA:199,0
DA:203,0
DA:204,0
DA:206,0
DA:208,0
DA:209,0
DA:210,0
DA:213,0
DA:216,3
DA:217,0
DA:219,0
DA:220,0
DA:221,0
DA:222,0
DA:224,0
DA:227,0
DA:228,0
DA:229,0
DA:231,0
DA:236,0
DA:237,0
DA:238,0
DA:239,0
DA:243,0
DA:244,0
DA:252,0
DA:255,3
DA:256,0
DA:258,0
DA:259,0
DA:261,0
DA:262,0
DA:264,0
DA:265,0
DA:269,0
DA:271,3
DA:272,5
LF:135
LH:33
BRDA:14,0,0,0
BRDA:14,0,1,13
BRDA:19,1,0,0
BRDA:19,1,1,13
BRDA:29,2,0,0
BRDA:29,2,1,13
BRDA:39,3,0,0
BRDA:39,3,1,13
BRDA:49,4,0,0
BRDA:49,4,1,13
BRDA:59,5,0,0
BRDA:59,5,1,13
BRDA:69,6,0,0
BRDA:69,6,1,13
BRDA:79,7,0,0
BRDA:79,7,1,13
BRDA:86,8,0,0
BRDA:86,8,1,0
BRDA:91,9,0,0
BRDA:91,9,1,0
BRDA:93,10,0,0
BRDA:93,10,1,0
BRDA:107,11,0,0
BRDA:107,11,1,0
BRDA:117,12,0,8
BRDA:117,12,1,5
BRDA:123,13,0,0
BRDA:123,13,1,5
BRDA:123,14,0,5
BRDA:123,14,1,5
BRDA:123,14,2,5
BRDA:126,15,0,0
BRDA:126,15,1,0
BRDA:131,16,0,0
BRDA:131,16,1,0
BRDA:144,17,0,5
BRDA:144,17,1,0
BRDA:148,18,0,0
BRDA:148,18,1,29
BRDA:155,19,0,0
BRDA:155,19,1,5
BRDA:155,20,0,5
BRDA:155,20,1,5
BRDA:173,21,0,0
BRDA:173,21,1,0
BRDA:179,22,0,0
BRDA:179,22,1,0
BRDA:179,22,2,0
BRDA:179,22,3,0
BRDA:187,23,0,0
BRDA:187,23,1,0
BRDA:188,24,0,0
BRDA:188,24,1,0
BRDA:196,25,0,0
BRDA:196,25,1,0
BRDA:199,26,0,0
BRDA:199,26,1,0
BRDA:200,27,0,0
BRDA:200,27,1,0
BRDA:220,28,0,0
BRDA:220,28,1,0
BRDA:221,29,0,0
BRDA:221,29,1,0
BRDA:227,30,0,0
BRDA:227,30,1,0
BRDA:228,31,0,0
BRDA:228,31,1,0
BRDA:236,32,0,0
BRDA:236,32,1,0
BRDA:238,33,0,0
BRDA:238,33,1,0
BRDA:243,34,0,0
BRDA:243,34,1,0
BRDA:259,35,0,0
BRDA:259,35,1,0
BRF:75
BRH:19
end_of_record
TN:
SF:src\MarkdownEditor\editor\parser\parserMarkdown.ts
FN:29,(anonymous_0)
FN:35,(anonymous_1)
FN:57,(anonymous_2)
FN:73,(anonymous_3)
FN:99,(anonymous_4)
FN:115,(anonymous_5)
FN:124,(anonymous_6)
FN:125,(anonymous_7)
FN:147,(anonymous_8)
FN:148,(anonymous_9)
FN:176,(anonymous_10)
FN:205,(anonymous_11)
FN:209,(anonymous_12)
FN:227,(anonymous_13)
FN:272,(anonymous_14)
FN:277,(anonymous_15)
FN:279,(anonymous_16)
FN:294,(anonymous_17)
FN:370,(anonymous_18)
FN:405,(anonymous_19)
FN:406,(anonymous_20)
FN:487,(anonymous_21)
FN:564,(anonymous_22)
FN:710,(anonymous_23)
FN:724,(anonymous_24)
FN:805,(anonymous_25)
FN:813,(anonymous_26)
FN:840,(anonymous_27)
FN:847,(anonymous_28)
FN:865,(anonymous_29)
FNF:30
FNH:24
FNDA:2582,(anonymous_0)
FNDA:56,(anonymous_1)
FNDA:0,(anonymous_2)
FNDA:12,(anonymous_3)
FNDA:40,(anonymous_4)
FNDA:325,(anonymous_5)
FNDA:325,(anonymous_6)
FNDA:325,(anonymous_7)
FNDA:275,(anonymous_8)
FNDA:2257,(anonymous_9)
FNDA:8,(anonymous_10)
FNDA:307,(anonymous_11)
FNDA:2566,(anonymous_12)
FNDA:271,(anonymous_13)
FNDA:4,(anonymous_14)
FNDA:4,(anonymous_15)
FNDA:47,(anonymous_16)
FNDA:2841,(anonymous_17)
FNDA:56,(anonymous_18)
FNDA:0,(anonymous_19)
FNDA:0,(anonymous_20)
FNDA:26,(anonymous_21)
FNDA:0,(anonymous_22)
FNDA:25,(anonymous_23)
FNDA:0,(anonymous_24)
FNDA:0,(anonymous_25)
FNDA:99,(anonymous_26)
FNDA:283,(anonymous_27)
FNDA:3502,(anonymous_28)
FNDA:58,(anonymous_29)
DA:26,3
DA:28,3
DA:30,2582
DA:31,2582
DA:35,3
DA:36,56
DA:37,56
DA:40,56
DA:41,0
DA:42,0
DA:43,0
DA:44,0
DA:51,56
DA:53,0
DA:57,3
DA:58,0
DA:59,0
DA:60,0
DA:61,0
DA:62,0
DA:63,0
DA:64,0
DA:67,0
DA:69,0
DA:73,3
DA:79,12
DA:80,12
DA:81,12
DA:82,0
DA:83,12
DA:84,0
DA:85,12
DA:86,0
DA:89,12
DA:90,0
DA:91,12
DA:92,0
DA:94,12
DA:96,12
DA:99,3
DA:100,40
DA:105,40
DA:112,40
DA:114,40
DA:116,325
DA:124,325
DA:126,325
DA:127,0
DA:128,0
DA:138,325
DA:139,325
DA:147,40
DA:148,275
DA:150,2257
DA:151,0
DA:153,2257
DA:162,2257
DA:166,40
DA:167,40
DA:168,40
DA:173,40
DA:174,4
DA:177,8
DA:184,4
DA:189,4
DA:205,36
DA:206,307
DA:210,2566
DA:224,36
DA:228,271
DA:229,271
DA:234,36
DA:235,4
DA:251,32
DA:256,32
DA:272,3
DA:273,4
DA:274,4
DA:276,4
DA:278,4
DA:280,47
DA:283,4
DA:287,4
DA:291,4
DA:294,3
DA:299,2841
DA:300,2836
DA:301,2836
DA:302,2836
DA:303,2836
DA:304,2836
DA:305,2836
DA:307,2836
DA:308,3085
DA:310,3085
DA:316,3085
DA:318,86
DA:325,86
DA:328,56
DA:331,56
DA:332,56
DA:333,56
DA:335,0
DA:336,0
DA:338,0
DA:342,56
DA:343,56
DA:344,56
DA:345,0
DA:363,56
DA:364,0
DA:366,56
DA:371,56
DA:380,0
DA:381,0
DA:382,0
DA:384,0
DA:387,0
DA:388,0
DA:389,0
DA:394,0
DA:396,0
DA:397,0
DA:398,0
DA:399,0
DA:400,0
DA:402,0
DA:406,0
DA:409,0
DA:410,0
DA:417,0
DA:419,0
DA:420,0
DA:421,0
DA:422,0
DA:428,0
DA:432,0
DA:433,0
DA:434,0
DA:452,0
DA:458,56
DA:459,56
DA:462,56
DA:464,4
DA:479,4
DA:481,10
DA:487,26
DA:488,10
DA:490,8
DA:495,8
DA:497,8
DA:506,8
DA:508,30
DA:512,30
DA:514,30
DA:516,1
DA:518,1
DA:519,1
DA:520,1
DA:530,1
DA:531,1
DA:532,1
DA:536,30
DA:537,30
DA:538,30
DA:540,30
DA:541,0
DA:547,0
DA:548,0
DA:551,30
DA:557,30
DA:559,89
DA:563,0
DA:564,0
DA:566,0
DA:568,0
DA:569,0
DA:570,0
DA:586,0
DA:590,89
DA:594,2
DA:600,2
DA:616,2
DA:618,87
DA:619,87
DA:620,87
DA:621,108
DA:622,12
DA:623,0
DA:627,0
DA:629,12
DA:644,96
DA:645,0
DA:646,0
DA:647,0
DA:665,0
DA:668,96
DA:671,87
DA:672,75
DA:677,87
DA:679,0
DA:680,0
DA:682,0
DA:683,0
DA:685,10
DA:686,10
DA:687,10
DA:689,5
DA:690,5
DA:692,5
DA:696,10
DA:698,10
DA:711,25
DA:717,10
DA:719,0
DA:725,0
DA:731,0
DA:733,4
DA:739,4
DA:741,40
DA:742,40
DA:744,2740
DA:745,0
DA:746,0
DA:747,0
DA:748,0
DA:749,0
DA:750,0
DA:751,0
DA:752,0
DA:753,0
DA:754,0
DA:758,0
DA:759,2740
DA:769,2740
DA:770,2728
DA:772,12
DA:773,12
DA:774,12
DA:775,12
DA:776,12
DA:777,7
DA:778,7
DA:780,0
DA:783,12
DA:792,0
DA:793,0
DA:795,0
DA:799,3085
DA:800,202
DA:803,202
DA:804,0
DA:805,0
DA:806,0
DA:811,3085
DA:812,3085
DA:813,99
DA:814,99
DA:815,25
DA:817,99
DA:818,1
DA:820,99
DA:823,2986
DA:824,168
DA:826,2986
DA:827,52
DA:831,3085
DA:834,3085
DA:836,3085
DA:838,3085
DA:840,2836
DA:841,283
DA:842,275
DA:843,265
DA:847,3
DA:852,3502
DA:853,6410
DA:854,6410
DA:855,6410
DA:856,24
DA:858,6410
DA:859,3444
DA:862,3502
DA:865,3
DA:871,58
DA:872,58
DA:873,58
DA:874,58
LF:288
LH:193
BRDA:40,0,0,0
BRDA:40,0,1,56
BRDA:46,1,0,0
BRDA:46,1,1,0
BRDA:60,2,0,0
BRDA:60,2,1,0
BRDA:63,3,0,0
BRDA:63,3,1,0
BRDA:64,4,0,0
BRDA:64,4,1,0
BRDA:75,5,0,0
BRDA:81,6,0,0
BRDA:81,6,1,12
BRDA:83,7,0,0
BRDA:83,7,1,12
BRDA:85,8,0,0
BRDA:85,8,1,12
BRDA:89,9,0,0
BRDA:89,9,1,12
BRDA:91,10,0,0
BRDA:91,10,1,12
BRDA:94,11,0,12
BRDA:94,11,1,0
BRDA:105,12,0,17
BRDA:105,12,1,23
BRDA:105,13,0,40
BRDA:105,13,1,17
BRDA:105,13,2,17
BRDA:114,14,0,40
BRDA:114,14,1,0
BRDA:124,15,0,325
BRDA:124,15,1,3
BRDA:126,16,0,0
BRDA:126,16,1,325
BRDA:147,17,0,40
BRDA:147,17,1,0
BRDA:150,18,0,0
BRDA:150,18,1,2257
BRDA:167,19,0,40
BRDA:167,19,1,31
BRDA:173,20,0,4
BRDA:173,20,1,36
BRDA:179,21,0,8
BRDA:179,21,1,0
BRDA:212,22,0,2566
BRDA:212,22,1,2482
BRDA:215,23,0,2563
BRDA:215,23,1,3
BRDA:234,24,0,4
BRDA:234,24,1,32
BRDA:234,25,0,36
BRDA:234,25,1,23
BRDA:234,25,2,5
BRDA:252,26,0,13
BRDA:252,26,1,19
BRDA:296,27,0,0
BRDA:299,28,0,5
BRDA:299,28,1,2836
BRDA:310,29,0,53
BRDA:310,29,1,3032
BRDA:310,30,0,3085
BRDA:310,30,1,53
BRDA:310,30,2,53
BRDA:316,31,0,86
BRDA:316,31,1,56
BRDA:316,31,2,4
BRDA:316,31,3,10
BRDA:316,31,4,8
BRDA:316,31,5,8
BRDA:316,31,6,30
BRDA:316,31,7,89
BRDA:316,31,8,0
BRDA:316,31,9,0
BRDA:316,31,10,10
BRDA:316,31,11,0
BRDA:316,31,12,4
BRDA:316,31,13,40
BRDA:316,31,14,2740
BRDA:321,32,0,85
BRDA:321,32,1,1
BRDA:328,33,0,56
BRDA:328,33,1,0
BRDA:331,34,0,56
BRDA:331,34,1,0
BRDA:342,35,0,56
BRDA:342,35,1,0
BRDA:342,36,0,56
BRDA:342,36,1,0
BRDA:344,37,0,0
BRDA:344,37,1,56
BRDA:350,38,0,0
BRDA:350,38,1,0
BRDA:363,39,0,0
BRDA:363,39,1,56
BRDA:381,40,0,0
BRDA:381,40,1,0
BRDA:387,41,0,0
BRDA:387,41,1,0
BRDA:389,42,0,0
BRDA:389,42,1,0
BRDA:390,43,0,0
BRDA:390,43,1,0
BRDA:390,43,2,0
BRDA:396,44,0,0
BRDA:396,44,1,0
BRDA:397,45,0,0
BRDA:397,45,1,0
BRDA:400,46,0,0
BRDA:400,46,1,0
BRDA:409,47,0,0
BRDA:409,47,1,0
BRDA:419,48,0,0
BRDA:419,48,1,0
BRDA:421,49,0,0
BRDA:421,49,1,0
BRDA:433,50,0,0
BRDA:433,50,1,0
BRDA:458,51,0,56
BRDA:458,51,1,0
BRDA:508,52,0,30
BRDA:508,52,1,0
BRDA:514,53,0,1
BRDA:514,53,1,29
BRDA:519,54,0,1
BRDA:519,54,1,0
BRDA:525,55,0,1
BRDA:525,55,1,0
BRDA:531,56,0,1
BRDA:531,56,1,0
BRDA:536,57,0,30
BRDA:536,57,1,0
BRDA:536,58,0,30
BRDA:536,58,1,30
BRDA:540,59,0,0
BRDA:540,59,1,30
BRDA:543,60,0,0
BRDA:543,60,1,0
BRDA:559,61,0,0
BRDA:559,61,1,89
BRDA:560,62,0,89
BRDA:560,62,1,0
BRDA:564,63,0,0
BRDA:564,63,1,0
BRDA:568,64,0,0
BRDA:568,64,1,0
BRDA:584,65,0,0
BRDA:584,65,1,0
BRDA:590,66,0,2
BRDA:590,66,1,87
BRDA:591,67,0,89
BRDA:591,67,1,5
BRDA:620,68,0,87
BRDA:620,68,1,0
BRDA:621,69,0,12
BRDA:621,69,1,96
BRDA:622,70,0,0
BRDA:622,70,1,12
BRDA:644,71,0,0
BRDA:644,71,1,96
BRDA:646,72,0,0
BRDA:646,72,1,0
BRDA:660,73,0,0
BRDA:660,73,1,0
BRDA:671,74,0,75
BRDA:671,74,1,12
BRDA:687,75,0,10
BRDA:687,75,1,0
BRDA:690,76,0,5
BRDA:690,76,1,0
BRDA:696,77,0,10
BRDA:696,77,1,5
BRDA:699,78,0,5
BRDA:699,78,1,5
BRDA:702,79,0,5
BRDA:702,79,1,5
BRDA:704,80,0,5
BRDA:704,80,1,5
BRDA:735,81,0,4
BRDA:735,81,1,0
BRDA:744,82,0,0
BRDA:744,82,1,2740
BRDA:744,83,0,2740
BRDA:744,83,1,2728
BRDA:746,84,0,0
BRDA:746,84,1,0
BRDA:748,85,0,0
BRDA:748,85,1,0
BRDA:749,86,0,0
BRDA:749,86,1,0
BRDA:750,87,0,0
BRDA:750,87,1,0
BRDA:750,88,0,0
BRDA:750,88,1,0
BRDA:751,89,0,0
BRDA:751,89,1,0
BRDA:752,90,0,0
BRDA:752,90,1,0
BRDA:752,91,0,0
BRDA:752,91,1,0
BRDA:753,92,0,0
BRDA:753,92,1,0
BRDA:753,93,0,0
BRDA:753,93,1,0
BRDA:759,94,0,2740
BRDA:759,94,1,0
BRDA:769,95,0,2728
BRDA:769,95,1,12
BRDA:773,96,0,0
BRDA:773,96,1,12
BRDA:774,97,0,0
BRDA:774,97,1,12
BRDA:775,98,0,5
BRDA:775,98,1,7
BRDA:776,99,0,7
BRDA:776,99,1,5
BRDA:785,100,0,12
BRDA:785,100,1,0
BRDA:788,101,0,0
BRDA:788,101,1,0
BRDA:792,102,0,0
BRDA:792,102,1,0
BRDA:799,103,0,202
BRDA:799,103,1,2883
BRDA:799,104,0,3085
BRDA:799,104,1,249
BRDA:801,105,0,202
BRDA:801,105,1,0
BRDA:802,106,0,202
BRDA:802,106,1,0
BRDA:803,107,0,0
BRDA:803,107,1,202
BRDA:811,108,0,3085
BRDA:811,108,1,0
BRDA:812,109,0,99
BRDA:812,109,1,2986
BRDA:814,110,0,25
BRDA:814,110,1,74
BRDA:814,111,0,99
BRDA:814,111,1,0
BRDA:817,112,0,1
BRDA:817,112,1,98
BRDA:817,113,0,99
BRDA:817,113,1,1
BRDA:817,114,0,99
BRDA:817,114,1,0
BRDA:823,115,0,168
BRDA:823,115,1,2818
BRDA:823,116,0,2986
BRDA:823,116,1,0
BRDA:826,117,0,52
BRDA:826,117,1,2934
BRDA:826,118,0,2986
BRDA:826,118,1,52
BRDA:826,119,0,2986
BRDA:826,119,1,0
BRDA:831,120,0,99
BRDA:831,120,1,2986
BRDA:841,121,0,8
BRDA:841,121,1,275
BRDA:842,122,0,10
BRDA:842,122,1,265
BRDA:849,123,0,58
BRDA:850,124,0,58
BRDA:855,125,0,24
BRDA:855,125,1,6386
BRDA:858,126,0,3444
BRDA:858,126,1,2966
BRDA:871,127,0,58
BRDA:871,127,1,5
BRF:269
BRH:149
end_of_record
TN:
SF:src\MarkdownEditor\editor\parser\parserMdToSchema.ts
FN:9,(anonymous_0)
FN:11,(anonymous_1)
FN:21,(anonymous_2)
FNF:3
FNH:3
FNDA:48,(anonymous_0)
FNDA:250,(anonymous_1)
FNDA:48,(anonymous_2)
DA:9,2
DA:10,48
DA:12,250
DA:13,56
DA:15,194
DA:21,2
DA:22,48
LF:7
LH:7
BRDA:12,0,0,56
BRDA:12,0,1,194
BRDA:12,1,0,250
BRDA:12,1,1,56
BRDA:17,2,0,48
BRDA:17,2,1,0
BRF:6
BRH:5
end_of_record
TN:
SF:src\MarkdownEditor\editor\parser\remarkParse.ts
FNF:0
FNH:0
DA:7,3
LF:1
LH:1
BRF:0
BRH:0
end_of_record
TN:
SF:src\MarkdownEditor\editor\plugins\catchError.ts
FN:3,(anonymous_0)
FN:4,(anonymous_1)
FN:13,(anonymous_2)
FN:14,(anonymous_3)
FNF:4
FNH:4
FNDA:4230,(anonymous_0)
FNDA:42560,(anonymous_1)
FNDA:47,(anonymous_2)
FNDA:4465,(anonymous_3)
DA:3,1
DA:4,4230
DA:5,42560
DA:6,42560
DA:8,0
DA:9,0
DA:13,1
DA:14,47
DA:15,4465
DA:16,4230
DA:20,47
LF:11
LH:9
BRDA:15,0,0,4230
BRDA:15,0,1,235
BRF:2
BRH:2
end_of_record
TN:
SF:src\MarkdownEditor\editor\plugins\elements.ts
FN:14,(anonymous_0)
FN:46,(anonymous_1)
FN:50,(anonymous_2)
FN:76,(anonymous_3)
FN:86,(anonymous_4)
FN:94,(anonymous_5)
FN:108,(anonymous_6)
FN:126,(anonymous_7)
FN:134,(anonymous_8)
FN:160,(anonymous_9)
FN:178,(anonymous_10)
FN:209,(anonymous_11)
FN:217,(anonymous_12)
FN:243,(anonymous_13)
FN:252,(anonymous_14)
FN:287,(anonymous_15)
FN:289,(anonymous_16)
FN:301,(anonymous_17)
FN:308,(anonymous_18)
FN:330,(anonymous_19)
FN:333,(anonymous_20)
FN:358,(anonymous_21)
FN:367,(anonymous_22)
FN:376,(anonymous_23)
FN:383,(anonymous_24)
FN:396,(anonymous_25)
FN:407,(anonymous_26)
FN:408,(anonymous_27)
FN:410,(anonymous_28)
FN:411,(anonymous_29)
FNF:30
FNH:5
FNDA:0,(anonymous_0)
FNDA:5,(anonymous_1)
FNDA:0,(anonymous_2)
FNDA:0,(anonymous_3)
FNDA:0,(anonymous_4)
FNDA:0,(anonymous_5)
FNDA:0,(anonymous_6)
FNDA:0,(anonymous_7)
FNDA:0,(anonymous_8)
FNDA:0,(anonymous_9)
FNDA:0,(anonymous_10)
FNDA:0,(anonymous_11)
FNDA:0,(anonymous_12)
FNDA:0,(anonymous_13)
FNDA:0,(anonymous_14)
FNDA:0,(anonymous_15)
FNDA:0,(anonymous_16)
FNDA:0,(anonymous_17)
FNDA:0,(anonymous_18)
FNDA:0,(anonymous_19)
FNDA:0,(anonymous_20)
FNDA:0,(anonymous_21)
FNDA:0,(anonymous_22)
FNDA:0,(anonymous_23)
FNDA:0,(anonymous_24)
FNDA:0,(anonymous_25)
FNDA:15,(anonymous_26)
FNDA:4,(anonymous_27)
FNDA:15,(anonymous_28)
FNDA:11,(anonymous_29)
DA:14,1
DA:22,0
DA:23,0
DA:46,1
DA:50,5
DA:51,0
DA:52,0
DA:53,0
DA:54,0
DA:55,0
DA:56,0
DA:57,0
DA:59,0
DA:66,0
DA:67,0
DA:68,0
DA:69,0
DA:73,1
DA:77,0
DA:78,0
DA:79,0
DA:86,0
DA:94,0
DA:103,0
DA:109,0
DA:110,0
DA:111,0
DA:120,0
DA:127,0
DA:135,0
DA:136,0
DA:137,0
DA:139,0
DA:142,0
DA:153,0
DA:154,0
DA:161,0
DA:168,0
DA:172,0
DA:179,0
DA:186,0
DA:203,0
DA:210,0
DA:212,0
DA:213,0
DA:215,0
DA:218,0
DA:221,0
DA:236,0
DA:237,0
DA:244,0
DA:245,0
DA:247,0
DA:254,0
DA:255,0
DA:256,0
DA:257,0
DA:259,0
DA:262,0
DA:263,0
DA:278,0
DA:282,0
DA:288,0
DA:290,0
DA:291,0
DA:296,0
DA:302,0
DA:309,0
DA:310,0
DA:331,0
DA:334,0
DA:335,0
DA:339,0
DA:342,0
DA:350,0
DA:352,0
DA:359,0
DA:368,0
DA:377,0
DA:384,0
DA:397,0
DA:406,1
DA:407,15
DA:408,4
DA:409,1
DA:410,15
DA:411,11
LF:87
LH:10
BRDA:17,0,0,0
BRDA:53,1,0,0
BRDA:53,1,1,0
BRDA:54,2,0,0
BRDA:54,2,1,0
BRDA:57,3,0,0
BRDA:57,3,1,0
BRDA:68,4,0,0
BRDA:68,4,1,0
BRDA:128,5,0,0
BRDA:128,5,1,0
BRDA:128,5,2,0
BRDA:136,6,0,0
BRDA:136,6,1,0
BRDA:210,7,0,0
BRDA:210,7,1,0
BRDA:213,8,0,0
BRDA:213,8,1,0
BRDA:244,9,0,0
BRDA:244,9,1,0
BRDA:248,10,0,0
BRDA:248,10,1,0
BRDA:254,11,0,0
BRDA:254,11,1,0
BRDA:256,12,0,0
BRDA:256,12,1,0
BRDA:268,13,0,0
BRDA:268,13,1,0
BRDA:288,14,0,0
BRDA:288,14,1,0
BRDA:303,15,0,0
BRDA:303,15,1,0
BRDA:303,15,2,0
BRDA:334,16,0,0
BRDA:334,16,1,0
BRDA:334,17,0,0
BRDA:334,17,1,0
BRF:37
BRH:0
end_of_record
TN:
SF:src\MarkdownEditor\editor\plugins\index.ts
FN:7,hasRange
FN:34,(anonymous_1)
FN:37,(anonymous_2)
FN:41,(anonymous_3)
FN:45,(anonymous_4)
FN:73,(anonymous_5)
FN:101,(anonymous_6)
FN:130,(anonymous_7)
FN:205,(anonymous_8)
FNF:9
FNH:4
FNDA:0,hasRange
FNDA:48,(anonymous_1)
FNDA:9636,(anonymous_2)
FNDA:8347,(anonymous_3)
FNDA:14,(anonymous_4)
FNDA:0,(anonymous_5)
FNDA:0,(anonymous_6)
FNDA:0,(anonymous_7)
FNDA:0,(anonymous_8)
DA:3,1
DA:5,1
DA:8,0
DA:9,0
DA:34,1
DA:35,48
DA:37,48
DA:38,9636
DA:41,48
DA:42,8347
DA:45,48
DA:46,14
DA:50,0
DA:53,14
DA:58,0
DA:59,0
DA:60,0
DA:73,0
DA:74,0
DA:79,0
DA:82,14
DA:86,0
DA:87,0
DA:88,0
DA:101,0
DA:102,0
DA:107,0
DA:109,14
DA:115,0
DA:116,0
DA:117,0
DA:118,0
DA:130,0
DA:131,0
DA:136,0
DA:139,0
DA:140,0
DA:141,0
DA:145,14
DA:146,0
DA:147,0
DA:149,14
DA:150,0
DA:151,0
DA:152,0
DA:153,0
DA:154,0
DA:156,0
DA:157,0
DA:158,0
DA:160,0
DA:162,0
DA:163,0
DA:164,0
DA:167,0
DA:170,14
DA:171,0
DA:172,0
DA:176,0
DA:180,14
DA:181,0
DA:182,0
DA:186,0
DA:190,0
DA:193,0
DA:195,0
DA:198,0
DA:202,14
DA:205,48
DA:206,0
DA:208,0
DA:213,0
DA:214,0
DA:215,0
DA:217,0
DA:218,0
DA:221,0
DA:225,0
DA:226,0
DA:229,48
LF:80
LH:20
BRDA:10,0,0,0
BRDA:10,0,1,0
BRDA:38,1,0,9636
BRDA:38,1,1,9636
BRDA:42,2,0,8347
BRDA:42,2,1,8347
BRDA:46,3,0,0
BRDA:46,3,1,14
BRDA:47,4,0,14
BRDA:47,4,1,0
BRDA:53,5,0,0
BRDA:53,5,1,14
BRDA:54,6,0,14
BRDA:54,6,1,0
BRDA:54,6,2,0
BRDA:59,7,0,0
BRDA:59,7,1,0
BRDA:82,8,0,0
BRDA:82,8,1,14
BRDA:83,9,0,14
BRDA:83,9,1,0
BRDA:87,10,0,0
BRDA:87,10,1,0
BRDA:109,11,0,0
BRDA:109,11,1,14
BRDA:110,12,0,14
BRDA:110,12,1,14
BRDA:110,12,2,14
BRDA:110,12,3,14
BRDA:115,13,0,0
BRDA:115,13,1,0
BRDA:115,14,0,0
BRDA:115,14,1,0
BRDA:116,15,0,0
BRDA:116,15,1,0
BRDA:117,16,0,0
BRDA:117,16,1,0
BRDA:140,17,0,0
BRDA:140,17,1,0
BRDA:145,18,0,0
BRDA:145,18,1,14
BRDA:147,19,0,0
BRDA:147,19,1,0
BRDA:149,20,0,0
BRDA:149,20,1,14
BRDA:151,21,0,0
BRDA:151,21,1,0
BRDA:152,22,0,0
BRDA:152,22,1,0
BRDA:156,23,0,0
BRDA:156,23,1,0
BRDA:163,24,0,0
BRDA:163,24,1,0
BRDA:170,25,0,0
BRDA:170,25,1,14
BRDA:172,26,0,0
BRDA:172,26,1,0
BRDA:173,27,0,0
BRDA:173,27,1,0
BRDA:180,28,0,0
BRDA:180,28,1,14
BRDA:182,29,0,0
BRDA:182,29,1,0
BRDA:183,30,0,0
BRDA:183,30,1,0
BRDA:186,31,0,0
BRDA:186,31,1,0
BRDA:208,32,0,0
BRDA:208,32,1,0
BRDA:209,33,0,0
BRDA:209,33,1,0
BRDA:209,33,2,0
BRDA:214,34,0,0
BRDA:214,34,1,0
BRDA:217,35,0,0
BRDA:217,35,1,0
BRF:76
BRH:19
end_of_record
TN:
SF:src\MarkdownEditor\editor\plugins\insertParsedHtmlNodes.ts
FN:7,(anonymous_0)
FN:14,(anonymous_1)
FN:15,(anonymous_2)
FN:16,(anonymous_3)
FN:17,(anonymous_4)
FN:18,(anonymous_5)
FN:19,(anonymous_6)
FN:20,(anonymous_7)
FN:21,(anonymous_8)
FN:28,(anonymous_9)
FN:29,(anonymous_10)
FN:30,(anonymous_11)
FN:31,(anonymous_12)
FN:32,(anonymous_13)
FN:33,(anonymous_14)
FN:34,(anonymous_15)
FN:35,(anonymous_16)
FN:39,(anonymous_17)
FN:40,(anonymous_18)
FN:41,(anonymous_19)
FN:42,(anonymous_20)
FN:43,(anonymous_21)
FN:44,(anonymous_22)
FN:45,(anonymous_23)
FN:46,(anonymous_24)
FN:47,(anonymous_25)
FN:48,(anonymous_26)
FN:51,(anonymous_27)
FN:80,(anonymous_28)
FN:95,(anonymous_29)
FN:113,(anonymous_30)
FN:131,(anonymous_31)
FN:148,(anonymous_32)
FN:151,(anonymous_33)
FN:156,(anonymous_34)
FN:161,(anonymous_35)
FN:174,(anonymous_36)
FN:178,(anonymous_37)
FN:190,(anonymous_38)
FN:197,(anonymous_39)
FN:202,(anonymous_40)
FN:203,(anonymous_41)
FN:222,(anonymous_42)
FN:272,(anonymous_43)
FN:297,(anonymous_44)
FN:319,(anonymous_45)
FN:327,(anonymous_46)
FN:339,(anonymous_47)
FN:350,(anonymous_48)
FN:419,(anonymous_49)
FNF:50
FNH:0
FNDA:0,(anonymous_0)
FNDA:0,(anonymous_1)
FNDA:0,(anonymous_2)
FNDA:0,(anonymous_3)
FNDA:0,(anonymous_4)
FNDA:0,(anonymous_5)
FNDA:0,(anonymous_6)
FNDA:0,(anonymous_7)
FNDA:0,(anonymous_8)
FNDA:0,(anonymous_9)
FNDA:0,(anonymous_10)
FNDA:0,(anonymous_11)
FNDA:0,(anonymous_12)
FNDA:0,(anonymous_13)
FNDA:0,(anonymous_14)
FNDA:0,(anonymous_15)
FNDA:0,(anonymous_16)
FNDA:0,(anonymous_17)
FNDA:0,(anonymous_18)
FNDA:0,(anonymous_19)
FNDA:0,(anonymous_20)
FNDA:0,(anonymous_21)
FNDA:0,(anonymous_22)
FNDA:0,(anonymous_23)
FNDA:0,(anonymous_24)
FNDA:0,(anonymous_25)
FNDA:0,(anonymous_26)
FNDA:0,(anonymous_27)
FNDA:0,(anonymous_28)
FNDA:0,(anonymous_29)
FNDA:0,(anonymous_30)
FNDA:0,(anonymous_31)
FNDA:0,(anonymous_32)
FNDA:0,(anonymous_33)
FNDA:0,(anonymous_34)
FNDA:0,(anonymous_35)
FNDA:0,(anonymous_36)
FNDA:0,(anonymous_37)
FNDA:0,(anonymous_38)
FNDA:0,(anonymous_39)
FNDA:0,(anonymous_40)
FNDA:0,(anonymous_41)
FNDA:0,(anonymous_42)
FNDA:0,(anonymous_43)
FNDA:0,(anonymous_44)
FNDA:0,(anonymous_45)
FNDA:0,(anonymous_46)
FNDA:0,(anonymous_47)
FNDA:0,(anonymous_48)
FNDA:0,(anonymous_49)
DA:7,1
DA:8,0
DA:9,0
DA:11,1
DA:13,1
DA:14,0
DA:15,0
DA:16,0
DA:17,0
DA:18,0
DA:19,0
DA:20,0
DA:22,0
DA:28,0
DA:29,0
DA:30,0
DA:31,0
DA:32,0
DA:33,0
DA:34,0
DA:35,0
DA:38,1
DA:39,0
DA:40,0
DA:41,0
DA:42,0
DA:43,0
DA:44,0
DA:45,0
DA:46,0
DA:47,0
DA:48,0
DA:51,1
DA:55,0
DA:56,0
DA:57,0
DA:58,0
DA:59,0
DA:60,0
DA:61,0
DA:62,0
DA:63,0
DA:64,0
DA:65,0
DA:66,0
DA:67,0
DA:70,0
DA:71,0
DA:72,0
DA:77,0
DA:79,0
DA:81,0
DA:85,0
DA:86,0
DA:89,0
DA:90,0
DA:92,0
DA:95,0
DA:98,0
DA:100,0
DA:101,0
DA:105,0
DA:106,0
DA:107,0
DA:108,0
DA:109,0
DA:110,0
DA:114,0
DA:127,0
DA:128,0
DA:129,0
DA:132,0
DA:137,0
DA:140,0
DA:141,0
DA:144,0
DA:146,0
DA:147,0
DA:149,0
DA:151,0
DA:153,0
DA:156,1
DA:157,0
DA:158,0
DA:161,1
DA:162,0
DA:163,0
DA:164,0
DA:165,0
DA:167,0
DA:168,0
DA:171,0
DA:174,1
DA:175,0
DA:176,0
DA:177,0
DA:179,0
DA:182,0
DA:183,0
DA:184,0
DA:191,0
DA:192,0
DA:194,0
DA:195,0
DA:198,0
DA:199,0
DA:202,0
DA:204,0
DA:212,0
DA:220,0
DA:222,0
DA:224,0
DA:225,0
DA:227,0
DA:228,0
DA:229,0
DA:231,0
DA:232,0
DA:233,0
DA:235,0
DA:239,0
DA:240,0
DA:241,0
DA:242,0
DA:244,0
DA:246,0
DA:248,0
DA:249,0
DA:250,0
DA:251,0
DA:253,0
DA:255,0
DA:257,0
DA:258,0
DA:259,0
DA:261,0
DA:263,0
DA:272,1
DA:277,0
DA:280,0
DA:282,0
DA:283,0
DA:284,0
DA:286,0
DA:287,0
DA:288,0
DA:289,0
DA:292,0
DA:293,0
DA:297,0
DA:298,0
DA:299,0
DA:314,0
DA:317,0
DA:318,0
DA:319,0
DA:322,0
DA:323,0
DA:324,0
DA:325,0
DA:326,0
DA:327,0
DA:328,0
DA:329,0
DA:334,0
DA:338,0
DA:340,0
DA:344,0
DA:345,0
DA:346,0
DA:347,0
DA:348,0
DA:349,0
DA:350,0
DA:353,0
DA:354,0
DA:355,0
DA:356,0
DA:357,0
DA:361,0
DA:362,0
DA:373,0
DA:374,0
DA:382,0
DA:383,0
DA:391,0
DA:392,0
DA:396,0
DA:399,0
DA:400,0
DA:401,0
DA:403,0
DA:404,0
DA:405,0
DA:406,0
DA:414,0
DA:416,0
DA:419,0
DA:420,0
DA:421,0
DA:422,0
DA:425,0
DA:429,0
DA:430,0
DA:432,0
DA:433,0
LF:206
LH:9
BRDA:25,0,0,0
BRDA:25,0,1,0
BRDA:25,1,0,0
BRDA:25,1,1,0
BRDA:53,2,0,0
BRDA:55,3,0,0
BRDA:55,3,1,0
BRDA:56,4,0,0
BRDA:56,4,1,0
BRDA:57,5,0,0
BRDA:57,5,1,0
BRDA:58,6,0,0
BRDA:58,6,1,0
BRDA:59,7,0,0
BRDA:59,7,1,0
BRDA:60,8,0,0
BRDA:60,8,1,0
BRDA:61,9,0,0
BRDA:61,9,1,0
BRDA:62,10,0,0
BRDA:62,10,1,0
BRDA:64,11,0,0
BRDA:64,11,1,0
BRDA:66,12,0,0
BRDA:66,12,1,0
BRDA:72,13,0,0
BRDA:72,13,1,0
BRDA:73,14,0,0
BRDA:73,14,1,0
BRDA:73,14,2,0
BRDA:85,15,0,0
BRDA:85,15,1,0
BRDA:86,16,0,0
BRDA:86,16,1,0
BRDA:89,17,0,0
BRDA:89,17,1,0
BRDA:92,18,0,0
BRDA:92,18,1,0
BRDA:93,19,0,0
BRDA:93,19,1,0
BRDA:95,20,0,0
BRDA:95,20,1,0
BRDA:100,21,0,0
BRDA:100,21,1,0
BRDA:101,22,0,0
BRDA:101,22,1,0
BRDA:102,23,0,0
BRDA:102,23,1,0
BRDA:105,24,0,0
BRDA:105,24,1,0
BRDA:109,25,0,0
BRDA:109,25,1,0
BRDA:119,26,0,0
BRDA:119,26,1,0
BRDA:128,27,0,0
BRDA:128,27,1,0
BRDA:144,28,0,0
BRDA:144,28,1,0
BRDA:164,29,0,0
BRDA:164,29,1,0
BRDA:167,30,0,0
BRDA:167,30,1,0
BRDA:174,31,0,0
BRDA:179,32,0,0
BRDA:179,32,1,0
BRDA:179,32,2,0
BRDA:179,33,0,0
BRDA:179,33,1,0
BRDA:183,34,0,0
BRDA:183,34,1,0
BRDA:191,35,0,0
BRDA:191,35,1,0
BRDA:192,36,0,0
BRDA:192,36,1,0
BRDA:194,37,0,0
BRDA:194,37,1,0
BRDA:198,38,0,0
BRDA:198,38,1,0
BRDA:220,39,0,0
BRDA:220,39,1,0
BRDA:221,40,0,0
BRDA:221,40,1,0
BRDA:227,41,0,0
BRDA:227,41,1,0
BRDA:229,42,0,0
BRDA:229,42,1,0
BRDA:231,43,0,0
BRDA:231,43,1,0
BRDA:235,44,0,0
BRDA:235,44,1,0
BRDA:235,45,0,0
BRDA:235,45,1,0
BRDA:235,45,2,0
BRDA:239,46,0,0
BRDA:239,46,1,0
BRDA:248,47,0,0
BRDA:248,47,1,0
BRDA:248,48,0,0
BRDA:248,48,1,0
BRDA:249,49,0,0
BRDA:249,49,1,0
BRDA:257,50,0,0
BRDA:257,50,1,0
BRDA:257,51,0,0
BRDA:257,51,1,0
BRDA:257,51,2,0
BRDA:259,52,0,0
BRDA:259,52,1,0
BRDA:277,53,0,0
BRDA:277,53,1,0
BRDA:288,54,0,0
BRDA:288,54,1,0
BRDA:298,55,0,0
BRDA:298,55,1,0
BRDA:317,56,0,0
BRDA:317,56,1,0
BRDA:322,57,0,0
BRDA:322,57,1,0
BRDA:323,58,0,0
BRDA:323,58,1,0
BRDA:329,59,0,0
BRDA:329,59,1,0
BRDA:330,60,0,0
BRDA:330,60,1,0
BRDA:330,60,2,0
BRDA:340,61,0,0
BRDA:340,61,1,0
BRDA:342,62,0,0
BRDA:342,62,1,0
BRDA:344,63,0,0
BRDA:344,63,1,0
BRDA:345,64,0,0
BRDA:345,64,1,0
BRDA:346,65,0,0
BRDA:346,65,1,0
BRDA:346,66,0,0
BRDA:346,66,1,0
BRDA:347,67,0,0
BRDA:347,67,1,0
BRDA:348,68,0,0
BRDA:348,68,1,0
BRDA:350,69,0,0
BRDA:350,69,1,0
BRDA:351,70,0,0
BRDA:351,70,1,0
BRDA:353,71,0,0
BRDA:353,71,1,0
BRDA:353,72,0,0
BRDA:353,72,1,0
BRDA:354,73,0,0
BRDA:354,73,1,0
BRDA:361,74,0,0
BRDA:361,74,1,0
BRDA:391,75,0,0
BRDA:391,75,1,0
BRDA:399,76,0,0
BRDA:399,76,1,0
BRDA:403,77,0,0
BRDA:403,77,1,0
BRDA:404,78,0,0
BRDA:404,78,1,0
BRDA:405,79,0,0
BRDA:405,79,1,0
BRDA:420,80,0,0
BRDA:420,80,1,0
BRDA:429,81,0,0
BRDA:429,81,1,0
BRDA:429,82,0,0
BRDA:429,82,1,0
BRF:169
BRH:0
end_of_record
TN:
SF:src\MarkdownEditor\editor\plugins\parseMarkdownToNodesAndInsert.tsx
FN:11,(anonymous_0)
FNF:1
FNH:0
FNDA:0,(anonymous_0)
DA:11,1
DA:15,0
DA:17,0
DA:19,0
DA:20,0
DA:21,0
DA:22,0
DA:23,0
DA:24,0
DA:26,0
DA:27,0
LF:11
LH:1
BRDA:21,0,0,0
BRDA:21,0,1,0
BRF:2
BRH:0
end_of_record
TN:
SF:src\MarkdownEditor\editor\plugins\useHighlight.ts
FN:26,(anonymous_0)
FN:29,(anonymous_1)
FN:33,(anonymous_2)
FN:61,(anonymous_3)
FN:73,(anonymous_4)
FN:132,useHighlight
FN:133,(anonymous_6)
FN:288,(anonymous_7)
FN:291,(anonymous_8)
FN:295,(anonymous_9)
FN:302,(anonymous_10)
FN:322,(anonymous_11)
FN:325,(anonymous_12)
FN:337,(anonymous_13)
FN:346,(anonymous_14)
FN:347,(anonymous_15)
FN:348,(anonymous_16)
FN:349,(anonymous_17)
FN:351,(anonymous_18)
FN:355,(anonymous_19)
FNF:20
FNH:18
FNDA:31,(anonymous_0)
FNDA:3164,(anonymous_1)
FNDA:1,(anonymous_2)
FNDA:0,(anonymous_3)
FNDA:1,(anonymous_4)
FNDA:63,useHighlight
FNDA:4305,(anonymous_6)
FNDA:66,(anonymous_7)
FNDA:63,(anonymous_8)
FNDA:3930,(anonymous_9)
FNDA:0,(anonymous_10)
FNDA:1,(anonymous_11)
FNDA:5,(anonymous_12)
FNDA:1,(anonymous_13)
FNDA:2,(anonymous_14)
FNDA:2,(anonymous_15)
FNDA:1,(anonymous_16)
FNDA:1,(anonymous_17)
FNDA:2,(anonymous_18)
FNDA:63,(anonymous_19)
DA:11,1
DA:13,1
DA:15,1
DA:17,1
DA:26,1
DA:27,31
DA:29,3164
DA:33,31
DA:46,1
DA:54,1
DA:61,1
DA:62,0
DA:63,0
DA:73,1
DA:74,1
DA:75,1
DA:76,1
DA:77,1
DA:83,1
DA:84,5
DA:85,5
DA:86,5
DA:87,11
DA:88,11
DA:89,0
DA:91,11
DA:92,11
DA:93,11
DA:98,11
DA:101,1
DA:111,1
DA:130,1
DA:133,63
DA:134,4305
DA:135,1852
DA:136,1852
DA:137,1
DA:139,1852
DA:140,1852
DA:141,0
DA:142,0
DA:144,0
DA:145,0
DA:146,0
DA:147,0
DA:153,0
DA:154,0
DA:155,0
DA:156,0
DA:157,0
DA:158,0
DA:160,0
DA:161,0
DA:166,0
DA:168,0
DA:169,0
DA:174,1852
DA:175,1782
DA:176,1790
DA:177,1790
DA:178,1741
DA:179,180
DA:181,1561
DA:182,1561
DA:183,1561
DA:184,0
DA:193,1561
DA:194,1561
DA:195,4
DA:196,4
DA:206,1561
DA:207,1561
DA:210,1790
DA:211,1746
DA:212,1746
DA:213,1746
DA:214,0
DA:223,1746
DA:227,1852
DA:232,76
DA:233,0
DA:235,76
DA:236,76
DA:237,0
DA:248,0
DA:249,76
DA:250,0
DA:261,0
DA:265,1852
DA:267,2453
DA:288,1
DA:289,66
DA:290,66
DA:291,66
DA:292,63
DA:296,3930
DA:297,1
DA:298,1
DA:299,0
DA:300,0
DA:303,0
DA:316,0
DA:319,3929
DA:323,1
DA:325,5
DA:328,63
DA:329,1
DA:330,1
DA:331,1
DA:332,1
DA:333,1
DA:334,1
DA:335,1
DA:336,1
DA:337,1
DA:341,0
DA:345,63
DA:346,2
DA:347,2
DA:348,2
DA:349,2
DA:350,2
DA:351,2
DA:355,66
DA:356,63
DA:357,63
DA:359,66
LF:127
LH:95
BRDA:29,0,0,3164
BRDA:29,0,1,1696
BRDA:88,1,0,0
BRDA:88,1,1,11
BRDA:134,2,0,1852
BRDA:134,2,1,2453
BRDA:134,3,0,4305
BRDA:134,3,1,2281
BRDA:135,4,0,1852
BRDA:135,4,1,1852
BRDA:136,5,0,1
BRDA:136,5,1,1851
BRDA:137,6,0,1
BRDA:137,6,1,1
BRDA:140,7,0,0
BRDA:140,7,1,1852
BRDA:141,8,0,0
BRDA:141,8,1,0
BRDA:141,9,0,0
BRDA:141,9,1,0
BRDA:145,10,0,0
BRDA:145,10,1,0
BRDA:157,11,0,0
BRDA:157,11,1,0
BRDA:174,12,0,1782
BRDA:174,12,1,70
BRDA:177,13,0,1741
BRDA:177,13,1,49
BRDA:177,14,0,1790
BRDA:177,14,1,1748
BRDA:178,15,0,180
BRDA:178,15,1,1561
BRDA:178,16,0,1741
BRDA:178,16,1,180
BRDA:195,17,0,0
BRDA:195,17,1,4
BRDA:210,18,0,1746
BRDA:210,18,1,44
BRDA:210,19,0,1790
BRDA:210,19,1,1748
BRDA:210,19,2,1746
BRDA:210,19,3,1746
BRDA:227,20,0,76
BRDA:227,20,1,1776
BRDA:228,21,0,1852
BRDA:228,21,1,87
BRDA:228,21,2,83
BRDA:232,22,0,0
BRDA:232,22,1,76
BRDA:232,23,0,76
BRDA:232,23,1,0
BRDA:236,24,0,0
BRDA:236,24,1,76
BRDA:249,25,0,0
BRDA:249,25,1,76
BRDA:296,26,0,1
BRDA:296,26,1,3929
BRDA:296,27,0,3930
BRDA:296,27,1,2091
BRDA:298,28,0,1
BRDA:298,28,1,0
BRDA:299,29,0,0
BRDA:299,29,1,0
BRDA:329,30,0,0
BRDA:329,30,1,1
BRDA:330,31,0,1
BRDA:330,31,1,0
BRDA:331,32,0,0
BRDA:331,32,1,1
BRDA:334,33,0,1
BRDA:334,33,1,0
BRDA:335,34,0,1
BRDA:335,34,1,0
BRDA:345,35,0,2
BRDA:345,35,1,61
BRDA:356,36,0,0
BRDA:356,36,1,63
BRF:77
BRH:53
end_of_record
TN:
SF:src\MarkdownEditor\editor\plugins\useKeyboard.ts
FN:13,(anonymous_0)
FN:14,(anonymous_1)
FN:19,(anonymous_2)
FN:65,(anonymous_3)
FN:79,(anonymous_4)
FN:88,(anonymous_5)
FN:90,(anonymous_6)
FN:111,(anonymous_7)
FN:112,(anonymous_8)
FNF:9
FNH:2
FNDA:62,(anonymous_0)
FNDA:31,(anonymous_1)
FNDA:0,(anonymous_2)
FNDA:0,(anonymous_3)
FNDA:0,(anonymous_4)
FNDA:0,(anonymous_5)
FNDA:0,(anonymous_6)
FNDA:0,(anonymous_7)
FNDA:0,(anonymous_8)
DA:13,1
DA:14,62
DA:15,31
DA:16,31
DA:17,31
DA:18,31
DA:19,31
DA:20,0
DA:24,0
DA:25,0
DA:27,0
DA:28,0
DA:30,0
DA:31,0
DA:32,0
DA:34,0
DA:35,0
DA:36,0
DA:38,0
DA:39,0
DA:40,0
DA:41,0
DA:42,0
DA:45,0
DA:48,0
DA:49,0
DA:51,0
DA:52,0
DA:54,0
DA:56,0
DA:57,0
DA:58,0
DA:60,0
DA:61,0
DA:62,0
DA:64,0
DA:65,0
DA:68,0
DA:69,0
DA:70,0
DA:71,0
DA:72,0
DA:73,0
DA:80,0
DA:85,0
DA:86,0
DA:88,0
DA:89,0
DA:90,0
DA:93,0
DA:99,0
DA:100,0
DA:101,0
DA:103,0
DA:104,0
DA:111,0
DA:112,0
DA:113,0
LF:58
LH:7
BRDA:20,0,0,0
BRDA:20,0,1,0
BRDA:21,1,0,0
BRDA:21,1,1,0
BRDA:21,1,2,0
BRDA:27,2,0,0
BRDA:27,2,1,0
BRDA:27,3,0,0
BRDA:27,3,1,0
BRDA:30,4,0,0
BRDA:30,4,1,0
BRDA:34,5,0,0
BRDA:34,5,1,0
BRDA:38,6,0,0
BRDA:38,6,1,0
BRDA:38,7,0,0
BRDA:38,7,1,0
BRDA:39,8,0,0
BRDA:39,8,1,0
BRDA:40,9,0,0
BRDA:40,9,1,0
BRDA:45,10,0,0
BRDA:45,10,1,0
BRDA:48,11,0,0
BRDA:48,11,1,0
BRDA:51,12,0,0
BRDA:51,12,1,0
BRDA:51,13,0,0
BRDA:51,13,1,0
BRDA:56,14,0,0
BRDA:56,14,1,0
BRDA:57,15,0,0
BRDA:57,15,1,0
BRDA:60,16,0,0
BRDA:60,16,1,0
BRDA:61,17,0,0
BRDA:61,17,1,0
BRDA:68,18,0,0
BRDA:68,18,1,0
BRDA:69,19,0,0
BRDA:69,19,1,0
BRDA:70,20,0,0
BRDA:70,20,1,0
BRDA:71,21,0,0
BRDA:71,21,1,0
BRDA:71,22,0,0
BRDA:71,22,1,0
BRDA:90,23,0,0
BRDA:90,23,1,0
BRDA:93,24,0,0
BRDA:93,24,1,0
BRDA:94,25,0,0
BRDA:94,25,1,0
BRDA:94,25,2,0
BRDA:94,25,3,0
BRDA:94,25,4,0
BRDA:99,26,0,0
BRDA:99,26,1,0
BRDA:101,27,0,0
BRDA:101,27,1,0
BRDA:104,28,0,0
BRDA:104,28,1,0
BRDA:105,29,0,0
BRDA:105,29,1,0
BRDA:107,30,0,0
BRDA:107,30,1,0
BRF:66
BRH:0
end_of_record
TN:
SF:src\MarkdownEditor\editor\plugins\useOnchange.ts
FN:33,useOnchange
FN:39,(anonymous_1)
FN:40,(anonymous_2)
FN:46,(anonymous_3)
FN:49,(anonymous_4)
FN:56,(anonymous_5)
FN:58,(anonymous_6)
FN:74,(anonymous_7)
FN:79,(anonymous_8)
FN:85,(anonymous_9)
FN:94,(anonymous_10)
FN:99,(anonymous_11)
FNF:12
FNH:2
FNDA:62,useOnchange
FNDA:31,(anonymous_1)
FNDA:0,(anonymous_2)
FNDA:0,(anonymous_3)
FNDA:0,(anonymous_4)
FNDA:0,(anonymous_5)
FNDA:0,(anonymous_6)
FNDA:0,(anonymous_7)
FNDA:0,(anonymous_8)
FNDA:0,(anonymous_9)
FNDA:0,(anonymous_10)
FNDA:0,(anonymous_11)
DA:18,2
DA:22,2
DA:38,62
DA:39,62
DA:40,31
DA:41,0
DA:42,0
DA:44,0
DA:45,0
DA:46,0
DA:49,0
DA:50,0
DA:56,0
DA:57,0
DA:58,0
DA:59,0
DA:65,0
DA:71,0
DA:72,0
DA:73,0
DA:74,0
DA:76,0
DA:77,0
DA:78,0
DA:79,0
DA:80,0
DA:83,0
DA:84,0
DA:85,0
DA:88,0
DA:89,0
DA:91,0
DA:93,0
DA:94,0
DA:95,0
DA:96,0
DA:98,0
DA:99,0
DA:100,0
DA:101,0
DA:105,0
DA:106,0
DA:107,0
DA:108,0
LF:44
LH:5
BRDA:41,0,0,0
BRDA:41,0,1,0
BRDA:57,1,0,0
BRDA:57,1,1,0
BRDA:65,2,0,0
BRDA:65,2,1,0
BRDA:66,3,0,0
BRDA:66,3,1,0
BRDA:66,3,2,0
BRDA:66,3,3,0
BRDA:76,4,0,0
BRDA:76,4,1,0
BRDA:78,5,0,0
BRDA:78,5,1,0
BRDA:83,6,0,0
BRDA:83,6,1,0
BRDA:88,7,0,0
BRDA:88,7,1,0
BRDA:88,8,0,0
BRDA:88,8,1,0
BRDA:93,9,0,0
BRDA:93,9,1,0
BRDA:93,10,0,0
BRDA:93,10,1,0
BRDA:98,11,0,0
BRDA:98,11,1,0
BRDA:105,12,0,0
BRDA:105,12,1,0
BRDA:105,13,0,0
BRDA:105,13,1,0
BRDA:107,14,0,0
BRDA:107,14,1,0
BRF:32
BRH:0
end_of_record
TN:
SF:src\MarkdownEditor\editor\plugins\hotKeyCommands\arrow.ts
FN:8,(anonymous_0)
FN:17,(anonymous_1)
FN:78,(anonymous_2)
FN:125,(anonymous_3)
FN:172,(anonymous_4)
FNF:5
FNH:0
FNDA:0,(anonymous_0)
FNDA:0,(anonymous_1)
FNDA:0,(anonymous_2)
FNDA:0,(anonymous_3)
FNDA:0,(anonymous_4)
DA:8,1
DA:12,0
DA:13,0
DA:14,0
DA:15,0
DA:16,0
DA:17,0
DA:19,0
DA:20,0
DA:21,0
DA:22,0
DA:23,0
DA:28,0
DA:33,0
DA:36,0
DA:37,0
DA:38,0
DA:39,0
DA:40,0
DA:41,0
DA:42,0
DA:43,0
DA:44,0
DA:49,0
DA:50,0
DA:51,0
DA:53,0
DA:58,0
DA:59,0
DA:65,0
DA:68,0
DA:70,0
DA:71,0
DA:72,0
DA:73,0
DA:74,0
DA:75,0
DA:76,0
DA:77,0
DA:78,0
DA:80,0
DA:81,0
DA:82,0
DA:84,0
DA:86,0
DA:91,0
DA:92,0
DA:97,0
DA:99,0
DA:100,0
DA:105,0
DA:106,0
DA:112,0
DA:116,0
DA:121,0
DA:123,0
DA:124,0
DA:125,0
DA:128,0
DA:129,0
DA:130,0
DA:131,0
DA:132,0
DA:133,0
DA:134,0
DA:136,0
DA:137,0
DA:138,0
DA:139,0
DA:140,0
DA:146,0
DA:147,0
DA:148,0
DA:149,0
DA:150,0
DA:151,0
DA:156,0
DA:157,0
DA:161,0
DA:164,0
DA:165,0
DA:166,0
DA:167,0
DA:170,0
DA:171,0
DA:172,0
DA:175,0
DA:176,0
DA:177,0
DA:178,0
DA:179,0
DA:180,0
DA:181,0
DA:183,0
DA:187,0
DA:188,0
DA:189,0
DA:190,0
DA:191,0
DA:197,0
DA:198,0
DA:205,0
DA:206,0
DA:207,0
DA:208,0
DA:209,0
DA:215,0
DA:216,0
DA:217,0
DA:218,0
DA:220,0
DA:221,0
DA:227,0
DA:228,0
DA:229,0
DA:230,0
DA:231,0
DA:234,0
DA:240,0
LF:119
LH:1
BRDA:14,0,0,0
BRDA:14,0,1,0
BRDA:14,1,0,0
BRDA:14,1,1,0
BRDA:15,2,0,0
BRDA:15,2,1,0
BRDA:19,3,0,0
BRDA:19,3,1,0
BRDA:20,4,0,0
BRDA:20,4,1,0
BRDA:22,5,0,0
BRDA:22,5,1,0
BRDA:25,6,0,0
BRDA:25,6,1,0
BRDA:36,7,0,0
BRDA:36,7,1,0
BRDA:44,8,0,0
BRDA:44,8,1,0
BRDA:45,9,0,0
BRDA:45,9,1,0
BRDA:45,9,2,0
BRDA:45,9,3,0
BRDA:50,10,0,0
BRDA:50,10,1,0
BRDA:50,11,0,0
BRDA:50,11,1,0
BRDA:53,12,0,0
BRDA:53,12,1,0
BRDA:54,13,0,0
BRDA:54,13,1,0
BRDA:54,13,2,0
BRDA:58,14,0,0
BRDA:58,14,1,0
BRDA:70,15,0,0
BRDA:70,15,1,0
BRDA:73,16,0,0
BRDA:73,16,1,0
BRDA:78,17,0,0
BRDA:78,17,1,0
BRDA:80,18,0,0
BRDA:80,18,1,0
BRDA:81,19,0,0
BRDA:81,19,1,0
BRDA:81,20,0,0
BRDA:81,20,1,0
BRDA:86,21,0,0
BRDA:86,21,1,0
BRDA:87,22,0,0
BRDA:87,22,1,0
BRDA:87,22,2,0
BRDA:92,23,0,0
BRDA:92,23,1,0
BRDA:93,24,0,0
BRDA:93,24,1,0
BRDA:93,24,2,0
BRDA:100,25,0,0
BRDA:100,25,1,0
BRDA:101,26,0,0
[...]
BRDA:365,43,0,0
BRDA:365,43,1,0
BRDA:372,44,0,0
BRDA:372,44,1,0
BRDA:376,45,0,0
BRDA:376,45,1,0
BRDA:380,46,0,0
BRDA:380,46,1,0
BRDA:392,47,0,0
BRDA:392,47,1,0
BRDA:403,48,0,0
BRDA:403,48,1,0
BRDA:406,49,0,0
BRDA:406,49,1,0
BRDA:407,50,0,0
BRDA:407,50,1,0
BRDA:408,51,0,0
BRDA:408,51,1,0
BRDA:408,52,0,0
BRDA:408,52,1,0
BRDA:408,52,2,0
BRDA:435,53,0,0
BRDA:435,53,1,0
BRDA:456,54,0,0
BRDA:456,54,1,4
BRDA:458,55,0,0
BRDA:458,55,1,4
BRDA:465,56,0,0
BRDA:465,56,1,8
BRDA:478,57,0,0
BRDA:478,57,1,8
BRDA:480,58,0,0
BRDA:480,58,1,8
BRDA:494,59,0,0
BRDA:494,59,1,16
BRDA:494,60,0,16
BRDA:494,60,1,16
BRF:133
BRH:21
end_of_record
TN:
SF:src\MarkdownEditor\editor\utils\highlight.ts
FN:14,(anonymous_0)
FNF:1
FNH:1
FNDA:31,(anonymous_0)
DA:8,1
DA:9,1
DA:10,1
DA:11,1
DA:12,1
DA:14,1
DA:15,31
LF:7
LH:7
BRDA:14,0,0,31
BRDA:17,1,0,0
BRDA:17,1,1,31
BRF:3
BRH:2
end_of_record
TN:
SF:src\MarkdownEditor\editor\utils\index.ts
FN:15,(anonymous_0)
FN:22,(anonymous_1)
FN:24,(anonymous_2)
FN:30,base64ToArrayBuffer
FN:39,(anonymous_4)
FN:46,toArrayBuffer
FN:55,(anonymous_6)
FN:60,(anonymous_7)
FN:76,(anonymous_8)
FN:86,(anonymous_9)
FN:96,isMarkdown
FNF:11
FNH:0
FNDA:0,(anonymous_0)
FNDA:0,(anonymous_1)
FNDA:0,(anonymous_2)
FNDA:0,base64ToArrayBuffer
FNDA:0,(anonymous_4)
FNDA:0,toArrayBuffer
FNDA:0,(anonymous_6)
FNDA:0,(anonymous_7)
FNDA:0,(anonymous_8)
FNDA:0,(anonymous_9)
FNDA:0,isMarkdown
DA:7,2
DA:12,2
DA:13,2
DA:14,2
DA:15,2
DA:16,0
DA:17,0
DA:18,0
DA:19,0
DA:22,2
DA:24,2
DA:27,0
DA:31,0
DA:32,0
DA:33,0
DA:34,0
DA:36,0
DA:39,2
DA:40,0
DA:41,0
DA:43,0
DA:47,0
DA:48,0
DA:49,0
DA:50,0
DA:52,0
DA:55,2
DA:56,0
DA:57,0
DA:58,0
DA:59,0
DA:60,0
DA:61,0
DA:62,0
DA:63,0
DA:64,0
DA:65,0
DA:66,0
DA:74,2
DA:76,2
DA:77,0
DA:85,0
DA:86,0
DA:88,0
DA:92,2
DA:94,2
DA:98,0
DA:114,0
DA:115,0
DA:116,0
DA:117,0
DA:118,0
DA:123,0
LF:53
LH:13
BRDA:16,0,0,0
BRDA:16,0,1,0
BRDA:17,1,0,0
BRDA:17,1,1,0
BRDA:18,2,0,0
BRDA:18,2,1,0
BRDA:27,3,0,0
BRDA:27,3,1,0
BRDA:39,4,0,0
BRDA:40,5,0,0
BRDA:40,5,1,0
BRDA:56,6,0,0
BRDA:56,6,1,0
BRDA:58,7,0,0
BRDA:58,7,1,0
BRDA:88,8,0,0
BRDA:88,8,1,0
BRDA:117,9,0,0
BRDA:117,9,1,0
BRF:19
BRH:0
end_of_record
TN:
SF:src\MarkdownEditor\editor\utils\keyboard.ts
FN:25,(anonymous_0)
FN:31,(anonymous_1)
FN:34,(anonymous_2)
FN:40,(anonymous_3)
FN:41,(anonymous_4)
FN:46,(anonymous_5)
FN:52,(anonymous_6)
FN:66,(anonymous_7)
FN:70,(anonymous_8)
FN:84,(anonymous_9)
FN:88,(anonymous_10)
FN:100,(anonymous_11)
FN:141,(anonymous_12)
FN:148,(anonymous_13)
FN:152,(anonymous_14)
FN:153,(anonymous_15)
FN:167,(anonymous_16)
FN:173,(anonymous_17)
FN:247,(anonymous_18)
FN:258,(anonymous_19)
FN:292,(anonymous_20)
FN:320,(anonymous_21)
FN:335,(anonymous_22)
FN:337,(anonymous_23)
FN:342,(anonymous_24)
FN:357,(anonymous_25)
FN:364,(anonymous_26)
FN:393,(anonymous_27)
FN:422,(anonymous_28)
FN:444,(anonymous_29)
FN:568,(anonymous_30)
FN:600,(anonymous_31)
FN:624,(anonymous_32)
FN:654,(anonymous_33)
FN:687,(anonymous_34)
FN:702,(anonymous_35)
FN:746,(anonymous_36)
FN:750,(anonymous_37)
FN:758,(anonymous_38)
FN:764,(anonymous_39)
FN:800,(anonymous_40)
FN:808,(anonymous_41)
FN:812,(anonymous_42)
FN:819,(anonymous_43)
FN:825,(anonymous_44)
FN:902,(anonymous_45)
FN:904,(anonymous_46)
FNF:47
FNH:5
FNDA:31,(anonymous_0)
FNDA:0,(anonymous_1)
FNDA:0,(anonymous_2)
FNDA:0,(anonymous_3)
FNDA:0,(anonymous_4)
FNDA:0,(anonymous_5)
FNDA:0,(anonymous_6)
FNDA:0,(anonymous_7)
FNDA:0,(anonymous_8)
FNDA:0,(anonymous_9)
FNDA:0,(anonymous_10)
FNDA:0,(anonymous_11)
FNDA:0,(anonymous_12)
FNDA:0,(anonymous_13)
FNDA:0,(anonymous_14)
FNDA:0,(anonymous_15)
FNDA:0,(anonymous_16)
FNDA:0,(anonymous_17)
FNDA:0,(anonymous_18)
FNDA:0,(anonymous_19)
FNDA:0,(anonymous_20)
FNDA:0,(anonymous_21)
FNDA:0,(anonymous_22)
FNDA:0,(anonymous_23)
FNDA:0,(anonymous_24)
FNDA:0,(anonymous_25)
FNDA:0,(anonymous_26)
FNDA:0,(anonymous_27)
FNDA:0,(anonymous_28)
FNDA:0,(anonymous_29)
FNDA:0,(anonymous_30)
FNDA:0,(anonymous_31)
FNDA:0,(anonymous_32)
FNDA:0,(anonymous_33)
FNDA:0,(anonymous_34)
FNDA:0,(anonymous_35)
FNDA:0,(anonymous_36)
FNDA:0,(anonymous_37)
FNDA:0,(anonymous_38)
FNDA:0,(anonymous_39)
FNDA:65,(anonymous_40)
FNDA:31,(anonymous_41)
FNDA:0,(anonymous_42)
FNDA:0,(anonymous_43)
FNDA:0,(anonymous_44)
FNDA:31,(anonymous_45)
FNDA:31,(anonymous_46)
DA:26,31
DA:27,31
DA:28,31
DA:32,0
DA:35,0
DA:41,0
DA:42,0
DA:43,0
DA:44,0
DA:45,0
DA:46,0
DA:53,0
DA:54,0
DA:55,0
DA:56,0
DA:57,0
DA:59,0
DA:67,0
DA:68,0
DA:70,0
DA:72,0
DA:77,0
DA:78,0
DA:79,0
DA:85,0
DA:86,0
DA:88,0
DA:90,0
DA:91,0
DA:95,0
DA:101,0
DA:102,0
DA:103,0
DA:104,0
DA:105,0
DA:106,0
DA:107,0
DA:108,0
DA:109,0
DA:110,0
DA:111,0
DA:112,0
DA:114,0
DA:115,0
DA:116,0
DA:117,0
DA:118,0
DA:120,0
DA:121,0
DA:122,0
DA:125,0
DA:126,0
DA:128,0
DA:132,0
DA:133,0
DA:137,0
DA:142,0
DA:143,0
DA:144,0
DA:145,0
DA:146,0
DA:149,0
DA:152,0
DA:153,0
DA:154,0
DA:157,0
DA:158,0
DA:160,0
DA:168,0
DA:169,0
DA:170,0
DA:171,0
DA:172,0
DA:173,0
DA:174,0
DA:175,0
DA:197,0
DA:199,0
DA:200,0
DA:223,0
DA:247,0
DA:248,0
DA:249,0
DA:251,0
DA:252,0
DA:253,0
DA:255,0
DA:258,0
DA:259,0
DA:261,0
DA:264,0
DA:265,0
DA:268,0
DA:269,0
DA:271,0
DA:272,0
DA:293,0
DA:294,0
DA:295,0
DA:296,0
DA:298,0
DA:303,0
DA:304,0
DA:308,0
DA:310,0
DA:314,0
DA:315,0
DA:317,0
DA:318,0
DA:319,0
DA:320,0
DA:323,0
DA:328,0
DA:335,0
DA:336,0
DA:337,0
DA:343,0
DA:344,0
DA:349,0
DA:358,0
DA:359,0
DA:360,0
DA:365,0
DA:366,0
DA:371,0
DA:372,0
DA:377,0
DA:378,0
DA:384,0
DA:394,0
DA:395,0
DA:400,0
DA:401,0
DA:406,0
DA:407,0
DA:413,0
DA:423,0
DA:424,0
DA:425,0
DA:426,0
DA:427,0
DA:429,0
DA:430,0
DA:438,0
DA:445,0
DA:446,0
DA:448,0
DA:451,0
DA:515,0
DA:516,0
DA:518,0
DA:521,0
DA:522,0
DA:569,0
DA:570,0
DA:571,0
DA:572,0
DA:573,0
DA:575,0
DA:596,0
DA:601,0
DA:602,0
DA:603,0
DA:613,0
DA:615,0
DA:617,0
DA:620,0
DA:621,0
DA:622,0
DA:623,0
DA:624,0
DA:630,0
DA:631,0
DA:632,0
DA:639,0
DA:650,0
DA:655,0
DA:656,0
DA:658,0
DA:661,0
DA:669,0
DA:670,0
DA:675,0
DA:688,0
DA:689,0
DA:690,0
DA:691,0
DA:692,0
DA:700,0
DA:702,0
DA:708,0
DA:713,0
DA:714,0
DA:721,0
DA:725,0
DA:726,0
DA:747,0
DA:751,0
DA:752,0
DA:759,0
DA:760,0
DA:765,0
DA:766,0
DA:771,2
DA:800,2
DA:808,65
DA:809,31
DA:812,65
DA:814,0
DA:818,65
DA:820,0
DA:822,0
DA:823,0
DA:826,0
DA:828,0
DA:829,0
DA:831,0
DA:832,0
DA:835,0
DA:836,0
DA:837,0
DA:838,0
DA:841,0
DA:842,0
DA:843,0
DA:844,0
DA:845,0
DA:846,0
DA:851,0
DA:852,0
DA:853,0
DA:854,0
DA:855,0
DA:856,0
DA:857,0
DA:861,0
DA:864,0
DA:865,0
DA:866,0
DA:867,0
DA:868,0
DA:869,0
DA:877,0
DA:885,0
DA:888,0
DA:889,0
DA:890,0
DA:891,0
DA:892,0
DA:894,0
DA:895,0
DA:902,65
DA:903,31
DA:904,31
DA:905,31
LF:255
LH:13
BRDA:45,0,0,0
BRDA:45,0,1,0
BRDA:54,1,0,0
BRDA:54,1,1,0
BRDA:56,2,0,0
BRDA:56,2,1,0
BRDA:67,3,0,0
BRDA:67,3,1,0
BRDA:77,4,0,0
BRDA:77,4,1,0
BRDA:78,5,0,0
BRDA:78,5,1,0
BRDA:78,6,0,0
BRDA:78,6,1,0
BRDA:85,7,0,0
BRDA:85,7,1,0
BRDA:91,8,0,0
BRDA:91,8,1,0
BRDA:92,9,0,0
BRDA:92,9,1,0
BRDA:102,10,0,0
BRDA:102,10,1,0
BRDA:102,11,0,0
BRDA:102,11,1,0
BRDA:103,12,0,0
BRDA:103,12,1,0
BRDA:109,13,0,0
BRDA:109,13,1,0
BRDA:112,14,0,0
BRDA:112,14,1,0
BRDA:115,15,0,0
BRDA:115,15,1,0
BRDA:118,16,0,0
BRDA:118,16,1,0
BRDA:121,17,0,0
BRDA:121,17,1,0
BRDA:122,18,0,0
BRDA:122,18,1,0
BRDA:125,19,0,0
BRDA:125,19,1,0
BRDA:125,20,0,0
BRDA:125,20,1,0
BRDA:125,20,2,0
BRDA:133,21,0,0
BRDA:133,21,1,0
BRDA:134,22,0,0
BRDA:134,22,1,0
BRDA:143,23,0,0
BRDA:143,23,1,0
BRDA:145,24,0,0
BRDA:145,24,1,0
BRDA:157,25,0,0
BRDA:157,25,1,0
BRDA:174,26,0,0
BRDA:174,26,1,0
BRDA:174,27,0,0
BRDA:174,27,1,0
BRDA:199,28,0,0
BRDA:199,28,1,0
BRDA:248,29,0,0
BRDA:248,29,1,0
BRDA:255,30,0,0
BRDA:255,30,1,0
BRDA:256,31,0,0
BRDA:256,31,1,0
BRDA:268,32,0,0
BRDA:268,32,1,0
BRDA:294,33,0,0
BRDA:294,33,1,0
BRDA:298,34,0,0
BRDA:298,34,1,0
BRDA:299,35,0,0
BRDA:299,35,1,0
BRDA:299,35,2,0
BRDA:310,36,0,0
BRDA:310,36,1,0
BRDA:311,37,0,0
BRDA:311,37,1,0
BRDA:317,38,0,0
BRDA:317,38,1,0
BRDA:318,39,0,0
BRDA:318,39,1,0
BRDA:344,40,0,0
BRDA:344,40,1,0
BRDA:345,41,0,0
BRDA:345,41,1,0
BRDA:345,41,2,0
BRDA:359,42,0,0
BRDA:359,42,1,0
BRDA:359,43,0,0
BRDA:359,43,1,0
BRDA:366,44,0,0
BRDA:366,44,1,0
BRDA:367,45,0,0
BRDA:367,45,1,0
BRDA:367,45,2,0
BRDA:371,46,0,0
BRDA:371,46,1,0
BRDA:377,47,0,0
BRDA:377,47,1,0
BRDA:395,48,0,0
BRDA:395,48,1,0
BRDA:396,49,0,0
BRDA:396,49,1,0
BRDA:396,49,2,0
BRDA:400,50,0,0
BRDA:400,50,1,0
BRDA:406,51,0,0
BRDA:406,51,1,0
BRDA:424,52,0,0
BRDA:424,52,1,0
BRDA:425,53,0,0
BRDA:425,53,1,0
BRDA:429,54,0,0
BRDA:429,54,1,0
BRDA:446,55,0,0
BRDA:446,55,1,0
BRDA:446,56,0,0
BRDA:446,56,1,0
BRDA:448,57,0,0
BRDA:448,57,1,0
BRDA:448,58,0,0
BRDA:448,58,1,0
BRDA:515,59,0,0
BRDA:515,59,1,0
BRDA:515,60,0,0
BRDA:515,60,1,0
BRDA:521,61,0,0
BRDA:521,61,1,0
BRDA:521,62,0,0
BRDA:521,62,1,0
BRDA:570,63,0,0
BRDA:570,63,1,0
BRDA:571,64,0,0
BRDA:571,64,1,0
BRDA:572,65,0,0
BRDA:572,65,1,0
BRDA:572,66,0,0
BRDA:572,66,1,0
BRDA:602,67,0,0
BRDA:602,67,1,0
BRDA:602,68,0,0
BRDA:602,68,1,0
BRDA:609,69,0,0
BRDA:609,69,1,0
BRDA:615,70,0,0
BRDA:615,70,1,0
BRDA:615,71,0,0
BRDA:615,71,1,0
BRDA:617,72,0,0
BRDA:617,72,1,0
BRDA:617,73,0,0
BRDA:617,73,1,0
BRDA:622,74,0,0
BRDA:622,74,1,0
BRDA:630,75,0,0
BRDA:630,75,1,0
BRDA:643,76,0,0
BRDA:643,76,1,0
BRDA:645,77,0,0
BRDA:645,77,1,0
BRDA:656,78,0,0
BRDA:656,78,1,0
BRDA:656,79,0,0
BRDA:656,79,1,0
BRDA:658,80,0,0
BRDA:658,80,1,0
BRDA:658,81,0,0
BRDA:658,81,1,0
BRDA:669,82,0,0
BRDA:669,82,1,0
BRDA:689,83,0,0
BRDA:689,83,1,0
BRDA:689,84,0,0
BRDA:689,84,1,0
BRDA:691,85,0,0
BRDA:691,85,1,0
BRDA:691,86,0,0
BRDA:691,86,1,0
BRDA:716,87,0,0
BRDA:716,87,1,0
BRDA:716,88,0,0
BRDA:716,88,1,0
BRDA:735,89,0,0
BRDA:735,89,1,0
BRDA:751,90,0,0
BRDA:751,90,1,0
BRDA:814,91,0,0
BRDA:814,91,1,0
BRDA:820,92,0,0
BRDA:820,92,1,0
BRDA:822,93,0,0
BRDA:822,93,1,0
BRDA:822,94,0,0
BRDA:822,94,1,0
BRDA:826,95,0,0
BRDA:826,95,1,0
BRDA:826,95,2,0
BRDA:828,96,0,0
BRDA:828,96,1,0
BRDA:831,97,0,0
BRDA:831,97,1,0
BRDA:833,98,0,0
BRDA:833,98,1,0
BRDA:836,99,0,0
BRDA:836,99,1,0
BRDA:841,100,0,0
BRDA:841,100,1,0
BRDA:844,101,0,0
BRDA:844,101,1,0
BRDA:851,102,0,0
BRDA:851,102,1,0
BRDA:852,103,0,0
BRDA:852,103,1,0
BRDA:854,104,0,0
BRDA:854,104,1,0
BRDA:864,105,0,0
BRDA:864,105,1,0
BRDA:864,106,0,0
BRDA:864,106,1,0
BRDA:866,107,0,0
BRDA:866,107,1,0
BRDA:868,108,0,0
BRDA:868,108,1,0
BRDA:889,109,0,0
BRDA:889,109,1,0
BRDA:892,110,0,0
BRDA:892,110,1,0
BRDA:892,111,0,0
BRDA:892,111,1,0
BRDA:894,112,0,0
BRDA:894,112,1,0
BRF:232
BRH:0
end_of_record
TN:
SF:src\MarkdownEditor\editor\utils\media.ts
FN:7,(anonymous_0)
FN:21,(anonymous_1)
FN:31,(anonymous_2)
FNF:3
FNH:0
FNDA:0,(anonymous_0)
FNDA:0,(anonymous_1)
FNDA:0,(anonymous_2)
DA:7,2
DA:8,0
DA:9,0
DA:10,0
DA:11,0
DA:12,0
DA:13,0
DA:14,0
DA:18,0
DA:19,0
DA:21,0
DA:22,0
DA:24,0
DA:25,0
DA:27,0
DA:31,2
DA:35,0
DA:36,0
DA:37,0
DA:38,0
DA:39,0
DA:40,0
DA:41,0
DA:42,0
DA:43,0
DA:44,0
DA:45,0
DA:53,0
DA:56,0
DA:57,0
DA:58,0
DA:59,0
DA:60,0
DA:70,0
DA:71,0
LF:35
LH:2
BRDA:8,0,0,0
BRDA:8,0,1,0
BRDA:11,1,0,0
BRDA:11,1,1,0
BRDA:18,2,0,0
BRDA:18,2,1,0
BRDA:24,3,0,0
BRDA:24,3,1,0
BRDA:36,4,0,0
BRDA:36,4,1,0
BRDA:40,5,0,0
BRDA:40,5,1,0
BRDA:41,6,0,0
BRDA:41,6,1,0
BRDA:43,7,0,0
BRDA:43,7,1,0
BRDA:56,8,0,0
BRDA:56,8,1,0
BRDA:58,9,0,0
BRDA:58,9,1,0
BRDA:70,10,0,0
BRDA:70,10,1,0
BRF:22
BRH:0
end_of_record
TN:
SF:src\MarkdownEditor\editor\utils\path.ts
FN:4,(anonymous_0)
FN:6,(anonymous_1)
FN:14,(anonymous_2)
FNF:3
FNH:0
FNDA:0,(anonymous_0)
FNDA:0,(anonymous_1)
FNDA:0,(anonymous_2)
DA:4,2
DA:6,2
DA:7,0
DA:8,0
DA:9,0
DA:11,0
DA:14,2
LF:7
LH:3
BRDA:4,0,0,0
BRDA:8,1,0,0
BRDA:8,1,1,0
BRDA:9,2,0,0
BRDA:9,2,1,0
BRF:5
BRH:0
end_of_record
TN:
SF:src\MarkdownEditor\editor\utils\schemaToMarkdown.ts
FN:37,(anonymous_0)
FN:53,(anonymous_1)
FN:122,(anonymous_2)
FN:174,(anonymous_3)
FN:203,(anonymous_4)
FN:211,(anonymous_5)
FN:227,(anonymous_6)
FN:296,(anonymous_7)
FN:298,(anonymous_8)
FN:318,(anonymous_9)
FN:343,(anonymous_10)
FN:372,(anonymous_11)
FN:378,(anonymous_12)
FN:399,(anonymous_13)
FN:416,(anonymous_14)
FN:440,(anonymous_15)
FN:440,(anonymous_16)
FN:469,(anonymous_17)
FNF:18
FNH:7
FNDA:30,(anonymous_0)
FNDA:0,(anonymous_1)
FNDA:0,(anonymous_2)
FNDA:18,(anonymous_3)
FNDA:0,(anonymous_4)
FNDA:0,(anonymous_5)
FNDA:0,(anonymous_6)
FNDA:17,(anonymous_7)
FNDA:17,(anonymous_8)
FNDA:0,(anonymous_9)
FNDA:21,(anonymous_10)
FNDA:21,(anonymous_11)
FNDA:63,(anonymous_12)
FNDA:0,(anonymous_13)
FNDA:0,(anonymous_14)
FNDA:0,(anonymous_15)
FNDA:0,(anonymous_16)
FNDA:0,(anonymous_17)
DA:10,3
DA:11,3
DA:37,3
DA:38,30
DA:39,30
DA:40,30
DA:42,9
DA:43,9
DA:45,0
DA:49,0
DA:51,0
DA:54,0
DA:57,0
DA:58,0
DA:59,0
DA:60,0
DA:62,0
DA:66,0
DA:68,0
DA:71,0
DA:73,0
DA:74,0
DA:76,0
DA:77,0
DA:78,0
DA:79,0
DA:80,0
DA:83,0
DA:84,0
DA:89,0
DA:90,0
DA:91,0
DA:92,0
DA:93,0
DA:97,0
DA:100,0
DA:103,0
DA:105,0
DA:106,0
DA:108,0
DA:109,0
DA:111,0
DA:112,0
DA:114,0
DA:115,0
DA:117,0
DA:118,0
DA:120,0
DA:121,0
DA:122,0
DA:123,0
DA:124,0
DA:125,0
DA:127,0
DA:129,0
DA:146,0
DA:148,0
DA:149,0
DA:151,0
DA:152,0
DA:154,0
DA:155,0
DA:157,0
DA:158,0
DA:160,21
DA:161,21
DA:163,30
DA:174,3
DA:179,18
DA:180,18
DA:181,30
DA:182,30
DA:183,0
DA:186,0
DA:187,0
DA:188,0
DA:189,0
DA:190,0
DA:191,0
DA:192,0
DA:193,0
DA:195,0
DA:197,30
DA:198,30
DA:199,0
DA:200,0
DA:203,0
DA:204,0
DA:205,0
DA:206,0
DA:207,0
DA:208,0
DA:209,0
DA:210,0
DA:211,0
DA:212,0
DA:213,0
DA:214,0
DA:215,0
DA:222,0
DA:223,0
DA:225,0
DA:226,0
DA:228,0
DA:229,0
DA:231,0
DA:235,0
DA:237,0
DA:238,0
DA:241,0
DA:246,0
DA:247,0
DA:249,0
DA:256,0
DA:257,0
DA:258,0
DA:262,30
DA:263,0
DA:264,0
DA:265,0
DA:266,0
DA:267,0
DA:270,30
DA:275,0
DA:276,0
DA:278,0
DA:284,30
DA:285,30
DA:286,0
DA:287,0
DA:288,0
DA:293,18
DA:296,3
DA:297,17
DA:299,17
DA:318,3
DA:319,0
DA:320,0
DA:321,0
DA:322,0
DA:323,0
DA:324,0
DA:325,0
DA:326,0
DA:343,3
DA:344,21
DA:345,21
DA:346,21
DA:347,21
DA:348,21
DA:349,0
DA:350,0
DA:351,0
DA:353,21
DA:354,21
DA:355,21
DA:356,21
DA:357,21
DA:372,3
DA:373,21
DA:374,21
DA:375,0
DA:376,21
DA:378,63
DA:379,21
DA:380,21
DA:381,4
DA:382,17
DA:383,0
DA:384,0
DA:385,0
DA:388,21
DA:399,3
DA:404,0
DA:405,0
DA:406,0
DA:407,0
DA:409,0
DA:410,0
DA:411,0
DA:412,0
DA:413,0
DA:416,0
DA:417,0
DA:419,0
DA:420,0
DA:421,0
DA:422,0
DA:423,0
DA:424,0
DA:428,0
DA:429,0
DA:431,0
DA:434,0
DA:435,0
DA:437,0
DA:438,0
DA:440,0
DA:443,0
DA:444,0
DA:445,0
DA:446,0
DA:447,0
DA:448,0
DA:449,0
DA:450,0
DA:451,0
DA:452,0
DA:453,0
DA:454,0
DA:455,0
DA:456,0
DA:457,0
DA:459,0
DA:462,0
DA:463,0
DA:465,0
DA:466,0
DA:467,0
DA:468,0
DA:470,0
DA:475,0
DA:476,0
DA:478,0
DA:479,0
DA:481,0
DA:482,0
DA:484,0
DA:485,0
DA:487,0
DA:492,0
LF:231
LH:49
BRDA:37,0,0,0
BRDA:40,1,0,9
BRDA:40,1,1,0
BRDA:40,1,2,0
BRDA:40,1,3,0
BRDA:40,1,4,0
BRDA:40,1,5,0
BRDA:40,1,6,0
BRDA:40,1,7,0
BRDA:40,1,8,0
BRDA:40,1,9,0
BRDA:40,1,10,0
BRDA:40,1,11,0
BRDA:40,1,12,0
BRDA:40,1,13,0
BRDA:40,1,14,0
BRDA:40,1,15,0
BRDA:40,1,16,21
BRDA:54,2,0,0
BRDA:54,2,1,0
BRDA:57,3,0,0
BRDA:57,3,1,0
BRDA:57,4,0,0
BRDA:57,4,1,0
BRDA:59,5,0,0
BRDA:59,5,1,0
BRDA:63,6,0,0
BRDA:63,6,1,0
BRDA:64,7,0,0
BRDA:64,7,1,0
BRDA:78,8,0,0
BRDA:78,8,1,0
BRDA:79,9,0,0
BRDA:79,9,1,0
BRDA:81,10,0,0
BRDA:81,10,1,0
BRDA:83,11,0,0
BRDA:83,11,1,0
BRDA:85,12,0,0
BRDA:85,12,1,0
BRDA:86,13,0,0
BRDA:86,13,1,0
BRDA:89,14,0,0
BRDA:89,14,1,0
BRDA:91,15,0,0
BRDA:91,15,1,0
BRDA:92,16,0,0
BRDA:92,16,1,0
BRDA:94,17,0,0
BRDA:94,17,1,0
BRDA:97,18,0,0
BRDA:97,18,1,0
BRDA:123,19,0,0
BRDA:123,19,1,0
BRDA:160,20,0,21
BRDA:160,20,1,0
BRDA:176,21,0,9
BRDA:177,22,0,9
BRDA:182,23,0,0
BRDA:182,23,1,30
BRDA:188,24,0,0
BRDA:188,24,1,0
BRDA:191,25,0,0
BRDA:191,25,1,0
BRDA:191,25,2,0
BRDA:192,26,0,0
BRDA:192,26,1,0
BRDA:193,27,0,0
BRDA:193,27,1,0
BRDA:198,28,0,0
BRDA:198,28,1,30
BRDA:200,29,0,0
BRDA:200,29,1,0
BRDA:204,30,0,0
BRDA:204,30,1,0
BRDA:205,31,0,0
BRDA:205,31,1,0
BRDA:207,32,0,0
BRDA:207,32,1,0
BRDA:208,33,0,0
BRDA:208,33,1,0
BRDA:209,34,0,0
BRDA:209,34,1,0
BRDA:210,35,0,0
BRDA:210,35,1,0
BRDA:210,36,0,0
BRDA:210,36,1,0
BRDA:213,37,0,0
BRDA:213,37,1,0
BRDA:215,38,0,0
BRDA:215,38,1,0
BRDA:216,39,0,0
BRDA:216,39,1,0
BRDA:225,40,0,0
BRDA:225,40,1,0
BRDA:228,41,0,0
BRDA:228,41,1,0
BRDA:237,42,0,0
BRDA:237,42,1,0
BRDA:241,43,0,0
BRDA:241,43,1,0
BRDA:242,44,0,0
BRDA:242,44,1,0
BRDA:242,44,2,0
BRDA:246,45,0,0
BRDA:246,45,1,0
BRDA:257,46,0,0
BRDA:257,46,1,0
BRDA:262,47,0,0
BRDA:262,47,1,30
BRDA:264,48,0,0
BRDA:264,48,1,0
BRDA:264,49,0,0
BRDA:264,49,1,0
BRDA:266,50,0,0
BRDA:266,50,1,0
BRDA:270,51,0,0
BRDA:270,51,1,30
BRDA:271,52,0,30
BRDA:271,52,1,9
BRDA:271,52,2,0
BRDA:275,53,0,0
BRDA:275,53,1,0
BRDA:285,54,0,0
BRDA:285,54,1,30
BRDA:285,55,0,30
BRDA:285,55,1,9
BRDA:285,55,2,9
BRDA:287,56,0,0
BRDA:287,56,1,0
BRDA:319,57,0,0
BRDA:319,57,1,0
BRDA:320,58,0,0
BRDA:320,58,1,0
BRDA:321,59,0,0
BRDA:321,59,1,0
BRDA:322,60,0,0
BRDA:322,60,1,0
BRDA:323,61,0,0
BRDA:323,61,1,0
BRDA:324,62,0,0
BRDA:324,62,1,0
BRDA:325,63,0,0
BRDA:325,63,1,0
BRDA:344,64,0,0
BRDA:344,64,1,21
BRDA:348,65,0,0
BRDA:348,65,1,21
BRDA:348,66,0,21
BRDA:348,66,1,21
BRDA:348,66,2,21
BRDA:348,66,3,21
BRDA:349,67,0,0
BRDA:349,67,1,0
BRDA:350,68,0,0
BRDA:350,68,1,0
BRDA:353,69,0,0
BRDA:353,69,1,21
BRDA:354,70,0,0
BRDA:354,70,1,21
BRDA:355,71,0,0
BRDA:355,71,1,21
BRDA:356,72,0,0
BRDA:356,72,1,21
BRDA:373,73,0,0
BRDA:373,73,1,21
BRDA:374,74,0,0
BRDA:374,74,1,21
BRDA:374,75,0,21
BRDA:374,75,1,21
BRDA:374,75,2,0
BRDA:374,75,3,0
BRDA:374,75,4,0
BRDA:380,76,0,4
BRDA:380,76,1,17
BRDA:382,77,0,0
BRDA:382,77,1,17
BRDA:382,78,0,17
BRDA:382,78,1,0
BRDA:384,79,0,0
BRDA:384,79,1,0
BRDA:384,80,0,0
BRDA:384,80,1,0
BRDA:384,80,2,0
BRDA:401,81,0,0
BRDA:406,82,0,0
BRDA:406,82,1,0
BRDA:406,83,0,0
BRDA:406,83,1,0
BRDA:409,84,0,0
BRDA:409,84,1,0
BRDA:412,85,0,0
BRDA:412,85,1,0
BRDA:413,86,0,0
BRDA:413,86,1,0
BRDA:421,87,0,0
BRDA:421,87,1,0
BRDA:423,88,0,0
BRDA:423,88,1,0
BRDA:428,89,0,0
BRDA:428,89,1,0
BRDA:448,90,0,0
BRDA:448,90,1,0
BRDA:449,91,0,0
BRDA:449,91,1,0
BRDA:450,92,0,0
BRDA:450,92,1,0
BRDA:452,93,0,0
BRDA:452,93,1,0
BRDA:455,94,0,0
BRDA:455,94,1,0
BRDA:457,95,0,0
BRDA:457,95,1,0
BRDA:466,96,0,0
BRDA:466,96,1,0
BRDA:466,97,0,0
BRDA:466,97,1,0
BRDA:467,98,0,0
BRDA:467,98,1,0
BRDA:470,99,0,0
BRDA:470,99,1,0
BRDA:471,100,0,0
BRDA:471,100,1,0
BRDA:476,101,0,0
BRDA:476,101,1,0
BRDA:476,101,2,0
BRF:226
BRH:33
end_of_record
TN:
SF:src\MarkdownEditor\editor\utils\useLocalState.ts
FN:16,(anonymous_0)
FN:20,(anonymous_1)
FN:24,(anonymous_2)
FNF:3
FNH:3
FNDA:68,(anonymous_0)
FNDA:34,(anonymous_1)
FNDA:34,(anonymous_2)
DA:16,2
DA:20,68
DA:21,34
DA:23,68
DA:25,34
DA:27,0
DA:29,34
DA:31,52
DA:37,68
LF:9
LH:8
BRDA:21,0,0,0
BRDA:21,0,1,34
BRDA:25,1,0,0
BRDA:25,1,1,34
BRF:4
BRH:2
end_of_record
TN:
SF:src\MarkdownEditor\editor\utils\useStyle\index.tsx
FN:41,(anonymous_0)
FN:61,useEditorStyleRegister
FN:87,(anonymous_2)
FNF:3
FNH:3
FNDA:22,(anonymous_0)
FNDA:234,useEditorStyleRegister
FNDA:41,(anonymous_2)
DA:41,2
DA:43,22
DA:65,234
DA:66,234
DA:72,234
DA:74,234
DA:75,234
DA:77,234
DA:79,234
DA:87,41
LF:10
LH:10
BRF:0
BRH:0
end_of_record
TN:
SF:src\MarkdownEditor\hooks\editor.ts
FN:33,(anonymous_0)
FN:37,(anonymous_1)
FN:46,(anonymous_2)
FN:91,(anonymous_3)
FN:101,(anonymous_4)
FNF:5
FNH:3
FNDA:31,(anonymous_0)
FNDA:6,(anonymous_1)
FNDA:0,(anonymous_2)
FNDA:2042,(anonymous_3)
FNDA:0,(anonymous_4)
DA:33,2
DA:34,31
DA:36,31
DA:38,6
DA:45,31
DA:47,0
DA:48,0
DA:49,0
DA:50,0
DA:54,0
DA:55,0
DA:56,0
DA:63,0
DA:69,31
DA:91,2
DA:92,2042
DA:93,2042
DA:94,2042
DA:99,2042
DA:102,0
DA:103,0
DA:104,0
DA:109,0
DA:116,2042
LF:24
LH:12
BRDA:39,0,0,6
BRDA:39,0,1,6
BRDA:48,1,0,0
BRDA:48,1,1,0
BRDA:50,2,0,0
BRDA:50,2,1,0
BRDA:51,3,0,0
BRDA:51,3,1,0
BRDA:95,4,0,2042
BRDA:95,4,1,2042
BRDA:103,5,0,0
BRDA:103,5,1,0
BRDA:111,6,0,0
BRDA:111,6,1,0
BRF:14
BRH:4
end_of_record
TN:
SF:src\MarkdownEditor\hooks\subscribe.ts
FN:14,(anonymous_0)
FN:19,(anonymous_1)
FN:21,(anonymous_2)
FN:34,(anonymous_3)
FN:38,(anonymous_4)
FN:41,(anonymous_5)
FN:53,(anonymous_6)
FN:58,(anonymous_7)
FN:61,(anonymous_8)
FNF:9
FNH:3
FNDA:0,(anonymous_0)
FNDA:0,(anonymous_1)
FNDA:0,(anonymous_2)
FNDA:0,(anonymous_3)
FNDA:0,(anonymous_4)
FNDA:0,(anonymous_5)
FNDA:2119,(anonymous_6)
FNDA:1893,(anonymous_7)
FNDA:1893,(anonymous_8)
DA:14,2
DA:19,0
DA:20,0
DA:21,0
DA:34,2
DA:38,0
DA:40,0
DA:41,0
DA:53,2
DA:58,2119
DA:59,1893
DA:60,1893
DA:61,1893
LF:13
LH:7
BRDA:56,0,0,77
BRDA:59,1,0,0
BRDA:59,1,1,1893
BRF:3
BRH:2
end_of_record
